#-----------------------------------------------------------
# Vivado v2014.3.1 (64-bit)
# SW Build 1056140 on Thu Oct 30 17:03:40 MDT 2014
# IP Build 1028902 on Fri Sep 26 17:35:13 MDT 2014
# Start of session at: Sun May 22 19:53:30 2016
# Process ID: 5996
# Log file: C:/Users/nchikuma/Documents/NaruhiroChikuma/EASIROC/New_Firmware/project/vivado.log
# Journal file: C:/Users/nchikuma/Documents/NaruhiroChikuma/EASIROC/New_Firmware/project\vivado.jou
#-----------------------------------------------------------
start_gui
open_project C:/Users/nchikuma/Documents/NaruhiroChikuma/EASIROC/New_Firmware/project/project.xpr
Scanning sources...
Finished scanning sources
INFO: [IP_Flow 19-234] Refreshing IP repositories
INFO: [IP_Flow 19-1704] No user IP repositories specified
INFO: [IP_Flow 19-2313] Loaded Vivado IP repository 'C:/Xilinx/Vivado/2014.3.1/data/ip'.
open_project: Time (s): cpu = 00:00:25 ; elapsed = 00:00:10 . Memory (MB): peak = 715.363 ; gain = 155.539
reset_run synth_1
launch_runs impl_1 -to_step write_bitstream
[Sun May 22 19:54:02 2016] Launched synth_1...
Run output will be captured here: C:/Users/nchikuma/Documents/NaruhiroChikuma/EASIROC/New_Firmware/project/project.runs/synth_1/runme.log
[Sun May 22 19:54:02 2016] Launched impl_1...
Run output will be captured here: C:/Users/nchikuma/Documents/NaruhiroChikuma/EASIROC/New_Firmware/project/project.runs/impl_1/runme.log
exit
INFO: [Common 17-206] Exiting Vivado at Sun May 22 20:07:34 2016...
