Copyright 1986-2019 Xilinx, Inc. All Rights Reserved.
--------------------------------------------------------------------------------------
| Tool Version : Vivado v.2019.1 (win64) Build 2552052 Fri May 24 14:49:42 MDT 2019
| Date         : Fri Jul  3 04:36:27 2020
| Host         : ishiiPC11 running 64-bit major release  (build 9200)
| Command      : report_clock_utilization -file TopLevel_clock_utilization_routed.rpt
| Design       : TopLevel
| Device       : 7a100t-fgg676
| Speed File   : -2  PRODUCTION 1.23 2018-06-13
| Design State : Routed
--------------------------------------------------------------------------------------

Clock Utilization Report

Table of Contents
-----------------
1. Clock Primitive Utilization
2. Global Clock Resources
3. Global Clock Source Details
4. Local Clock Details
5. Clock Regions: Key Resource Utilization
6. Clock Regions : Global Clock Summary
7. Device Cell Placement Summary for Global Clock g0
8. Device Cell Placement Summary for Global Clock g1
9. Device Cell Placement Summary for Global Clock g2
10. Device Cell Placement Summary for Global Clock g3
11. Device Cell Placement Summary for Global Clock g4
12. Device Cell Placement Summary for Global Clock g5
13. Device Cell Placement Summary for Global Clock g6
14. Device Cell Placement Summary for Global Clock g7
15. Device Cell Placement Summary for Global Clock g8
16. Device Cell Placement Summary for Global Clock g9
17. Device Cell Placement Summary for Global Clock g10
18. Device Cell Placement Summary for Global Clock g11
19. Clock Region Cell Placement per Global Clock: Region X0Y0
20. Clock Region Cell Placement per Global Clock: Region X1Y0
21. Clock Region Cell Placement per Global Clock: Region X0Y1
22. Clock Region Cell Placement per Global Clock: Region X1Y1
23. Clock Region Cell Placement per Global Clock: Region X0Y2
24. Clock Region Cell Placement per Global Clock: Region X1Y2
25. Clock Region Cell Placement per Global Clock: Region X0Y3
26. Clock Region Cell Placement per Global Clock: Region X1Y3

1. Clock Primitive Utilization
------------------------------

+----------+------+-----------+-----+--------------+--------+
| Type     | Used | Available | LOC | Clock Region | Pblock |
+----------+------+-----------+-----+--------------+--------+
| BUFGCTRL |   12 |        32 |   0 |            0 |      0 |
| BUFH     |    0 |        96 |   0 |            0 |      0 |
| BUFIO    |    0 |        24 |   0 |            0 |      0 |
| BUFMR    |    0 |        12 |   0 |            0 |      0 |
| BUFR     |    0 |        24 |   0 |            0 |      0 |
| MMCM     |    2 |         6 |   0 |            0 |      0 |
| PLL      |    0 |         6 |   0 |            0 |      0 |
+----------+------+-----------+-----+--------------+--------+


2. Global Clock Resources
-------------------------

+-----------+-----------+-----------------+------------+----------------+--------------+-------------------+-------------+-----------------+--------------+--------------+-------------------------------------------+-----------------------------------------+
| Global Id | Source Id | Driver Type/Pin | Constraint | Site           | Clock Region | Load Clock Region | Clock Loads | Non-Clock Loads | Clock Period | Clock        | Driver Pin                                | Net                                     |
+-----------+-----------+-----------------+------------+----------------+--------------+-------------------+-------------+-----------------+--------------+--------------+-------------------------------------------+-----------------------------------------+
| g0        | src0      | BUFG/O          | None       | BUFGCTRL_X0Y26 | n/a          |                 8 |       18799 |               1 |        8.000 | CLK_125M     | ClockManager_0/MMCM_0/BUFG_CLK_125M/O     | ClockManager_0/MMCM_0/TdcClk            |
| g1        | src1      | BUFG/O          | None       | BUFGCTRL_X0Y24 | n/a          |                 6 |        4776 |               3 |       40.000 | CLK_25M      | ClockManager_0/MMCM_0/BUFG_CLK_25M/O      | ClockManager_0/MMCM_0/SCK_DAC_OBUF      |
| g2        | src0      | BUFG/O          | None       | BUFGCTRL_X0Y30 | n/a          |                 5 |        1559 |               0 |        4.000 | CLK_250M_0   | ClockManager_0/MMCM_0/BUFG_CLK_250M_0/O   | ClockManager_0/MMCM_0/TdcSamplingClk0   |
| g3        | src1      | BUFG/O          | None       | BUFGCTRL_X0Y23 | n/a          |                 4 |         357 |               0 |      166.667 | CLK_6M       | ClockManager_0/MMCM_0/BUFG_CLK_6M/O       | ClockManager_0/MMCM_0/Clk6M             |
| g4        | src0      | BUFG/O          | None       | BUFGCTRL_X0Y28 | n/a          |                 4 |         129 |               0 |        4.000 | CLK_250M_180 | ClockManager_0/MMCM_0/BUFG_CLK_250M_180/O | ClockManager_0/MMCM_0/TdcSamplingClk180 |
| g5        | src0      | BUFG/O          | None       | BUFGCTRL_X0Y27 | n/a          |                 4 |         129 |               0 |        4.000 | CLK_250M_270 | ClockManager_0/MMCM_0/BUFG_CLK_250M_270/O | ClockManager_0/MMCM_0/TdcSamplingClk270 |
| g6        | src0      | BUFG/O          | None       | BUFGCTRL_X0Y29 | n/a          |                 4 |         129 |               0 |        4.000 | CLK_250M_90  | ClockManager_0/MMCM_0/BUFG_CLK_250M_90/O  | ClockManager_0/MMCM_0/TdcSamplingClk90  |
| g7        | src1      | BUFG/O          | None       | BUFGCTRL_X0Y22 | n/a          |                 3 |          90 |               0 |       15.000 | CLK_66M      | ClockManager_0/MMCM_0/BUFG_CLK_66M/O      | ClockManager_0/MMCM_0/CLK               |
| g8        | src0      | BUFG/O          | None       | BUFGCTRL_X0Y25 | n/a          |                 3 |          85 |               1 |        2.000 | CLK_500M     | ClockManager_0/MMCM_0/BUFG_CLK_500M/O     | ClockManager_0/MMCM_0/FastClk           |
| g9        | src2      | BUFG/O          | None       | BUFGCTRL_X0Y4  | n/a          |                 3 |          33 |               1 |      333.333 | CLK_3M       | ClockManager_0/BUFG_AD9220_CLK/O          | ClockManager_0/Ad9220Clk                |
| g10       | src2      | BUFGCTRL/O      | None       | BUFGCTRL_X0Y3  | n/a          |                 2 |           0 |               4 |      333.333 | CLK_3M       | ClockManager_0/BUFG_AD9220_CLK_OUT/O      | ClockManager_0/EASIROC2_ADC_CLK_LG_OBUF |
| g11       | src0      | BUFG/O          | None       | BUFGCTRL_X0Y31 | n/a          |                 1 |           1 |               0 |       20.000 | ClkFbOut0    | ClockManager_0/MMCM_0/BUFG_CLK_FB_0/O     | ClockManager_0/MMCM_0/CLKFBIN           |
+-----------+-----------+-----------------+------------+----------------+--------------+-------------------+-------------+-----------------+--------------+--------------+-------------------------------------------+-----------------------------------------+
* Clock Loads column represents the clock pin loads (pin count)
** Non-Clock Loads column represents the non-clock pin loads (pin count)


3. Global Clock Source Details
------------------------------

+-----------+-----------+---------------------+------------+-----------------+--------------+-------------+-----------------+---------------------+--------------+---------------------------------------------+-----------------------------------+
| Source Id | Global Id | Driver Type/Pin     | Constraint | Site            | Clock Region | Clock Loads | Non-Clock Loads | Source Clock Period | Source Clock | Driver Pin                                  | Net                               |
+-----------+-----------+---------------------+------------+-----------------+--------------+-------------+-----------------+---------------------+--------------+---------------------------------------------+-----------------------------------+
| src0      | g0        | MMCME2_ADV/CLKOUT5  | None       | MMCME2_ADV_X0Y3 | X0Y3         |           1 |               0 |               8.000 | CLK_125M     | ClockManager_0/MMCM_0/MMCME2_ADV_0/CLKOUT5  | ClockManager_0/MMCM_0/Clk125M     |
| src0      | g2        | MMCME2_ADV/CLKOUT1  | None       | MMCME2_ADV_X0Y3 | X0Y3         |           1 |               0 |               4.000 | CLK_250M_0   | ClockManager_0/MMCM_0/MMCME2_ADV_0/CLKOUT1  | ClockManager_0/MMCM_0/Clk250M_0   |
| src0      | g4        | MMCME2_ADV/CLKOUT3  | None       | MMCME2_ADV_X0Y3 | X0Y3         |           1 |               0 |               4.000 | CLK_250M_180 | ClockManager_0/MMCM_0/MMCME2_ADV_0/CLKOUT3  | ClockManager_0/MMCM_0/Clk250M_180 |
| src0      | g5        | MMCME2_ADV/CLKOUT4  | None       | MMCME2_ADV_X0Y3 | X0Y3         |           1 |               0 |               4.000 | CLK_250M_270 | ClockManager_0/MMCM_0/MMCME2_ADV_0/CLKOUT4  | ClockManager_0/MMCM_0/Clk250M_270 |
| src0      | g6        | MMCME2_ADV/CLKOUT2  | None       | MMCME2_ADV_X0Y3 | X0Y3         |           1 |               0 |               4.000 | CLK_250M_90  | ClockManager_0/MMCM_0/MMCME2_ADV_0/CLKOUT2  | ClockManager_0/MMCM_0/Clk250M_90  |
| src0      | g8        | MMCME2_ADV/CLKOUT6  | None       | MMCME2_ADV_X0Y3 | X0Y3         |           1 |               0 |               2.000 | CLK_500M     | ClockManager_0/MMCM_0/MMCME2_ADV_0/CLKOUT6  | ClockManager_0/MMCM_0/Clk500M     |
| src0      | g11       | MMCME2_ADV/CLKFBOUT | None       | MMCME2_ADV_X0Y3 | X0Y3         |           1 |               0 |              20.000 | ClkFbOut0    | ClockManager_0/MMCM_0/MMCME2_ADV_0/CLKFBOUT | ClockManager_0/MMCM_0/ClkFbOut0   |
| src1      | g1        | MMCME2_ADV/CLKOUT0  | None       | MMCME2_ADV_X0Y2 | X0Y2         |           1 |               0 |              40.000 | CLK_25M      | ClockManager_0/MMCM_0/MMCME2_ADV_1/CLKOUT0  | ClockManager_0/MMCM_0/Clk25M      |
| src1      | g7        | MMCME2_ADV/CLKOUT2  | None       | MMCME2_ADV_X0Y2 | X0Y2         |           1 |               0 |              15.000 | CLK_66M      | ClockManager_0/MMCM_0/MMCME2_ADV_1/CLKOUT2  | ClockManager_0/MMCM_0/Clk66M      |
| src1      | g3        | MMCME2_ADV/CLKOUT1  | None       | MMCME2_ADV_X0Y2 | X0Y2         |           1 |               0 |             166.667 | CLK_6M       | ClockManager_0/MMCM_0/MMCME2_ADV_1/CLKOUT1  | ClockManager_0/MMCM_0/Clk6M_0     |
| src2      | g9, g10   | FDCE/Q              | None       | SLICE_X52Y102   | X1Y2         |           2 |               1 |             333.333 | CLK_3M       | ClockManager_0/Clk3M_reg/Q                  | ClockManager_0/Clk3M              |
+-----------+-----------+---------------------+------------+-----------------+--------------+-------------+-----------------+---------------------+--------------+---------------------------------------------+-----------------------------------+
* Clock Loads column represents the clock pin loads (pin count)
** Non-Clock Loads column represents the non-clock pin loads (pin count)


4. Local Clock Details
----------------------

+----------+--------------------+------------+----------------------------+--------------+-------------+-----------------+--------------+---------------+--------------------------------------------+-------------------------------------+
| Local Id | Driver Type/Pin    | Constraint | Site/BEL                   | Clock Region | Clock Loads | Non-Clock Loads | Clock Period | Clock         | Driver Pin                                 | Net                                 |
+----------+--------------------+------------+----------------------------+--------------+-------------+-----------------+--------------+---------------+--------------------------------------------+-------------------------------------||
| 0        | MMCME2_ADV/CLKOUT0 | None       | MMCME2_ADV_X0Y3/MMCME2_ADV | X0Y3         |           1 |               0 |       40.000 | Clk25MCascade | ClockManager_0/MMCM_0/MMCME2_ADV_0/CLKOUT0 | ClockManager_0/MMCM_0/Clk25MCascade - Static -
+----------+--------------------+------------+----------------------------+--------------+-------------+-----------------+--------------+---------------+--------------------------------------------+-------------------------------------||
* Local Clocks in this context represents only clocks driven by non-global buffers
** Clock Loads column represents the clock pin loads (pin count)
*** Non-Clock Loads column represents the non-clock pin loads (pin count)


5. Clock Regions: Key Resource Utilization
------------------------------------------

+-------------------+--------------+--------------+--------------+--------------+--------------+--------------+--------------+--------------+--------------+--------------+--------------+--------------+--------------+--------------+--------------+
|                   | Global Clock |     BUFRs    |    BUFMRs    |    BUFIOs    |     MMCM     |      PLL     |      GT      |      PCI     |    ILOGIC    |    OLOGIC    |      FF      |     LUTM     |    RAMB18    |    RAMB36    |    DSP48E2   |
+-------------------+------+-------+------+-------+------+-------+------+-------+------+-------+------+-------+------+-------+------+-------+------+-------+------+-------+------+-------+------+-------+------+-------+------+-------+------+-------+
| Clock Region Name | Used | Avail | Used | Avail | Used | Avail | Used | Avail | Used | Avail | Used | Avail | Used | Avail | Used | Avail | Used | Avail | Used | Avail | Used | Avail | Used | Avail | Used | Avail | Used | Avail | Used | Avail |
+-------------------+------+-------+------+-------+------+-------+------+-------+------+-------+------+-------+------+-------+------+-------+------+-------+------+-------+------+-------+------+-------+------+-------+------+-------+------+-------+
| X0Y0              |    3 |    12 |    0 |     4 |    0 |     2 |    0 |     4 |    0 |     1 |    0 |     1 |    0 |     0 |    0 |     0 |    0 |    50 |    0 |    50 |  970 |  2600 |  275 |   600 |    0 |    20 |    0 |    10 |    0 |    20 |
| X1Y0              |    1 |    12 |    0 |     0 |    0 |     0 |    0 |     0 |    0 |     0 |    0 |     0 |    0 |     4 |    0 |     0 |    0 |     0 |    0 |     0 |  557 |  1500 |  180 |   550 |    0 |    40 |    0 |    20 |    0 |    40 |
| X0Y1              |    7 |    12 |    0 |     4 |    0 |     2 |    0 |     4 |    0 |     1 |    0 |     1 |    0 |     0 |    0 |     0 |    1 |    50 |    4 |    50 | 5580 |  2000 | 1630 |   600 |    1 |    20 |    5 |    10 |    0 |    20 |
| X1Y1              |    3 |    12 |    0 |     4 |    0 |     2 |    0 |     4 |    0 |     1 |    0 |     1 |    0 |     0 |    0 |     0 |    0 |    50 |    0 |    50 | 3630 |  1900 | 1369 |   650 |    2 |    60 |   10 |    30 |    0 |    40 |
| X0Y2              |   10 |    12 |    0 |     4 |    0 |     2 |    0 |     4 |    1 |     1 |    0 |     1 |    0 |     0 |    0 |     0 |   26 |    50 |    0 |    50 | 3163 |  2000 | 1690 |   600 |    3 |    20 |    2 |    10 |    0 |    20 |
| X1Y2              |   10 |    12 |    0 |     4 |    0 |     2 |    0 |     4 |    0 |     1 |    0 |     1 |    0 |     0 |    0 |     0 |   26 |    50 |    0 |    50 | 3853 |  1900 | 2034 |   650 |    1 |    60 |    2 |    30 |    0 |    40 |
| X0Y3              |    8 |    12 |    0 |     4 |    0 |     2 |    0 |     4 |    1 |     1 |    0 |     1 |    0 |     0 |    0 |     0 |    0 |    50 |    0 |    50 | 4132 |  2600 | 2552 |   600 |    0 |    20 |    0 |    10 |    0 |    20 |
| X1Y3              |    5 |    12 |    0 |     0 |    0 |     0 |    0 |     0 |    0 |     0 |    0 |     0 |    0 |     4 |    0 |     1 |    0 |     0 |    0 |     0 | 2565 |  1350 | 1568 |   500 |    0 |    30 |    0 |    15 |    0 |    40 |
+-------------------+------+-------+------+-------+------+-------+------+-------+------+-------+------+-------+------+-------+------+-------+------+-------+------+-------+------+-------+------+-------+------+-------+------+-------+------+-------+
* Global Clock column represents track count; while other columns represents cell counts


6. Clock Regions : Global Clock Summary
---------------------------------------

All Modules
+----+----+----+
|    | X0 | X1 |
+----+----+----+
| Y3 |  8 |  5 |
| Y2 | 10 | 10 |
| Y1 |  7 |  3 |
| Y0 |  3 |  1 |
+----+----+----+


7. Device Cell Placement Summary for Global Clock g0
----------------------------------------------------

+-----------+-----------------+-------------------+----------+-------------+---------------+-------------+----------+----------------+----------+------------------------------+
| Global Id | Driver Type/Pin | Driver Region (D) | Clock    | Period (ns) | Waveform (ns) | Slice Loads | IO Loads | Clocking Loads | GT Loads | Net                          |
+-----------+-----------------+-------------------+----------+-------------+---------------+-------------+----------+----------------+----------+------------------------------+
| g0        | BUFG/O          | n/a               | CLK_125M |       8.000 | {0.000 4.000} |       17776 |        0 |              0 |        0 | ClockManager_0/MMCM_0/TdcClk |
+-----------+-----------------+-------------------+----------+-------------+---------------+-------------+----------+----------------+----------+------------------------------+
* Slice Loads column represents load cell count of all cell types other than IO, GT and clock resources
** IO Loads column represents load cell count of IO types
*** Clocking Loads column represents load cell count that are clock resources (global clock buffer, MMCM, PLL, etc)
**** GT Loads column represents load cell count of GT types


+----+-------+-------+
|    | X0    | X1    |
+----+-------+-------+
| Y3 |  3436 |  2024 |
| Y2 |  2221 |  3367 |
| Y1 |  3246 |  1986 |
| Y0 |   939 |   557 |
+----+-------+-------+


8. Device Cell Placement Summary for Global Clock g1
----------------------------------------------------

+-----------+-----------------+-------------------+---------+-------------+----------------+-------------+----------+----------------+----------+------------------------------------+
| Global Id | Driver Type/Pin | Driver Region (D) | Clock   | Period (ns) | Waveform (ns)  | Slice Loads | IO Loads | Clocking Loads | GT Loads | Net                                |
+-----------+-----------------+-------------------+---------+-------------+----------------+-------------+----------+----------------+----------+------------------------------------+
| g1        | BUFG/O          | n/a               | CLK_25M |      40.000 | {0.000 20.000} |        4738 |        1 |              0 |        0 | ClockManager_0/MMCM_0/SCK_DAC_OBUF |
+-----------+-----------------+-------------------+---------+-------------+----------------+-------------+----------+----------------+----------+------------------------------------+
* Slice Loads column represents load cell count of all cell types other than IO, GT and clock resources
** IO Loads column represents load cell count of IO types
*** Clocking Loads column represents load cell count that are clock resources (global clock buffer, MMCM, PLL, etc)
**** GT Loads column represents load cell count of GT types


+----+-------+-------+
|    | X0    | X1    |
+----+-------+-------+
| Y3 |    30 |     0 |
| Y2 |   501 |   262 |
| Y1 |  2204 |  1713 |
| Y0 |    29 |     0 |
+----+-------+-------+


9. Device Cell Placement Summary for Global Clock g2
----------------------------------------------------

+-----------+-----------------+-------------------+------------+-------------+---------------+-------------+----------+----------------+----------+---------------------------------------+
| Global Id | Driver Type/Pin | Driver Region (D) | Clock      | Period (ns) | Waveform (ns) | Slice Loads | IO Loads | Clocking Loads | GT Loads | Net                                   |
+-----------+-----------------+-------------------+------------+-------------+---------------+-------------+----------+----------------+----------+---------------------------------------+
| g2        | BUFG/O          | n/a               | CLK_250M_0 |       4.000 | {0.000 2.000} |        1559 |        0 |              0 |        0 | ClockManager_0/MMCM_0/TdcSamplingClk0 |
+-----------+-----------------+-------------------+------------+-------------+---------------+-------------+----------+----------------+----------+---------------------------------------+
* Slice Loads column represents load cell count of all cell types other than IO, GT and clock resources
** IO Loads column represents load cell count of IO types
*** Clocking Loads column represents load cell count that are clock resources (global clock buffer, MMCM, PLL, etc)
**** GT Loads column represents load cell count of GT types


+----+------+------+
|    | X0   | X1   |
+----+------+------+
| Y3 |  645 |  534 |
| Y2 |  191 |  178 |
| Y1 |   11 |    0 |
| Y0 |    0 |    0 |
+----+------+------+


10. Device Cell Placement Summary for Global Clock g3
-----------------------------------------------------

+-----------+-----------------+-------------------+--------+-------------+----------------+-------------+----------+----------------+----------+-----------------------------+
| Global Id | Driver Type/Pin | Driver Region (D) | Clock  | Period (ns) | Waveform (ns)  | Slice Loads | IO Loads | Clocking Loads | GT Loads | Net                         |
+-----------+-----------------+-------------------+--------+-------------+----------------+-------------+----------+----------------+----------+-----------------------------+
| g3        | BUFG/O          | n/a               | CLK_6M |     166.667 | {0.000 83.333} |         357 |        0 |              0 |        0 | ClockManager_0/MMCM_0/Clk6M |
+-----------+-----------------+-------------------+--------+-------------+----------------+-------------+----------+----------------+----------+-----------------------------+
* Slice Loads column represents load cell count of all cell types other than IO, GT and clock resources
** IO Loads column represents load cell count of IO types
*** Clocking Loads column represents load cell count that are clock resources (global clock buffer, MMCM, PLL, etc)
**** GT Loads column represents load cell count of GT types


+----+------+-----+
|    | X0   | X1  |
+----+------+-----+
| Y3 |   14 |   0 |
| Y2 |  276 |  38 |
| Y1 |   29 |   0 |
| Y0 |    0 |   0 |
+----+------+-----+


11. Device Cell Placement Summary for Global Clock g4
-----------------------------------------------------

+-----------+-----------------+-------------------+--------------+-------------+---------------+-------------+----------+----------------+----------+-----------------------------------------+
| Global Id | Driver Type/Pin | Driver Region (D) | Clock        | Period (ns) | Waveform (ns) | Slice Loads | IO Loads | Clocking Loads | GT Loads | Net                                     |
+-----------+-----------------+-------------------+--------------+-------------+---------------+-------------+----------+----------------+----------+-----------------------------------------+
| g4        | BUFG/O          | n/a               | CLK_250M_180 |       4.000 | {2.000 4.000} |         129 |        0 |              0 |        0 | ClockManager_0/MMCM_0/TdcSamplingClk180 |
+-----------+-----------------+-------------------+--------------+-------------+---------------+-------------+----------+----------------+----------+-----------------------------------------+
* Slice Loads column represents load cell count of all cell types other than IO, GT and clock resources
** IO Loads column represents load cell count of IO types
*** Clocking Loads column represents load cell count that are clock resources (global clock buffer, MMCM, PLL, etc)
**** GT Loads column represents load cell count of GT types


+----+-----+-----+
|    | X0  | X1  |
+----+-----+-----+
| Y3 |  52 |  43 |
| Y2 |  19 |  15 |
| Y1 |   0 |   0 |
| Y0 |   0 |   0 |
+----+-----+-----+


12. Device Cell Placement Summary for Global Clock g5
-----------------------------------------------------

+-----------+-----------------+-------------------+--------------+-------------+---------------+-------------+----------+----------------+----------+-----------------------------------------+
| Global Id | Driver Type/Pin | Driver Region (D) | Clock        | Period (ns) | Waveform (ns) | Slice Loads | IO Loads | Clocking Loads | GT Loads | Net                                     |
+-----------+-----------------+-------------------+--------------+-------------+---------------+-------------+----------+----------------+----------+-----------------------------------------+
| g5        | BUFG/O          | n/a               | CLK_250M_270 |       4.000 | {3.000 5.000} |         129 |        0 |              0 |        0 | ClockManager_0/MMCM_0/TdcSamplingClk270 |
+-----------+-----------------+-------------------+--------------+-------------+---------------+-------------+----------+----------------+----------+-----------------------------------------+
* Slice Loads column represents load cell count of all cell types other than IO, GT and clock resources
** IO Loads column represents load cell count of IO types
*** Clocking Loads column represents load cell count that are clock resources (global clock buffer, MMCM, PLL, etc)
**** GT Loads column represents load cell count of GT types


+----+-----+-----+
|    | X0  | X1  |
+----+-----+-----+
| Y3 |  56 |  48 |
| Y2 |  12 |  13 |
| Y1 |   0 |   0 |
| Y0 |   0 |   0 |
+----+-----+-----+


13. Device Cell Placement Summary for Global Clock g6
-----------------------------------------------------

+-----------+-----------------+-------------------+-------------+-------------+---------------+-------------+----------+----------------+----------+----------------------------------------+
| Global Id | Driver Type/Pin | Driver Region (D) | Clock       | Period (ns) | Waveform (ns) | Slice Loads | IO Loads | Clocking Loads | GT Loads | Net                                    |
+-----------+-----------------+-------------------+-------------+-------------+---------------+-------------+----------+----------------+----------+----------------------------------------+
| g6        | BUFG/O          | n/a               | CLK_250M_90 |       4.000 | {1.000 3.000} |         129 |        0 |              0 |        0 | ClockManager_0/MMCM_0/TdcSamplingClk90 |
+-----------+-----------------+-------------------+-------------+-------------+---------------+-------------+----------+----------------+----------+----------------------------------------+
* Slice Loads column represents load cell count of all cell types other than IO, GT and clock resources
** IO Loads column represents load cell count of IO types
*** Clocking Loads column represents load cell count that are clock resources (global clock buffer, MMCM, PLL, etc)
**** GT Loads column represents load cell count of GT types


+----+-----+-----+
|    | X0  | X1  |
+----+-----+-----+
| Y3 |  52 |  43 |
| Y2 |  17 |  17 |
| Y1 |   0 |   0 |
| Y0 |   0 |   0 |
+----+-----+-----+


14. Device Cell Placement Summary for Global Clock g7
-----------------------------------------------------

+-----------+-----------------+-------------------+---------+-------------+---------------+-------------+----------+----------------+----------+---------------------------+
| Global Id | Driver Type/Pin | Driver Region (D) | Clock   | Period (ns) | Waveform (ns) | Slice Loads | IO Loads | Clocking Loads | GT Loads | Net                       |
+-----------+-----------------+-------------------+---------+-------------+---------------+-------------+----------+----------------+----------+---------------------------+
| g7        | BUFG/O          | n/a               | CLK_66M |      15.000 | {0.000 7.500} |          90 |        0 |              0 |        0 | ClockManager_0/MMCM_0/CLK |
+-----------+-----------------+-------------------+---------+-------------+---------------+-------------+----------+----------------+----------+---------------------------+
* Slice Loads column represents load cell count of all cell types other than IO, GT and clock resources
** IO Loads column represents load cell count of IO types
*** Clocking Loads column represents load cell count that are clock resources (global clock buffer, MMCM, PLL, etc)
**** GT Loads column represents load cell count of GT types


+----+-----+-----+
|    | X0  | X1  |
+----+-----+-----+
| Y3 |   0 |   0 |
| Y2 |   5 |   0 |
| Y1 |  63 |  22 |
| Y0 |   0 |   0 |
+----+-----+-----+


15. Device Cell Placement Summary for Global Clock g8
-----------------------------------------------------

+-----------+-----------------+-------------------+----------+-------------+---------------+-------------+----------+----------------+----------+-------------------------------+
| Global Id | Driver Type/Pin | Driver Region (D) | Clock    | Period (ns) | Waveform (ns) | Slice Loads | IO Loads | Clocking Loads | GT Loads | Net                           |
+-----------+-----------------+-------------------+----------+-------------+---------------+-------------+----------+----------------+----------+-------------------------------+
| g8        | BUFG/O          | n/a               | CLK_500M |       2.000 | {0.000 1.000} |          86 |        0 |              0 |        0 | ClockManager_0/MMCM_0/FastClk |
+-----------+-----------------+-------------------+----------+-------------+---------------+-------------+----------+----------------+----------+-------------------------------+
* Slice Loads column represents load cell count of all cell types other than IO, GT and clock resources
** IO Loads column represents load cell count of IO types
*** Clocking Loads column represents load cell count that are clock resources (global clock buffer, MMCM, PLL, etc)
**** GT Loads column represents load cell count of GT types


+----+-----+----+
|    | X0  | X1 |
+----+-----+----+
| Y3 |   0 |  0 |
| Y2 |   0 |  1 |
| Y1 |  51 |  0 |
| Y0 |  34 |  0 |
+----+-----+----+


16. Device Cell Placement Summary for Global Clock g9
-----------------------------------------------------

+-----------+-----------------+-------------------+--------+-------------+-----------------+-------------+----------+----------------+----------+--------------------------+
| Global Id | Driver Type/Pin | Driver Region (D) | Clock  | Period (ns) | Waveform (ns)   | Slice Loads | IO Loads | Clocking Loads | GT Loads | Net                      |
+-----------+-----------------+-------------------+--------+-------------+-----------------+-------------+----------+----------------+----------+--------------------------+
| g9        | BUFG/O          | n/a               | CLK_3M |     333.333 | {0.000 166.667} |          34 |        0 |              0 |        0 | ClockManager_0/Ad9220Clk |
+-----------+-----------------+-------------------+--------+-------------+-----------------+-------------+----------+----------------+----------+--------------------------+
* Slice Loads column represents load cell count of all cell types other than IO, GT and clock resources
** IO Loads column represents load cell count of IO types
*** Clocking Loads column represents load cell count that are clock resources (global clock buffer, MMCM, PLL, etc)
**** GT Loads column represents load cell count of GT types


+----+----+-----+
|    | X0 | X1  |
+----+----+-----+
| Y3 |  0 |   0 |
| Y2 |  1 |  26 |
| Y1 |  7 |   0 |
| Y0 |  0 |   0 |
+----+----+-----+


17. Device Cell Placement Summary for Global Clock g10
------------------------------------------------------

+-----------+-----------------+-------------------+--------+-------------+-----------------+-------------+----------+----------------+----------+-----------------------------------------+
| Global Id | Driver Type/Pin | Driver Region (D) | Clock  | Period (ns) | Waveform (ns)   | Slice Loads | IO Loads | Clocking Loads | GT Loads | Net                                     |
+-----------+-----------------+-------------------+--------+-------------+-----------------+-------------+----------+----------------+----------+-----------------------------------------+
| g10       | BUFGCTRL/O      | n/a               | CLK_3M |     333.333 | {0.000 166.667} |           0 |        4 |              0 |        0 | ClockManager_0/EASIROC2_ADC_CLK_LG_OBUF |
+-----------+-----------------+-------------------+--------+-------------+-----------------+-------------+----------+----------------+----------+-----------------------------------------+
* Slice Loads column represents load cell count of all cell types other than IO, GT and clock resources
** IO Loads column represents load cell count of IO types
*** Clocking Loads column represents load cell count that are clock resources (global clock buffer, MMCM, PLL, etc)
**** GT Loads column represents load cell count of GT types


+----+----+----+
|    | X0 | X1 |
+----+----+----+
| Y3 |  0 |  0 |
| Y2 |  2 |  2 |
| Y1 |  0 |  0 |
| Y0 |  0 |  0 |
+----+----+----+


18. Device Cell Placement Summary for Global Clock g11
------------------------------------------------------

+-----------+-----------------+-------------------+-----------+-------------+----------------+-------------+----------+----------------+----------+-------------------------------+
| Global Id | Driver Type/Pin | Driver Region (D) | Clock     | Period (ns) | Waveform (ns)  | Slice Loads | IO Loads | Clocking Loads | GT Loads | Net                           |
+-----------+-----------------+-------------------+-----------+-------------+----------------+-------------+----------+----------------+----------+-------------------------------+
| g11       | BUFG/O          | n/a               | ClkFbOut0 |      20.000 | {0.000 10.000} |           0 |        0 |              1 |        0 | ClockManager_0/MMCM_0/CLKFBIN |
+-----------+-----------------+-------------------+-----------+-------------+----------------+-------------+----------+----------------+----------+-------------------------------+
* Slice Loads column represents load cell count of all cell types other than IO, GT and clock resources
** IO Loads column represents load cell count of IO types
*** Clocking Loads column represents load cell count that are clock resources (global clock buffer, MMCM, PLL, etc)
**** GT Loads column represents load cell count of GT types


+----+----+----+
|    | X0 | X1 |
+----+----+----+
| Y3 |  1 |  0 |
| Y2 |  0 |  0 |
| Y1 |  0 |  0 |
| Y0 |  0 |  0 |
+----+----+----+


19. Clock Region Cell Placement per Global Clock: Region X0Y0
-------------------------------------------------------------

+-----------+-------+-----------------+------------+-------------+-----------------+-----+--------+------+-----+----+------+-----+---------+------------------------------------+
| Global Id | Track | Driver Type/Pin | Constraint | Clock Loads | Non-Clock Loads | FF  | LUTRAM | RAMB | DSP | GT | MMCM | PLL | Hard IP | Net                                |
+-----------+-------+-----------------+------------+-------------+-----------------+-----+--------+------+-----+----+------+-----+---------+------------------------------------+
| g0        | n/a   | BUFG/O          | None       |         939 |               0 | 939 |      0 |    0 |   0 |  0 |    0 |   0 |       0 | ClockManager_0/MMCM_0/TdcClk       |
| g1        | n/a   | BUFG/O          | None       |          29 |               0 |  29 |      0 |    0 |   0 |  0 |    0 |   0 |       0 | ClockManager_0/MMCM_0/SCK_DAC_OBUF |
| g8        | n/a   | BUFG/O          | None       |          34 |               0 |   2 |     32 |    0 |   0 |  0 |    0 |   0 |       0 | ClockManager_0/MMCM_0/FastClk      |
+-----------+-------+-----------------+------------+-------------+-----------------+-----+--------+------+-----+----+------+-----+---------+------------------------------------+
* Clock Loads column represents the clock pin loads (pin count)
** Non-Clock Loads column represents the non-clock pin loads (pin count)
*** Columns FF, LUTRAM, RAMB through 'Hard IP' represents load cell counts


20. Clock Region Cell Placement per Global Clock: Region X1Y0
-------------------------------------------------------------

+-----------+-------+-----------------+------------+-------------+-----------------+-----+--------+------+-----+----+------+-----+---------+------------------------------+
| Global Id | Track | Driver Type/Pin | Constraint | Clock Loads | Non-Clock Loads | FF  | LUTRAM | RAMB | DSP | GT | MMCM | PLL | Hard IP | Net                          |
+-----------+-------+-----------------+------------+-------------+-----------------+-----+--------+------+-----+----+------+-----+---------+------------------------------+
| g0        | n/a   | BUFG/O          | None       |         557 |               0 | 557 |      0 |    0 |   0 |  0 |    0 |   0 |       0 | ClockManager_0/MMCM_0/TdcClk |
+-----------+-------+-----------------+------------+-------------+-----------------+-----+--------+------+-----+----+------+-----+---------+------------------------------+
* Clock Loads column represents the clock pin loads (pin count)
** Non-Clock Loads column represents the non-clock pin loads (pin count)
*** Columns FF, LUTRAM, RAMB through 'Hard IP' represents load cell counts


21. Clock Region Cell Placement per Global Clock: Region X0Y1
-------------------------------------------------------------

+-----------+-------+-----------------+------------+-------------+-----------------+------+--------+------+-----+----+------+-----+---------+---------------------------------------+
| Global Id | Track | Driver Type/Pin | Constraint | Clock Loads | Non-Clock Loads | FF   | LUTRAM | RAMB | DSP | GT | MMCM | PLL | Hard IP | Net                                   |
+-----------+-------+-----------------+------------+-------------+-----------------+------+--------+------+-----+----+------+-----+---------+---------------------------------------+
| g0        | n/a   | BUFG/O          | None       |        3246 |               0 | 3246 |      0 |    0 |   0 |  0 |    0 |   0 |       0 | ClockManager_0/MMCM_0/TdcClk          |
| g1        | n/a   | BUFG/O          | None       |        2204 |               0 | 2176 |     20 |    6 |   0 |  0 |    0 |   0 |       0 | ClockManager_0/MMCM_0/SCK_DAC_OBUF    |
| g2        | n/a   | BUFG/O          | None       |          11 |               0 |   11 |      0 |    0 |   0 |  0 |    0 |   0 |       0 | ClockManager_0/MMCM_0/TdcSamplingClk0 |
| g3        | n/a   | BUFG/O          | None       |          29 |               0 |   27 |      0 |    1 |   0 |  0 |    0 |   0 |       0 | ClockManager_0/MMCM_0/Clk6M           |
| g7        | n/a   | BUFG/O          | None       |          63 |               0 |   62 |      0 |    0 |   0 |  0 |    0 |   0 |       0 | ClockManager_0/MMCM_0/CLK             |
| g8        | n/a   | BUFG/O          | None       |          51 |               0 |   51 |      0 |    0 |   0 |  0 |    0 |   0 |       0 | ClockManager_0/MMCM_0/FastClk         |
| g9        | n/a   | BUFG/O          | None       |           7 |               0 |    7 |      0 |    0 |   0 |  0 |    0 |   0 |       0 | ClockManager_0/Ad9220Clk              |
+-----------+-------+-----------------+------------+-------------+-----------------+------+--------+------+-----+----+------+-----+---------+---------------------------------------+
* Clock Loads column represents the clock pin loads (pin count)
** Non-Clock Loads column represents the non-clock pin loads (pin count)
*** Columns FF, LUTRAM, RAMB through 'Hard IP' represents load cell counts


22. Clock Region Cell Placement per Global Clock: Region X1Y1
-------------------------------------------------------------

+-----------+-------+-----------------+------------+-------------+-----------------+------+--------+------+-----+----+------+-----+---------+------------------------------------+
| Global Id | Track | Driver Type/Pin | Constraint | Clock Loads | Non-Clock Loads | FF   | LUTRAM | RAMB | DSP | GT | MMCM | PLL | Hard IP | Net                                |
+-----------+-------+-----------------+------------+-------------+-----------------+------+--------+------+-----+----+------+-----+---------+------------------------------------+
| g0        | n/a   | BUFG/O          | None       |        1986 |               0 | 1986 |      0 |    0 |   0 |  0 |    0 |   0 |       0 | ClockManager_0/MMCM_0/TdcClk       |
| g1        | n/a   | BUFG/O          | None       |        1712 |               1 | 1624 |     74 |   12 |   0 |  0 |    0 |   0 |       0 | ClockManager_0/MMCM_0/SCK_DAC_OBUF |
| g7        | n/a   | BUFG/O          | None       |          22 |               0 |   20 |      0 |    2 |   0 |  0 |    0 |   0 |       0 | ClockManager_0/MMCM_0/CLK          |
+-----------+-------+-----------------+------------+-------------+-----------------+------+--------+------+-----+----+------+-----+---------+------------------------------------+
* Clock Loads column represents the clock pin loads (pin count)
** Non-Clock Loads column represents the non-clock pin loads (pin count)
*** Columns FF, LUTRAM, RAMB through 'Hard IP' represents load cell counts


23. Clock Region Cell Placement per Global Clock: Region X0Y2
-------------------------------------------------------------

+-----------+-------+-----------------+------------+-------------+-----------------+------+--------+------+-----+----+------+-----+---------+-----------------------------------------+
| Global Id | Track | Driver Type/Pin | Constraint | Clock Loads | Non-Clock Loads | FF   | LUTRAM | RAMB | DSP | GT | MMCM | PLL | Hard IP | Net                                     |
+-----------+-------+-----------------+------------+-------------+-----------------+------+--------+------+-----+----+------+-----+---------+-----------------------------------------+
| g0        | n/a   | BUFG/O          | None       |        2221 |               0 | 2217 |      0 |    2 |   0 |  0 |    0 |   0 |       0 | ClockManager_0/MMCM_0/TdcClk            |
| g1        | n/a   | BUFG/O          | None       |         501 |               0 |  491 |      0 |    5 |   0 |  0 |    0 |   0 |       0 | ClockManager_0/MMCM_0/SCK_DAC_OBUF      |
| g2        | n/a   | BUFG/O          | None       |         191 |               0 |  131 |     60 |    0 |   0 |  0 |    0 |   0 |       0 | ClockManager_0/MMCM_0/TdcSamplingClk0   |
| g3        | n/a   | BUFG/O          | None       |         276 |               0 |  270 |      0 |    3 |   0 |  0 |    0 |   0 |       0 | ClockManager_0/MMCM_0/Clk6M             |
| g4        | n/a   | BUFG/O          | None       |          19 |               0 |   19 |      0 |    0 |   0 |  0 |    0 |   0 |       0 | ClockManager_0/MMCM_0/TdcSamplingClk180 |
| g5        | n/a   | BUFG/O          | None       |          12 |               0 |   12 |      0 |    0 |   0 |  0 |    0 |   0 |       0 | ClockManager_0/MMCM_0/TdcSamplingClk270 |
| g6        | n/a   | BUFG/O          | None       |          17 |               0 |   17 |      0 |    0 |   0 |  0 |    0 |   0 |       0 | ClockManager_0/MMCM_0/TdcSamplingClk90  |
| g7        | n/a   | BUFG/O          | None       |           5 |               0 |    5 |      0 |    0 |   0 |  0 |    0 |   0 |       0 | ClockManager_0/MMCM_0/CLK               |
| g9        | n/a   | BUFG/O          | None       |           1 |               0 |    1 |      0 |    0 |   0 |  0 |    0 |   0 |       0 | ClockManager_0/Ad9220Clk                |
| g10       | n/a   | BUFGCTRL/O      | None       |           0 |               2 |    0 |      0 |    0 |   0 |  0 |    0 |   0 |       0 | ClockManager_0/EASIROC2_ADC_CLK_LG_OBUF |
+-----------+-------+-----------------+------------+-------------+-----------------+------+--------+------+-----+----+------+-----+---------+-----------------------------------------+
* Clock Loads column represents the clock pin loads (pin count)
** Non-Clock Loads column represents the non-clock pin loads (pin count)
*** Columns FF, LUTRAM, RAMB through 'Hard IP' represents load cell counts


24. Clock Region Cell Placement per Global Clock: Region X1Y2
-------------------------------------------------------------

+-----------+-------+-----------------+------------+-------------+-----------------+------+--------+------+-----+----+------+-----+---------+-----------------------------------------+
| Global Id | Track | Driver Type/Pin | Constraint | Clock Loads | Non-Clock Loads | FF   | LUTRAM | RAMB | DSP | GT | MMCM | PLL | Hard IP | Net                                     |
+-----------+-------+-----------------+------------+-------------+-----------------+------+--------+------+-----+----+------+-----+---------+-----------------------------------------+
| g0        | n/a   | BUFG/O          | None       |        3366 |               1 | 3360 |      0 |    3 |   0 |  0 |    0 |   0 |       0 | ClockManager_0/MMCM_0/TdcClk            |
| g1        | n/a   | BUFG/O          | None       |         260 |               2 |  254 |      0 |    3 |   0 |  0 |    0 |   0 |       0 | ClockManager_0/MMCM_0/SCK_DAC_OBUF      |
| g2        | n/a   | BUFG/O          | None       |         178 |               0 |  131 |     47 |    0 |   0 |  0 |    0 |   0 |       0 | ClockManager_0/MMCM_0/TdcSamplingClk0   |
| g3        | n/a   | BUFG/O          | None       |          38 |               0 |   38 |      0 |    0 |   0 |  0 |    0 |   0 |       0 | ClockManager_0/MMCM_0/Clk6M             |
| g4        | n/a   | BUFG/O          | None       |          15 |               0 |   15 |      0 |    0 |   0 |  0 |    0 |   0 |       0 | ClockManager_0/MMCM_0/TdcSamplingClk180 |
| g5        | n/a   | BUFG/O          | None       |          13 |               0 |   13 |      0 |    0 |   0 |  0 |    0 |   0 |       0 | ClockManager_0/MMCM_0/TdcSamplingClk270 |
| g6        | n/a   | BUFG/O          | None       |          17 |               0 |   17 |      0 |    0 |   0 |  0 |    0 |   0 |       0 | ClockManager_0/MMCM_0/TdcSamplingClk90  |
| g8        | n/a   | BUFG/O          | None       |           0 |               1 |    0 |      0 |    0 |   0 |  0 |    0 |   0 |       0 | ClockManager_0/MMCM_0/FastClk           |
| g9        | n/a   | BUFG/O          | None       |          25 |               1 |   25 |      0 |    0 |   0 |  0 |    0 |   0 |       0 | ClockManager_0/Ad9220Clk                |
| g10       | n/a   | BUFGCTRL/O      | None       |           0 |               2 |    0 |      0 |    0 |   0 |  0 |    0 |   0 |       0 | ClockManager_0/EASIROC2_ADC_CLK_LG_OBUF |
+-----------+-------+-----------------+------------+-------------+-----------------+------+--------+------+-----+----+------+-----+---------+-----------------------------------------+
* Clock Loads column represents the clock pin loads (pin count)
** Non-Clock Loads column represents the non-clock pin loads (pin count)
*** Columns FF, LUTRAM, RAMB through 'Hard IP' represents load cell counts


25. Clock Region Cell Placement per Global Clock: Region X0Y3
-------------------------------------------------------------

+-----------+-------+-----------------+------------+-------------+-----------------+------+--------+------+-----+----+------+-----+---------+-----------------------------------------+
| Global Id | Track | Driver Type/Pin | Constraint | Clock Loads | Non-Clock Loads | FF   | LUTRAM | RAMB | DSP | GT | MMCM | PLL | Hard IP | Net                                     |
+-----------+-------+-----------------+------------+-------------+-----------------+------+--------+------+-----+----+------+-----+---------+-----------------------------------------+
| g0        | n/a   | BUFG/O          | None       |        3436 |               0 | 3436 |      0 |    0 |   0 |  0 |    0 |   0 |       0 | ClockManager_0/MMCM_0/TdcClk            |
| g1        | n/a   | BUFG/O          | None       |          30 |               0 |   30 |      0 |    0 |   0 |  0 |    0 |   0 |       0 | ClockManager_0/MMCM_0/SCK_DAC_OBUF      |
| g2        | n/a   | BUFG/O          | None       |         645 |               0 |  492 |    153 |    0 |   0 |  0 |    0 |   0 |       0 | ClockManager_0/MMCM_0/TdcSamplingClk0   |
| g3        | n/a   | BUFG/O          | None       |          14 |               0 |   14 |      0 |    0 |   0 |  0 |    0 |   0 |       0 | ClockManager_0/MMCM_0/Clk6M             |
| g4        | n/a   | BUFG/O          | None       |          52 |               0 |   52 |      0 |    0 |   0 |  0 |    0 |   0 |       0 | ClockManager_0/MMCM_0/TdcSamplingClk180 |
| g5        | n/a   | BUFG/O          | None       |          56 |               0 |   56 |      0 |    0 |   0 |  0 |    0 |   0 |       0 | ClockManager_0/MMCM_0/TdcSamplingClk270 |
| g6        | n/a   | BUFG/O          | None       |          52 |               0 |   52 |      0 |    0 |   0 |  0 |    0 |   0 |       0 | ClockManager_0/MMCM_0/TdcSamplingClk90  |
| g11       | n/a   | BUFG/O          | None       |           1 |               0 |    0 |      0 |    0 |   0 |  0 |    1 |   0 |       0 | ClockManager_0/MMCM_0/CLKFBIN           |
+-----------+-------+-----------------+------------+-------------+-----------------+------+--------+------+-----+----+------+-----+---------+-----------------------------------------+
* Clock Loads column represents the clock pin loads (pin count)
** Non-Clock Loads column represents the non-clock pin loads (pin count)
*** Columns FF, LUTRAM, RAMB through 'Hard IP' represents load cell counts


26. Clock Region Cell Placement per Global Clock: Region X1Y3
-------------------------------------------------------------

+-----------+-------+-----------------+------------+-------------+-----------------+------+--------+------+-----+----+------+-----+---------+-----------------------------------------+
| Global Id | Track | Driver Type/Pin | Constraint | Clock Loads | Non-Clock Loads | FF   | LUTRAM | RAMB | DSP | GT | MMCM | PLL | Hard IP | Net                                     |
+-----------+-------+-----------------+------------+-------------+-----------------+------+--------+------+-----+----+------+-----+---------+-----------------------------------------+
| g0        | n/a   | BUFG/O          | None       |        2024 |               0 | 2024 |      0 |    0 |   0 |  0 |    0 |   0 |       0 | ClockManager_0/MMCM_0/TdcClk            |
| g2        | n/a   | BUFG/O          | None       |         534 |               0 |  407 |    127 |    0 |   0 |  0 |    0 |   0 |       0 | ClockManager_0/MMCM_0/TdcSamplingClk0   |
| g4        | n/a   | BUFG/O          | None       |          43 |               0 |   43 |      0 |    0 |   0 |  0 |    0 |   0 |       0 | ClockManager_0/MMCM_0/TdcSamplingClk180 |
| g5        | n/a   | BUFG/O          | None       |          48 |               0 |   48 |      0 |    0 |   0 |  0 |    0 |   0 |       0 | ClockManager_0/MMCM_0/TdcSamplingClk270 |
| g6        | n/a   | BUFG/O          | None       |          43 |               0 |   43 |      0 |    0 |   0 |  0 |    0 |   0 |       0 | ClockManager_0/MMCM_0/TdcSamplingClk90  |
+-----------+-------+-----------------+------------+-------------+-----------------+------+--------+------+-----+----+------+-----+---------+-----------------------------------------+
* Clock Loads column represents the clock pin loads (pin count)
** Non-Clock Loads column represents the non-clock pin loads (pin count)
*** Columns FF, LUTRAM, RAMB through 'Hard IP' represents load cell counts



# Location of BUFG Primitives 
set_property LOC BUFGCTRL_X0Y29 [get_cells ClockManager_0/MMCM_0/BUFG_CLK_250M_90]
set_property LOC BUFGCTRL_X0Y27 [get_cells ClockManager_0/MMCM_0/BUFG_CLK_250M_270]
set_property LOC BUFGCTRL_X0Y28 [get_cells ClockManager_0/MMCM_0/BUFG_CLK_250M_180]
set_property LOC BUFGCTRL_X0Y30 [get_cells ClockManager_0/MMCM_0/BUFG_CLK_250M_0]
set_property LOC BUFGCTRL_X0Y26 [get_cells ClockManager_0/MMCM_0/BUFG_CLK_125M]
set_property LOC BUFGCTRL_X0Y24 [get_cells ClockManager_0/MMCM_0/BUFG_CLK_25M]
set_property LOC BUFGCTRL_X0Y25 [get_cells ClockManager_0/MMCM_0/BUFG_CLK_500M]
set_property LOC BUFGCTRL_X0Y23 [get_cells ClockManager_0/MMCM_0/BUFG_CLK_6M]
set_property LOC BUFGCTRL_X0Y31 [get_cells ClockManager_0/MMCM_0/BUFG_CLK_FB_0]
set_property LOC BUFGCTRL_X0Y22 [get_cells ClockManager_0/MMCM_0/BUFG_CLK_66M]
set_property LOC BUFGCTRL_X0Y3 [get_cells ClockManager_0/BUFG_AD9220_CLK_OUT]
set_property LOC BUFGCTRL_X0Y4 [get_cells ClockManager_0/BUFG_AD9220_CLK]

# Location of IO Primitives which is load of clock spine
set_property LOC IOB_X1Y96 [get_cells SCK_DAC_OBUF_inst]
set_property LOC IOB_X1Y103 [get_cells EASIROC2_ADC_CLK_LG_OBUF_inst]
set_property LOC IOB_X1Y119 [get_cells EASIROC2_ADC_CLK_HG_OBUF_inst]
set_property LOC IOB_X0Y128 [get_cells EASIROC1_ADC_CLK_LG_OBUF_inst]
set_property LOC IOB_X0Y101 [get_cells EASIROC1_ADC_CLK_HG_OBUF_inst]

# Location of clock ports
set_property LOC IOB_X0Y176 [get_ports EXTCLK50M]

# Clock net "ClockManager_0/MMCM_0/TdcSamplingClk90" driven by instance "ClockManager_0/MMCM_0/BUFG_CLK_250M_90" located at site "BUFGCTRL_X0Y29"
#startgroup
create_pblock {CLKAG_ClockManager_0/MMCM_0/TdcSamplingClk90}
add_cells_to_pblock [get_pblocks  {CLKAG_ClockManager_0/MMCM_0/TdcSamplingClk90}] [get_cells -filter { PRIMITIVE_GROUP != I/O && IS_PRIMITIVE==1 && PRIMITIVE_LEVEL !=INTERNAL } -of_object [get_pins -filter {DIRECTION==IN} -of_objects [get_nets -hierarchical -filter {PARENT=="ClockManager_0/MMCM_0/TdcSamplingClk90"}]]]
resize_pblock [get_pblocks {CLKAG_ClockManager_0/MMCM_0/TdcSamplingClk90}] -add {CLOCKREGION_X0Y0:CLOCKREGION_X0Y0 CLOCKREGION_X0Y1:CLOCKREGION_X0Y1 CLOCKREGION_X0Y2:CLOCKREGION_X0Y2 CLOCKREGION_X0Y3:CLOCKREGION_X0Y3 CLOCKREGION_X1Y0:CLOCKREGION_X1Y0 CLOCKREGION_X1Y1:CLOCKREGION_X1Y1 CLOCKREGION_X1Y2:CLOCKREGION_X1Y2 CLOCKREGION_X1Y3:CLOCKREGION_X1Y3}
#endgroup

# Clock net "ClockManager_0/MMCM_0/TdcSamplingClk270" driven by instance "ClockManager_0/MMCM_0/BUFG_CLK_250M_270" located at site "BUFGCTRL_X0Y27"
#startgroup
create_pblock {CLKAG_ClockManager_0/MMCM_0/TdcSamplingClk270}
add_cells_to_pblock [get_pblocks  {CLKAG_ClockManager_0/MMCM_0/TdcSamplingClk270}] [get_cells -filter { PRIMITIVE_GROUP != I/O && IS_PRIMITIVE==1 && PRIMITIVE_LEVEL !=INTERNAL } -of_object [get_pins -filter {DIRECTION==IN} -of_objects [get_nets -hierarchical -filter {PARENT=="ClockManager_0/MMCM_0/TdcSamplingClk270"}]]]
resize_pblock [get_pblocks {CLKAG_ClockManager_0/MMCM_0/TdcSamplingClk270}] -add {CLOCKREGION_X0Y0:CLOCKREGION_X0Y0 CLOCKREGION_X0Y1:CLOCKREGION_X0Y1 CLOCKREGION_X0Y2:CLOCKREGION_X0Y2 CLOCKREGION_X0Y3:CLOCKREGION_X0Y3 CLOCKREGION_X1Y0:CLOCKREGION_X1Y0 CLOCKREGION_X1Y1:CLOCKREGION_X1Y1 CLOCKREGION_X1Y2:CLOCKREGION_X1Y2 CLOCKREGION_X1Y3:CLOCKREGION_X1Y3}
#endgroup

# Clock net "ClockManager_0/MMCM_0/TdcSamplingClk180" driven by instance "ClockManager_0/MMCM_0/BUFG_CLK_250M_180" located at site "BUFGCTRL_X0Y28"
#startgroup
create_pblock {CLKAG_ClockManager_0/MMCM_0/TdcSamplingClk180}
add_cells_to_pblock [get_pblocks  {CLKAG_ClockManager_0/MMCM_0/TdcSamplingClk180}] [get_cells -filter { PRIMITIVE_GROUP != I/O && IS_PRIMITIVE==1 && PRIMITIVE_LEVEL !=INTERNAL } -of_object [get_pins -filter {DIRECTION==IN} -of_objects [get_nets -hierarchical -filter {PARENT=="ClockManager_0/MMCM_0/TdcSamplingClk180"}]]]
resize_pblock [get_pblocks {CLKAG_ClockManager_0/MMCM_0/TdcSamplingClk180}] -add {CLOCKREGION_X0Y0:CLOCKREGION_X0Y0 CLOCKREGION_X0Y1:CLOCKREGION_X0Y1 CLOCKREGION_X0Y2:CLOCKREGION_X0Y2 CLOCKREGION_X0Y3:CLOCKREGION_X0Y3 CLOCKREGION_X1Y0:CLOCKREGION_X1Y0 CLOCKREGION_X1Y1:CLOCKREGION_X1Y1 CLOCKREGION_X1Y2:CLOCKREGION_X1Y2 CLOCKREGION_X1Y3:CLOCKREGION_X1Y3}
#endgroup

# Clock net "ClockManager_0/MMCM_0/TdcSamplingClk0" driven by instance "ClockManager_0/MMCM_0/BUFG_CLK_250M_0" located at site "BUFGCTRL_X0Y30"
#startgroup
create_pblock {CLKAG_ClockManager_0/MMCM_0/TdcSamplingClk0}
add_cells_to_pblock [get_pblocks  {CLKAG_ClockManager_0/MMCM_0/TdcSamplingClk0}] [get_cells -filter { PRIMITIVE_GROUP != I/O && IS_PRIMITIVE==1 && PRIMITIVE_LEVEL !=INTERNAL } -of_object [get_pins -filter {DIRECTION==IN} -of_objects [get_nets -hierarchical -filter {PARENT=="ClockManager_0/MMCM_0/TdcSamplingClk0"}]]]
resize_pblock [get_pblocks {CLKAG_ClockManager_0/MMCM_0/TdcSamplingClk0}] -add {CLOCKREGION_X0Y0:CLOCKREGION_X0Y0 CLOCKREGION_X0Y1:CLOCKREGION_X0Y1 CLOCKREGION_X0Y2:CLOCKREGION_X0Y2 CLOCKREGION_X0Y3:CLOCKREGION_X0Y3 CLOCKREGION_X1Y0:CLOCKREGION_X1Y0 CLOCKREGION_X1Y1:CLOCKREGION_X1Y1 CLOCKREGION_X1Y2:CLOCKREGION_X1Y2 CLOCKREGION_X1Y3:CLOCKREGION_X1Y3}
#endgroup

# Clock net "ClockManager_0/MMCM_0/TdcClk" driven by instance "ClockManager_0/MMCM_0/BUFG_CLK_125M" located at site "BUFGCTRL_X0Y26"
#startgroup
create_pblock {CLKAG_ClockManager_0/MMCM_0/TdcClk}
add_cells_to_pblock [get_pblocks  {CLKAG_ClockManager_0/MMCM_0/TdcClk}] [get_cells -filter { PRIMITIVE_GROUP != I/O && IS_PRIMITIVE==1 && PRIMITIVE_LEVEL !=INTERNAL } -of_object [get_pins -filter {DIRECTION==IN} -of_objects [get_nets -hierarchical -filter {PARENT=="ClockManager_0/MMCM_0/TdcClk"}]]]
resize_pblock [get_pblocks {CLKAG_ClockManager_0/MMCM_0/TdcClk}] -add {CLOCKREGION_X0Y0:CLOCKREGION_X0Y0 CLOCKREGION_X0Y1:CLOCKREGION_X0Y1 CLOCKREGION_X0Y2:CLOCKREGION_X0Y2 CLOCKREGION_X0Y3:CLOCKREGION_X0Y3 CLOCKREGION_X1Y0:CLOCKREGION_X1Y0 CLOCKREGION_X1Y1:CLOCKREGION_X1Y1 CLOCKREGION_X1Y2:CLOCKREGION_X1Y2 CLOCKREGION_X1Y3:CLOCKREGION_X1Y3}
#endgroup

# Clock net "ClockManager_0/MMCM_0/SCK_DAC_OBUF" driven by instance "ClockManager_0/MMCM_0/BUFG_CLK_25M" located at site "BUFGCTRL_X0Y24"
#startgroup
create_pblock {CLKAG_ClockManager_0/MMCM_0/SCK_DAC_OBUF}
add_cells_to_pblock [get_pblocks  {CLKAG_ClockManager_0/MMCM_0/SCK_DAC_OBUF}] [get_cells -filter { PRIMITIVE_GROUP != I/O && IS_PRIMITIVE==1 && PRIMITIVE_LEVEL !=INTERNAL && NAME!=SCK_DAC_OBUF_inst} -of_object [get_pins -filter {DIRECTION==IN} -of_objects [get_nets -hierarchical -filter {PARENT=="ClockManager_0/MMCM_0/SCK_DAC_OBUF"}]]]
resize_pblock [get_pblocks {CLKAG_ClockManager_0/MMCM_0/SCK_DAC_OBUF}] -add {CLOCKREGION_X0Y0:CLOCKREGION_X0Y0 CLOCKREGION_X0Y1:CLOCKREGION_X0Y1 CLOCKREGION_X0Y2:CLOCKREGION_X0Y2 CLOCKREGION_X0Y3:CLOCKREGION_X0Y3 CLOCKREGION_X1Y0:CLOCKREGION_X1Y0 CLOCKREGION_X1Y1:CLOCKREGION_X1Y1 CLOCKREGION_X1Y2:CLOCKREGION_X1Y2 CLOCKREGION_X1Y3:CLOCKREGION_X1Y3}
#endgroup

# Clock net "ClockManager_0/MMCM_0/FastClk" driven by instance "ClockManager_0/MMCM_0/BUFG_CLK_500M" located at site "BUFGCTRL_X0Y25"
#startgroup
create_pblock {CLKAG_ClockManager_0/MMCM_0/FastClk}
add_cells_to_pblock [get_pblocks  {CLKAG_ClockManager_0/MMCM_0/FastClk}] [get_cells -filter { PRIMITIVE_GROUP != I/O && IS_PRIMITIVE==1 && PRIMITIVE_LEVEL !=INTERNAL } -of_object [get_pins -filter {DIRECTION==IN} -of_objects [get_nets -hierarchical -filter {PARENT=="ClockManager_0/MMCM_0/FastClk"}]]]
resize_pblock [get_pblocks {CLKAG_ClockManager_0/MMCM_0/FastClk}] -add {CLOCKREGION_X0Y0:CLOCKREGION_X0Y0 CLOCKREGION_X0Y1:CLOCKREGION_X0Y1 CLOCKREGION_X0Y2:CLOCKREGION_X0Y2 CLOCKREGION_X0Y3:CLOCKREGION_X0Y3 CLOCKREGION_X1Y0:CLOCKREGION_X1Y0 CLOCKREGION_X1Y1:CLOCKREGION_X1Y1 CLOCKREGION_X1Y2:CLOCKREGION_X1Y2 CLOCKREGION_X1Y3:CLOCKREGION_X1Y3}
#endgroup

# Clock net "ClockManager_0/MMCM_0/Clk6M" driven by instance "ClockManager_0/MMCM_0/BUFG_CLK_6M" located at site "BUFGCTRL_X0Y23"
#startgroup
create_pblock {CLKAG_ClockManager_0/MMCM_0/Clk6M}
add_cells_to_pblock [get_pblocks  {CLKAG_ClockManager_0/MMCM_0/Clk6M}] [get_cells -filter { PRIMITIVE_GROUP != I/O && IS_PRIMITIVE==1 && PRIMITIVE_LEVEL !=INTERNAL } -of_object [get_pins -filter {DIRECTION==IN} -of_objects [get_nets -hierarchical -filter {PARENT=="ClockManager_0/MMCM_0/Clk6M"}]]]
resize_pblock [get_pblocks {CLKAG_ClockManager_0/MMCM_0/Clk6M}] -add {CLOCKREGION_X0Y0:CLOCKREGION_X0Y0 CLOCKREGION_X0Y1:CLOCKREGION_X0Y1 CLOCKREGION_X0Y2:CLOCKREGION_X0Y2 CLOCKREGION_X0Y3:CLOCKREGION_X0Y3 CLOCKREGION_X1Y0:CLOCKREGION_X1Y0 CLOCKREGION_X1Y1:CLOCKREGION_X1Y1 CLOCKREGION_X1Y2:CLOCKREGION_X1Y2 CLOCKREGION_X1Y3:CLOCKREGION_X1Y3}
#endgroup

# Clock net "ClockManager_0/MMCM_0/CLK" driven by instance "ClockManager_0/MMCM_0/BUFG_CLK_66M" located at site "BUFGCTRL_X0Y22"
#startgroup
create_pblock {CLKAG_ClockManager_0/MMCM_0/CLK}
add_cells_to_pblock [get_pblocks  {CLKAG_ClockManager_0/MMCM_0/CLK}] [get_cells -filter { PRIMITIVE_GROUP != I/O && IS_PRIMITIVE==1 && PRIMITIVE_LEVEL !=INTERNAL } -of_object [get_pins -filter {DIRECTION==IN} -of_objects [get_nets -hierarchical -filter {PARENT=="ClockManager_0/MMCM_0/CLK"}]]]
resize_pblock [get_pblocks {CLKAG_ClockManager_0/MMCM_0/CLK}] -add {CLOCKREGION_X0Y0:CLOCKREGION_X0Y0 CLOCKREGION_X0Y1:CLOCKREGION_X0Y1 CLOCKREGION_X0Y2:CLOCKREGION_X0Y2 CLOCKREGION_X0Y3:CLOCKREGION_X0Y3 CLOCKREGION_X1Y0:CLOCKREGION_X1Y0 CLOCKREGION_X1Y1:CLOCKREGION_X1Y1 CLOCKREGION_X1Y2:CLOCKREGION_X1Y2 CLOCKREGION_X1Y3:CLOCKREGION_X1Y3}
#endgroup

# Clock net "ClockManager_0/Ad9220Clk" driven by instance "ClockManager_0/BUFG_AD9220_CLK" located at site "BUFGCTRL_X0Y4"
#startgroup
create_pblock {CLKAG_ClockManager_0/Ad9220Clk}
add_cells_to_pblock [get_pblocks  {CLKAG_ClockManager_0/Ad9220Clk}] [get_cells -filter { PRIMITIVE_GROUP != I/O && IS_PRIMITIVE==1 && PRIMITIVE_LEVEL !=INTERNAL } -of_object [get_pins -filter {DIRECTION==IN} -of_objects [get_nets -hierarchical -filter {PARENT=="ClockManager_0/Ad9220Clk"}]]]
resize_pblock [get_pblocks {CLKAG_ClockManager_0/Ad9220Clk}] -add {CLOCKREGION_X0Y0:CLOCKREGION_X0Y0 CLOCKREGION_X0Y1:CLOCKREGION_X0Y1 CLOCKREGION_X0Y2:CLOCKREGION_X0Y2 CLOCKREGION_X0Y3:CLOCKREGION_X0Y3 CLOCKREGION_X1Y0:CLOCKREGION_X1Y0 CLOCKREGION_X1Y1:CLOCKREGION_X1Y1 CLOCKREGION_X1Y2:CLOCKREGION_X1Y2 CLOCKREGION_X1Y3:CLOCKREGION_X1Y3}
#endgroup
