INFO: [VRFC 10-163] Analyzing VHDL file "C:/Users/owner/Downloads/sfgd_vivadofpga/EASIROC_FPGA/EASIROCfirmware_NC150923_work1912/rtl/FineCounterDecoder.vhd" into library xil_defaultlib
INFO: [VRFC 10-307] analyzing entity FineCounterDecoder
INFO: [VRFC 10-163] Analyzing VHDL file "C:/Users/owner/Downloads/sfgd_vivadofpga/EASIROC_FPGA/EASIROCfirmware_NC150923_work1912/rtl/FineCounter.vhd" into library xil_defaultlib
INFO: [VRFC 10-307] analyzing entity FineCounter
INFO: [VRFC 10-163] Analyzing VHDL file "C:/Users/owner/Downloads/sfgd_vivadofpga/EASIROC_FPGA/EASIROCfirmware_NC150923_work1912/rtl/Synchronizer.vhd" into library xil_defaultlib
INFO: [VRFC 10-307] analyzing entity Synchronizer
INFO: [VRFC 10-163] Analyzing VHDL file "C:/Users/owner/Downloads/sfgd_vivadofpga/EASIROC_FPGA/EASIROCfirmware_NC150923_work1912/rtl/RBCP_Receiver.vhd" into library xil_defaultlib
INFO: [VRFC 10-307] analyzing entity RBCP_Receiver
INFO: [VRFC 10-163] Analyzing VHDL file "C:/Users/owner/Downloads/sfgd_vivadofpga/EASIROC_FPGA/EASIROCfirmware_NC150923_work1912/rtl/package/MHTDC_DataType.vhd" into library xil_defaultlib
INFO: [VRFC 10-163] Analyzing VHDL file "C:/Users/owner/Downloads/sfgd_vivadofpga/EASIROC_FPGA/EASIROCfirmware_NC150923_work1912/rtl/MHTDC_Counter.vhd" into library xil_defaultlib
INFO: [VRFC 10-307] analyzing entity MHTDC_Counter
INFO: [VRFC 10-163] Analyzing VHDL file "C:/Users/owner/Downloads/sfgd_vivadofpga/EASIROC_FPGA/EASIROCfirmware_NC150923_work1912/rtl/DualPortRam.vhd" into library xil_defaultlib
INFO: [VRFC 10-307] analyzing entity DualPortRam
INFO: [VRFC 10-163] Analyzing VHDL file "C:/Users/owner/Downloads/sfgd_vivadofpga/EASIROC_FPGA/EASIROCfirmware_NC150923_work1912/rtl/TimeWindowRegister.vhd" into library xil_defaultlib
INFO: [VRFC 10-307] analyzing entity TimeWindowRegister
INFO: [VRFC 10-163] Analyzing VHDL file "C:/Users/owner/Downloads/sfgd_vivadofpga/EASIROC_FPGA/EASIROCfirmware_NC150923_work1912/rtl/SynchronizerNbit.vhd" into library xil_defaultlib
INFO: [VRFC 10-307] analyzing entity SynchronizerNbit
INFO: [VRFC 10-163] Analyzing VHDL file "C:/Users/owner/Downloads/sfgd_vivadofpga/EASIROC_FPGA/EASIROCfirmware_NC150923_work1912/rtl/SynchEdgeDetector.vhd" into library xil_defaultlib
INFO: [VRFC 10-307] analyzing entity SynchEdgeDetector
INFO: [VRFC 10-163] Analyzing VHDL file "C:/Users/owner/Downloads/sfgd_vivadofpga/EASIROC_FPGA/EASIROCfirmware_NC150923_work1912/rtl/SPI_IF.vhd" into library xil_defaultlib
INFO: [VRFC 10-307] analyzing entity SPI_IF
INFO: [VRFC 10-163] Analyzing VHDL file "C:/Users/owner/Downloads/sfgd_vivadofpga/EASIROC_FPGA/EASIROCfirmware_NC150923_work1912/rtl/SlowControlRegister.vhd" into library xil_defaultlib
INFO: [VRFC 10-307] analyzing entity SlowControlRegister
INFO: [VRFC 10-163] Analyzing VHDL file "C:/Users/owner/Downloads/sfgd_vivadofpga/EASIROC_FPGA/EASIROCfirmware_NC150923_work1912/rtl/Serializer.vhd" into library xil_defaultlib
INFO: [VRFC 10-307] analyzing entity Serializer
INFO: [VRFC 10-163] Analyzing VHDL file "C:/Users/owner/Downloads/sfgd_vivadofpga/EASIROC_FPGA/EASIROCfirmware_NC150923_work1912/rtl/RBCP_Receiver16bit.vhd" into library xil_defaultlib
INFO: [VRFC 10-307] analyzing entity RBCP_Receiver16bit
INFO: [VRFC 10-163] Analyzing VHDL file "C:/Users/owner/Downloads/sfgd_vivadofpga/EASIROC_FPGA/EASIROCfirmware_NC150923_work1912/rtl/PulseExtender.vhd" into library xil_defaultlib
INFO: [VRFC 10-307] analyzing entity PulseExtender
INFO: [VRFC 10-163] Analyzing VHDL file "C:/Users/owner/Downloads/sfgd_vivadofpga/EASIROC_FPGA/EASIROCfirmware_NC150923_work1912/rtl/package/Asynch.vhd" into library xil_defaultlib
INFO: [VRFC 10-163] Analyzing VHDL file "C:/Users/owner/Downloads/sfgd_vivadofpga/EASIROC_FPGA/EASIROCfirmware_NC150923_work1912/rtl/MHTDC_ChannelBuffer.vhd" into library xil_defaultlib
INFO: [VRFC 10-307] analyzing entity MHTDC_ChannelBuffer
INFO: [VRFC 10-163] Analyzing VHDL file "C:/Users/owner/Downloads/sfgd_vivadofpga/EASIROC_FPGA/EASIROCfirmware_NC150923_work1912/rtl/MHTDC_Builder.vhd" into library xil_defaultlib
INFO: [VRFC 10-307] analyzing entity MHTDC_Builder
INFO: [VRFC 10-163] Analyzing VHDL file "C:/Users/owner/Downloads/sfgd_vivadofpga/EASIROC_FPGA/EASIROCfirmware_NC150923_work1912/rtl/EdgeDetector.vhd" into library xil_defaultlib
INFO: [VRFC 10-307] analyzing entity EdgeDetector
INFO: [VRFC 10-163] Analyzing VHDL file "C:/Users/owner/Downloads/sfgd_vivadofpga/EASIROC_FPGA/EASIROCfirmware_NC150923_work1912/rtl/Delayer.vhd" into library xil_defaultlib
INFO: [VRFC 10-307] analyzing entity Delayer
INFO: [VRFC 10-163] Analyzing VHDL file "C:/Users/owner/Downloads/sfgd_vivadofpga/EASIROC_FPGA/EASIROCfirmware_NC150923_work1912/rtl/CommonStopManager.vhd" into library xil_defaultlib
INFO: [VRFC 10-307] analyzing entity CommonStopManager
INFO: [VRFC 10-163] Analyzing VHDL file "C:/Users/owner/Downloads/sfgd_vivadofpga/EASIROC_FPGA/EASIROCfirmware_NC150923_work1912/project/project.srcs/sources_1/imports/rtl/TriggerDelayer.vhd" into library xil_defaultlib
INFO: [VRFC 10-307] analyzing entity TriggerDelayer
INFO: [VRFC 10-163] Analyzing VHDL file "C:/Users/owner/Downloads/sfgd_vivadofpga/EASIROC_FPGA/EASIROCfirmware_NC150923_work1912/rtl/Width_Adjuster.vhd" into library xil_defaultlib
INFO: [VRFC 10-307] analyzing entity Width_Adjuster
INFO: [VRFC 10-163] Analyzing VHDL file "C:/Users/owner/Downloads/sfgd_vivadofpga/EASIROC_FPGA/EASIROCfirmware_NC150923_work1912/rtl/TDC_Gatherer.vhd" into library xil_defaultlib
INFO: [VRFC 10-307] analyzing entity TDC_Gatherer
INFO: [VRFC 10-163] Analyzing VHDL file "C:/Users/owner/Downloads/sfgd_vivadofpga/EASIROC_FPGA/EASIROCfirmware_NC150923_work1912/rtl/TCP_Sender_32bit.vhd" into library xil_defaultlib
INFO: [VRFC 10-307] analyzing entity TCP_Sender_32bit
INFO: [VRFC 10-163] Analyzing VHDL file "C:/Users/owner/Downloads/sfgd_vivadofpga/EASIROC_FPGA/EASIROCfirmware_NC150923_work1912/rtl/SynchFIFO.vhd" into library xil_defaultlib
INFO: [VRFC 10-307] analyzing entity SynchFIFO
INFO: [VRFC 10-163] Analyzing VHDL file "C:/Users/owner/Downloads/sfgd_vivadofpga/EASIROC_FPGA/EASIROCfirmware_NC150923_work1912/rtl/SPI_CommandSender.vhd" into library xil_defaultlib
INFO: [VRFC 10-307] analyzing entity SPI_CommandSender
INFO: [VRFC 10-163] Analyzing VHDL file "C:/Users/owner/Downloads/sfgd_vivadofpga/EASIROC_FPGA/EASIROCfirmware_NC150923_work1912/rtl/SlowControl.vhd" into library xil_defaultlib
INFO: [VRFC 10-307] analyzing entity SlowControl
INFO: [VRFC 10-163] Analyzing VHDL file "C:/Users/owner/Downloads/sfgd_vivadofpga/EASIROC_FPGA/EASIROCfirmware_NC150923_work1912/rtl/SingleScaler.vhd" into library xil_defaultlib
INFO: [VRFC 10-307] analyzing entity SingleScaler
INFO: [VRFC 10-163] Analyzing VHDL file "C:/Users/owner/Downloads/sfgd_vivadofpga/EASIROC_FPGA/EASIROCfirmware_NC150923_work1912/rtl/shift_reg.vhd" into library xil_defaultlib
INFO: [VRFC 10-307] analyzing entity shift_reg
INFO: [VRFC 10-163] Analyzing VHDL file "C:/Users/owner/Downloads/sfgd_vivadofpga/EASIROC_FPGA/EASIROCfirmware_NC150923_work1912/rtl/ScalerGatherer.vhd" into library xil_defaultlib
INFO: [VRFC 10-307] analyzing entity ScalerGatherer
INFO: [VRFC 10-163] Analyzing VHDL file "C:/Users/owner/Downloads/sfgd_vivadofpga/EASIROC_FPGA/EASIROCfirmware_NC150923_work1912/rtl/ReconfigurationManager.vhd" into library xil_defaultlib
INFO: [VRFC 10-307] analyzing entity ReconfigurationManager
INFO: [VRFC 10-163] Analyzing VHDL file "C:/Users/owner/Downloads/sfgd_vivadofpga/EASIROC_FPGA/EASIROCfirmware_NC150923_work1912/rtl/ReadRegister.vhd" into library xil_defaultlib
INFO: [VRFC 10-307] analyzing entity ReadRegister
INFO: [VRFC 10-163] Analyzing VHDL file "C:/Users/owner/Downloads/sfgd_vivadofpga/EASIROC_FPGA/EASIROCfirmware_NC150923_work1912/rtl/RBCP_Sender.vhd" into library xil_defaultlib
INFO: [VRFC 10-307] analyzing entity RBCP_Sender
INFO: [VRFC 10-163] Analyzing VHDL file "C:/Users/owner/Downloads/sfgd_vivadofpga/EASIROC_FPGA/EASIROCfirmware_NC150923_work1912/rtl/MMCM.vhd" into library xil_defaultlib
INFO: [VRFC 10-307] analyzing entity MMCM
INFO: [VRFC 10-163] Analyzing VHDL file "C:/Users/owner/Downloads/sfgd_vivadofpga/EASIROC_FPGA/EASIROCfirmware_NC150923_work1912/rtl/MHTDC_Core.vhd" into library xil_defaultlib
INFO: [VRFC 10-307] analyzing entity MHTDC_Core
INFO: [VRFC 10-163] Analyzing VHDL file "C:/Users/owner/Downloads/sfgd_vivadofpga/EASIROC_FPGA/EASIROCfirmware_NC150923_work1912/rtl/MADC_Core.vhd" into library xil_defaultlib
INFO: [VRFC 10-307] analyzing entity MADC_Core
INFO: [VRFC 10-163] Analyzing VHDL file "C:/Users/owner/Downloads/sfgd_vivadofpga/EASIROC_FPGA/EASIROCfirmware_NC150923_work1912/rtl/InterclockTrigger.vhd" into library xil_defaultlib
INFO: [VRFC 10-307] analyzing entity InterclockTrigger
INFO: [VRFC 10-163] Analyzing VHDL file "C:/Users/owner/Downloads/sfgd_vivadofpga/EASIROC_FPGA/EASIROCfirmware_NC150923_work1912/rtl/HoldExpander.vhd" into library xil_defaultlib
INFO: [VRFC 10-307] analyzing entity HoldExpander
INFO: [VRFC 10-163] Analyzing VHDL file "C:/Users/owner/Downloads/sfgd_vivadofpga/EASIROC_FPGA/EASIROCfirmware_NC150923_work1912/rtl/DoubleBuffer.vhd" into library xil_defaultlib
INFO: [VRFC 10-307] analyzing entity DoubleBuffer
INFO: [VRFC 10-163] Analyzing VHDL file "C:/Users/owner/Downloads/sfgd_vivadofpga/EASIROC_FPGA/EASIROCfirmware_NC150923_work1912/rtl/DFF_1Shot.vhd" into library xil_defaultlib
INFO: [VRFC 10-307] analyzing entity DFF_1Shot
INFO: [VRFC 10-163] Analyzing VHDL file "C:/Users/owner/Downloads/sfgd_vivadofpga/EASIROC_FPGA/EASIROCfirmware_NC150923_work1912/rtl/BusyManager.vhd" into library xil_defaultlib
INFO: [VRFC 10-307] analyzing entity BusyManager
INFO: [VRFC 10-163] Analyzing VHDL file "C:/Users/owner/Downloads/sfgd_vivadofpga/EASIROC_FPGA/EASIROCfirmware_NC150923_work1912/rtl/ADC_Gatherer.vhd" into library xil_defaultlib
INFO: [VRFC 10-307] analyzing entity ADC_Gatherer
INFO: [VRFC 10-163] Analyzing VHDL file "C:/Users/owner/Downloads/sfgd_vivadofpga/EASIROC_FPGA/EASIROCfirmware_NC150923_work1912/rtl/ADC_Core.vhd" into library xil_defaultlib
INFO: [VRFC 10-307] analyzing entity ADC_Core
INFO: [VRFC 10-163] Analyzing VHDL file "C:/Users/owner/Downloads/sfgd_vivadofpga/EASIROC_FPGA/EASIROCfirmware_NC150923_work1912/rtl/ADC_Controller.vhd" into library xil_defaultlib
INFO: [VRFC 10-307] analyzing entity ADC_Controller
INFO: [VRFC 10-163] Analyzing VHDL file "C:/Users/owner/Downloads/sfgd_vivadofpga/EASIROC_FPGA/EASIROCfirmware_NC150923_work1912/rtl/Version.vhd" into library xil_defaultlib
INFO: [VRFC 10-307] analyzing entity Version
INFO: [VRFC 10-163] Analyzing VHDL file "C:/Users/owner/Downloads/sfgd_vivadofpga/EASIROC_FPGA/EASIROCfirmware_NC150923_work1912/rtl/UsrClkOut.vhd" into library xil_defaultlib
INFO: [VRFC 10-307] analyzing entity UsrClkOut
INFO: [VRFC 10-163] Analyzing VHDL file "C:/Users/owner/Downloads/sfgd_vivadofpga/EASIROC_FPGA/EASIROCfirmware_NC150923_work1912/rtl/TriggerWidth.vhd" into library xil_defaultlib
INFO: [VRFC 10-307] analyzing entity TriggerWidth
INFO: [VRFC 10-163] Analyzing VHDL file "C:/Users/owner/Downloads/sfgd_vivadofpga/EASIROC_FPGA/EASIROCfirmware_NC150923_work1912/rtl/TriggerManager.vhd" into library xil_defaultlib
INFO: [VRFC 10-307] analyzing entity TriggerManager
INFO: [VRFC 10-163] Analyzing VHDL file "C:/Users/owner/Downloads/sfgd_vivadofpga/EASIROC_FPGA/EASIROCfirmware_NC150923_work1912/rtl/TestChargeInjection.vhd" into library xil_defaultlib
INFO: [VRFC 10-307] analyzing entity TestChargeInjection
INFO: [VRFC 10-163] Analyzing VHDL file "C:/Users/owner/Downloads/sfgd_vivadofpga/EASIROC_FPGA/EASIROCfirmware_NC150923_work1912/rtl/StatusRegister.vhd" into library xil_defaultlib
INFO: [VRFC 10-307] analyzing entity StatusRegister
INFO: [VRFC 10-163] Analyzing VHDL file "C:/Users/owner/Downloads/sfgd_vivadofpga/EASIROC_FPGA/EASIROCfirmware_NC150923_work1912/rtl/SPI_FLASH_Programmer.vhd" into library xil_defaultlib
INFO: [VRFC 10-307] analyzing entity SPI_FLASH_Programmer
INFO: [VRFC 10-163] Analyzing VHDL file "C:/Users/owner/Downloads/sfgd_vivadofpga/EASIROC_FPGA/EASIROCfirmware_NC150923_work1912/rtl/SelectableLogic.vhd" into library xil_defaultlib
INFO: [VRFC 10-307] analyzing entity SelectableLogic
INFO: [VRFC 10-163] Analyzing VHDL file "C:/Users/owner/Downloads/sfgd_vivadofpga/EASIROC_FPGA/EASIROCfirmware_NC150923_work1912/rtl/ScalerTimer.vhd" into library xil_defaultlib
INFO: [VRFC 10-307] analyzing entity ScalerTimer
INFO: [VRFC 10-163] Analyzing VHDL file "C:/Users/owner/Downloads/sfgd_vivadofpga/EASIROC_FPGA/EASIROCfirmware_NC150923_work1912/rtl/Scaler.vhd" into library xil_defaultlib
INFO: [VRFC 10-307] analyzing entity Scaler
INFO: [VRFC 10-163] Analyzing VHDL file "C:/Users/owner/Downloads/sfgd_vivadofpga/EASIROC_FPGA/EASIROCfirmware_NC150923_work1912/rtl/ResetManager.vhd" into library xil_defaultlib
INFO: [VRFC 10-307] analyzing entity ResetManager
INFO: [VRFC 10-163] Analyzing VHDL file "C:/Users/owner/Downloads/sfgd_vivadofpga/EASIROC_FPGA/EASIROCfirmware_NC150923_work1912/rtl/ReadRegisterSelector.vhd" into library xil_defaultlib
INFO: [VRFC 10-307] analyzing entity ReadRegisterSelector
INFO: [VRFC 10-163] Analyzing VHDL file "C:/Users/owner/Downloads/sfgd_vivadofpga/EASIROC_FPGA/EASIROCfirmware_NC150923_work1912/rtl/RBCP_Distributor.vhd" into library xil_defaultlib
INFO: [VRFC 10-307] analyzing entity RBCP_Distributor
INFO: [VRFC 10-163] Analyzing VHDL file "C:/Users/owner/Downloads/sfgd_vivadofpga/EASIROC_FPGA/EASIROCfirmware_NC150923_work1912/rtl/package/SynthesizedDate.vhd" into library xil_defaultlib
INFO: [VRFC 10-163] Analyzing VHDL file "C:/Users/owner/Downloads/sfgd_vivadofpga/EASIROC_FPGA/EASIROCfirmware_NC150923_work1912/rtl/package/RegisterAddress.vhd" into library xil_defaultlib
INFO: [VRFC 10-163] Analyzing VHDL file "C:/Users/owner/Downloads/sfgd_vivadofpga/EASIROC_FPGA/EASIROCfirmware_NC150923_work1912/rtl/MHTDC.vhd" into library xil_defaultlib
INFO: [VRFC 10-307] analyzing entity MHTDC
INFO: [VRFC 10-163] Analyzing VHDL file "C:/Users/owner/Downloads/sfgd_vivadofpga/EASIROC_FPGA/EASIROCfirmware_NC150923_work1912/rtl/MADC.vhd" into library xil_defaultlib
INFO: [VRFC 10-307] analyzing entity MADC
INFO: [VRFC 10-163] Analyzing VHDL file "C:/Users/owner/Downloads/sfgd_vivadofpga/EASIROC_FPGA/EASIROCfirmware_NC150923_work1912/rtl/LEDControl.vhd" into library xil_defaultlib
INFO: [VRFC 10-307] analyzing entity LEDControl
INFO: [VRFC 10-163] Analyzing VHDL file "C:/Users/owner/Downloads/sfgd_vivadofpga/EASIROC_FPGA/EASIROCfirmware_NC150923_work1912/rtl/HVControl.vhd" into library xil_defaultlib
INFO: [VRFC 10-307] analyzing entity HVControl
INFO: [VRFC 10-163] Analyzing VHDL file "C:/Users/owner/Downloads/sfgd_vivadofpga/EASIROC_FPGA/EASIROCfirmware_NC150923_work1912/rtl/GlobalSlowControl.vhd" into library xil_defaultlib
INFO: [VRFC 10-307] analyzing entity GlobalSlowControl
INFO: [VRFC 10-163] Analyzing VHDL file "C:/Users/owner/Downloads/sfgd_vivadofpga/EASIROC_FPGA/EASIROCfirmware_NC150923_work1912/rtl/GlobalSender.vhd" into library xil_defaultlib
INFO: [VRFC 10-307] analyzing entity GlobalSender
INFO: [VRFC 10-163] Analyzing VHDL file "C:/Users/owner/Downloads/sfgd_vivadofpga/EASIROC_FPGA/EASIROCfirmware_NC150923_work1912/rtl/GlobalReadRegister.vhd" into library xil_defaultlib
INFO: [VRFC 10-307] analyzing entity GlobalReadRegister
INFO: [VRFC 10-163] Analyzing VHDL file "C:/Users/owner/Downloads/sfgd_vivadofpga/EASIROC_FPGA/EASIROCfirmware_NC150923_work1912/rtl/GlobalGatherer.vhd" into library xil_defaultlib
INFO: [VRFC 10-307] analyzing entity GlobalGatherer
INFO: [VRFC 10-163] Analyzing VHDL file "C:/Users/owner/Downloads/sfgd_vivadofpga/EASIROC_FPGA/EASIROCfirmware_NC150923_work1912/rtl/DiscriOr.vhd" into library xil_defaultlib
INFO: [VRFC 10-307] analyzing entity DiscriOr
INFO: [VRFC 10-163] Analyzing VHDL file "C:/Users/owner/Downloads/sfgd_vivadofpga/EASIROC_FPGA/EASIROCfirmware_NC150923_work1912/rtl/DirectControl.vhd" into library xil_defaultlib
INFO: [VRFC 10-307] analyzing entity DirectControl
INFO: [VRFC 10-163] Analyzing VHDL file "C:/Users/owner/Downloads/sfgd_vivadofpga/EASIROC_FPGA/EASIROCfirmware_NC150923_work1912/rtl/ClockManager.vhd" into library xil_defaultlib
INFO: [VRFC 10-307] analyzing entity ClockManager
INFO: [VRFC 10-163] Analyzing VHDL file "C:/Users/owner/Downloads/sfgd_vivadofpga/EASIROC_FPGA/EASIROCfirmware_NC150923_work1912/rtl/ADC.vhd" into library xil_defaultlib
INFO: [VRFC 10-307] analyzing entity ADC
INFO: [VRFC 10-163] Analyzing VHDL file "C:/Users/owner/Downloads/sfgd_vivadofpga/EASIROC_FPGA/EASIROCfirmware_NC150923_work1912/rtl/TopLevel.vhd" into library xil_defaultlib
INFO: [VRFC 10-307] analyzing entity TopLevel
INFO: [VRFC 10-163] Analyzing VHDL file "C:/Users/owner/Downloads/sfgd_vivadofpga/EASIROC_FPGA/EASIROCfirmware_NC150923_work1912/project/project.srcs/sim_1/imports/sim/UsrClkOut_test.vhd" into library xil_defaultlib
INFO: [VRFC 10-307] analyzing entity UsrClkOut_test
INFO: [VRFC 10-163] Analyzing VHDL file "C:/Users/owner/Downloads/sfgd_vivadofpga/EASIROC_FPGA/EASIROCfirmware_NC150923_work1912/project/project.srcs/sim_1/imports/sim/TriggerDelayer_test.vhd" into library xil_defaultlib
INFO: [VRFC 10-307] analyzing entity TriggerDelayer_test
INFO: [VRFC 10-163] Analyzing VHDL file "C:/Users/owner/Downloads/sfgd_vivadofpga/EASIROC_FPGA/EASIROCfirmware_NC150923_work1912/project/project.srcs/sim_1/imports/sim/TopLevel_test_TimingGeneratation.vhd" into library xil_defaultlib
INFO: [VRFC 10-307] analyzing entity TopLevel_test_TimingGeneratation
INFO: [VRFC 10-163] Analyzing VHDL file "C:/Users/owner/Downloads/sfgd_vivadofpga/EASIROC_FPGA/EASIROCfirmware_NC150923_work1912/project/project.srcs/sim_1/imports/sim/TopLevel_test_AllInputPulseLow.vhd" into library xil_defaultlib
INFO: [VRFC 10-307] analyzing entity TopLevel_test_AllInputPulseLow
INFO: [VRFC 10-163] Analyzing VHDL file "C:/Users/owner/Downloads/sfgd_vivadofpga/EASIROC_FPGA/EASIROCfirmware_NC150923_work1912/project/project.srcs/sim_1/imports/sim/TimingGeneratorModel_test.vhd" into library xil_defaultlib
INFO: [VRFC 10-307] analyzing entity TimingGeneratorModel_test
INFO: [VRFC 10-163] Analyzing VHDL file "C:/Users/owner/Downloads/sfgd_vivadofpga/EASIROC_FPGA/EASIROCfirmware_NC150923_work1912/project/project.srcs/sim_1/imports/sim/TestChargeInjection_test.vhd" into library xil_defaultlib
INFO: [VRFC 10-307] analyzing entity TestChargeInjection_test
INFO: [VRFC 10-163] Analyzing VHDL file "C:/Users/owner/Downloads/sfgd_vivadofpga/EASIROC_FPGA/EASIROCfirmware_NC150923_work1912/project/project.srcs/sim_1/imports/sim/SelectableLogic_test.vhd" into library xil_defaultlib
INFO: [VRFC 10-307] analyzing entity SelectableLogic_test
INFO: [VRFC 10-163] Analyzing VHDL file "C:/Users/owner/Downloads/sfgd_vivadofpga/EASIROC_FPGA/EASIROCfirmware_NC150923_work1912/project/project.srcs/sim_1/imports/sim/HVControl_test.vhd" into library xil_defaultlib
INFO: [VRFC 10-307] analyzing entity HVControl_test
INFO: [VRFC 10-163] Analyzing VHDL file "C:/Users/owner/Downloads/sfgd_vivadofpga/EASIROC_FPGA/EASIROCfirmware_NC150923_work1912/project/project.srcs/sim_1/imports/sim/TriggerManager_test.vhd" into library xil_defaultlib
INFO: [VRFC 10-307] analyzing entity TriggerManager_test
