Vivado Simulator 2014.3
Copyright 1986-1999, 2001-2014 Xilinx, Inc. All Rights Reserved.
Running: C:/Xilinx/Vivado/2014.3.1/bin/unwrapped/win64.o/xelab.exe -wto a09aaa0935ee4069b68ed5f432374a15 --debug typical --relax -L xil_defaultlib -L unisims_ver -L unimacro_ver -L secureip --snapshot TriggerManager_test_behav xil_defaultlib.TriggerManager_test xil_defaultlib.glbl -log elaborate.log 
Multi-threading is on. Using 6 slave threads.
Starting static elaboration
Completed static elaboration
Starting simulation data flow analysis
Completed simulation data flow analysis
Time Resolution for simulation is 1ps
Compiling package std.standard
Compiling package ieee.std_logic_1164
Compiling package ieee.std_logic_arith
Compiling package ieee.std_logic_unsigned
Compiling package unisim.vcomponents
Compiling package std.textio
Compiling package ieee.vital_timing
Compiling package ieee.vital_primitives
Compiling package unisim.vpkg
Compiling package ieee.numeric_std
Compiling module xil_defaultlib.glbl
Compiling architecture rtl of entity xil_defaultlib.RBCP_Receiver [\RBCP_Receiver("0000000000000001...]
Compiling architecture rtl of entity xil_defaultlib.TriggerDelayer [triggerdelayer_default]
Compiling architecture fdce_v of entity unisim.FDCE [\FDCE('0','0','0','0')\]
Compiling architecture fdc_v of entity unisim.FDC [\FDC('0')\]
Compiling architecture rtl of entity xil_defaultlib.Synchronizer [synchronizer_default]
Compiling architecture rtl of entity xil_defaultlib.SynchEdgeDetector [synchedgedetector_default]
Compiling architecture rtl of entity xil_defaultlib.InterclockTrigger [interclocktrigger_default]
Compiling architecture rtl of entity xil_defaultlib.EdgeDetector [edgedetector_default]
Compiling architecture rtl of entity xil_defaultlib.Delayer [\Delayer(1000)\]
Compiling architecture rtl of entity xil_defaultlib.HoldExpander [holdexpander_default]
Compiling architecture rtl of entity xil_defaultlib.BusyManager [busymanager_default]
Compiling architecture rtl of entity xil_defaultlib.TriggerManager [\TriggerManager("000000000000000...]
Compiling architecture behavior of entity xil_defaultlib.triggermanager_test
Built simulation snapshot TriggerManager_test_behav
