1 51.82957999999999
2 51.83373999999999
3 51.83373999999999
4 51.83373999999999
5 51.83373999999999
6 51.83373999999999
7 51.83373999999999
8 51.83373999999999
9 51.83373999999999
10 51.83373999999999
11 51.83373999999999
12 51.83373999999999
13 51.83373999999999
14 51.83373999999999
15 51.83373999999999
16 51.8379
17 51.83373999999999
18 51.83373999999999
19 51.8379
20 51.8379
21 51.8379
22 51.8379
23 51.8379
24 51.8379
25 51.8379
26 51.8379
27 51.83373999999999
28 51.8379
29 51.8379
30 51.8379
31 51.8379
32 51.8379
33 51.8379
34 51.8379
35 51.8379
36 51.8379
37 51.8379
38 51.8379
39 51.8379
40 51.8379
41 51.8379
42 51.8379
43 51.8379
44 51.8379
45 51.8379
46 51.8379
47 51.8379
48 51.8379
49 51.8379
50 51.8379
51 51.8379
52 51.8379
53 51.8379
54 51.8379
55 51.8379
56 51.8379
57 51.8379
58 51.8379
59 51.8379
60 51.8379
61 51.8379
62 51.8379
63 51.8379
64 51.8379
65 51.8379
66 51.8379
67 51.8379
68 51.8379
69 51.8379
70 51.8379
71 51.8379
72 51.8379
73 51.8379
74 51.8379
75 51.8379
76 51.8379
77 51.8379
78 51.8379
79 51.8379
80 51.8379
81 51.8379
82 51.8379
83 51.8379
84 51.8379
85 51.8379
86 51.8379
87 51.8379
88 51.8379
89 51.8379
90 51.8379
91 51.8379
92 51.8379
93 51.8379
94 51.8379
95 51.8379
96 51.8379
97 51.8379
98 51.8379
99 51.8379
100 51.8379
101 51.8379
102 51.8379
103 51.8379
104 51.8379
105 51.8379
106 51.8379
107 51.8379
108 51.8379
109 51.8379
110 51.8379
111 51.8379
112 51.8379
113 51.8379
114 51.8379
115 51.8379
116 51.8379
117 51.8379
118 51.8379
119 51.8379
120 51.8379
121 51.8379
122 51.8379
123 51.8379
124 51.8379
125 51.8379
126 51.8379
127 51.8379
128 51.8379
129 51.8379
130 51.8379
131 51.8379
132 51.8379
133 51.8379
134 51.8379
135 51.8379
136 51.8379
137 51.8379
138 51.8379
139 51.8379
140 51.8379
141 51.8379
142 51.8379
143 51.8379
144 51.8379
145 51.8379
146 51.8379
147 51.8379
148 51.8379
149 51.8379
150 51.8379
151 51.8379
152 51.8379
153 51.8379
154 51.8379
155 51.8379
156 51.8379
157 51.8379
158 51.8379
159 51.8379
160 51.8379
161 51.8379
162 51.8379
163 51.8379
164 51.8379
165 51.8379
166 51.8379
167 51.8379
168 51.8379
169 51.8379
170 51.8379
171 51.8379
172 51.8379
173 51.8379
174 51.8379
175 51.8379
176 51.8379
177 51.8379
178 51.8379
179 51.8379
180 51.8379
181 51.8379
182 51.8379
183 51.8379
184 51.8379
185 51.8379
186 51.8379
187 51.8379
188 51.8379
189 51.8379
190 51.8379
191 51.8379
192 51.8379
193 51.8379
194 51.8379
195 51.8379
196 51.8379
197 51.8379
198 51.8379
199 51.8379
200 51.8379
201 51.8379
202 51.8379
203 51.8379
204 51.8379
205 51.8379
206 51.8379
207 51.8379
208 51.8379
209 51.8379
210 51.8379
211 51.8379
212 51.8379
213 51.8379
214 51.8379
215 51.8379
216 51.8379
217 51.8379
218 51.8379
219 51.8379
220 51.8379
221 51.8379
222 51.8379
223 51.8379
224 51.8379
225 51.8379
226 51.8379
227 51.8379
228 51.8379
229 51.8379
230 51.8379
231 51.8379
232 51.8379
233 51.8379
234 51.8379
235 51.8379
236 51.8379
237 51.8379
238 51.8379
239 51.8379
240 51.8379
241 51.8379
242 51.8379
243 51.8379
244 51.8379
245 51.8379
246 51.8379
247 51.8379
248 51.8379
249 51.8379
250 51.8379
251 51.8379
252 51.8379
253 51.8379
254 51.8379
255 51.8379
256 51.8379
257 51.8379
258 51.8379
259 51.8379
260 51.8379
261 51.8379
262 51.8379
263 51.8379
264 51.8379
265 51.8379
266 51.8379
267 51.8379
268 51.8379
269 51.8379
270 51.8379
271 51.8379
272 51.8379
273 51.8379
274 51.8379
275 51.8379
276 51.8379
277 51.8379
278 51.8379
279 51.8379
280 51.8379
281 51.8379
282 51.8379
283 51.8379
284 51.84206
285 51.8379
286 51.8379
287 51.8379
288 51.8379
289 51.8379
290 51.8379
291 51.84206
292 51.8379
293 51.8379
294 51.8379
295 51.8379
296 51.8379
297 51.84206
298 51.8379
299 51.8379
300 51.84206
301 55.823179999999994
302 55.823179999999994
303 55.823179999999994
304 55.823179999999994
305 55.823179999999994
306 55.823179999999994
307 55.823179999999994
308 55.823179999999994
309 55.823179999999994
310 55.823179999999994
311 55.823179999999994
312 55.823179999999994
313 55.823179999999994
314 55.823179999999994
315 55.823179999999994
316 55.823179999999994
317 55.823179999999994
318 55.823179999999994
319 55.823179999999994
320 55.823179999999994
321 55.823179999999994
322 55.823179999999994
323 55.823179999999994
324 55.823179999999994
325 55.819019999999995
326 55.823179999999994
327 55.823179999999994
328 55.823179999999994
329 55.823179999999994
330 55.823179999999994
331 55.823179999999994
332 55.823179999999994
333 55.823179999999994
334 55.823179999999994
335 55.823179999999994
336 55.823179999999994
337 55.823179999999994
338 55.823179999999994
339 55.823179999999994
340 55.823179999999994
341 55.823179999999994
342 55.823179999999994
343 55.823179999999994
344 55.823179999999994
345 55.823179999999994
346 55.823179999999994
347 55.823179999999994
348 55.823179999999994
349 55.823179999999994
350 55.823179999999994
351 55.823179999999994
352 55.823179999999994
353 55.823179999999994
354 55.823179999999994
355 55.819019999999995
356 55.819019999999995
357 55.819019999999995
358 55.819019999999995
359 55.823179999999994
360 55.823179999999994
361 55.819019999999995
362 55.823179999999994
363 55.823179999999994
364 55.823179999999994
365 55.819019999999995
366 55.823179999999994
367 55.823179999999994
368 55.823179999999994
369 55.823179999999994
370 55.823179999999994
371 55.823179999999994
372 55.823179999999994
373 55.823179999999994
374 55.823179999999994
375 55.823179999999994
376 55.823179999999994
377 55.823179999999994
378 55.823179999999994
379 55.823179999999994
380 55.823179999999994
381 55.823179999999994
382 55.823179999999994
383 55.823179999999994
384 55.823179999999994
385 55.823179999999994
386 55.823179999999994
387 55.823179999999994
388 55.823179999999994
389 55.823179999999994
390 55.823179999999994
391 55.823179999999994
392 55.823179999999994
393 55.823179999999994
394 55.823179999999994
395 55.823179999999994
396 55.823179999999994
397 55.823179999999994
398 55.823179999999994
399 55.823179999999994
400 55.823179999999994
401 55.823179999999994
402 55.823179999999994
403 55.823179999999994
404 55.823179999999994
405 55.823179999999994
406 55.823179999999994
407 55.823179999999994
408 55.823179999999994
409 55.823179999999994
410 55.823179999999994
411 55.823179999999994
412 55.823179999999994
413 55.823179999999994
414 55.823179999999994
415 55.823179999999994
416 55.823179999999994
417 55.823179999999994
418 55.823179999999994
419 55.823179999999994
420 55.823179999999994
421 55.823179999999994
422 55.823179999999994
423 55.823179999999994
424 55.823179999999994
425 55.823179999999994
426 55.823179999999994
427 55.823179999999994
428 55.823179999999994
429 55.823179999999994
430 55.823179999999994
431 55.823179999999994
432 55.823179999999994
433 55.823179999999994
434 55.823179999999994
435 55.823179999999994
436 55.823179999999994
437 55.823179999999994
438 55.823179999999994
439 55.819019999999995
440 55.823179999999994
441 55.823179999999994
442 55.823179999999994
443 55.823179999999994
444 55.823179999999994
445 55.823179999999994
446 55.823179999999994
447 55.823179999999994
448 55.823179999999994
449 55.823179999999994
450 55.819019999999995
451 55.823179999999994
452 55.823179999999994
453 55.823179999999994
454 55.823179999999994
455 55.819019999999995
456 55.819019999999995
457 55.823179999999994
458 55.823179999999994
459 55.823179999999994
460 55.823179999999994
461 55.823179999999994
462 55.823179999999994
463 55.823179999999994
464 55.823179999999994
465 55.823179999999994
466 55.823179999999994
467 55.819019999999995
468 55.819019999999995
469 55.823179999999994
470 55.823179999999994
471 55.823179999999994
472 55.819019999999995
473 55.823179999999994
474 55.823179999999994
475 55.823179999999994
476 55.823179999999994
477 55.823179999999994
478 55.823179999999994
479 55.823179999999994
480 55.823179999999994
481 55.823179999999994
482 55.823179999999994
483 55.823179999999994
484 55.823179999999994
485 55.823179999999994
486 55.823179999999994
487 55.823179999999994
488 55.823179999999994
489 55.819019999999995
490 55.819019999999995
491 55.823179999999994
492 55.823179999999994
493 55.823179999999994
494 55.823179999999994
495 55.823179999999994
496 55.823179999999994
497 55.823179999999994
498 55.823179999999994
499 55.823179999999994
500 55.823179999999994
501 55.823179999999994
502 55.823179999999994
503 55.823179999999994
504 55.823179999999994
505 55.819019999999995
506 55.823179999999994
507 55.823179999999994
508 55.823179999999994
509 55.823179999999994
510 55.819019999999995
511 55.819019999999995
512 55.819019999999995
513 55.823179999999994
514 55.819019999999995
515 55.819019999999995
516 55.823179999999994
517 55.823179999999994
518 55.823179999999994
519 55.823179999999994
520 55.819019999999995
521 55.819019999999995
522 55.819019999999995
523 55.819019999999995
524 55.819019999999995
525 55.823179999999994
526 55.823179999999994
527 55.819019999999995
528 55.823179999999994
529 55.823179999999994
530 55.823179999999994
531 55.823179999999994
532 55.819019999999995
533 55.823179999999994
534 55.819019999999995
535 55.819019999999995
536 55.819019999999995
537 55.819019999999995
538 55.819019999999995
539 55.819019999999995
540 55.823179999999994
541 55.823179999999994
542 55.823179999999994
543 55.823179999999994
544 55.823179999999994
545 55.823179999999994
546 55.819019999999995
547 55.819019999999995
548 55.819019999999995
549 55.819019999999995
550 55.819019999999995
551 55.819019999999995
552 55.819019999999995
553 55.819019999999995
554 55.819019999999995
555 55.823179999999994
556 55.819019999999995
557 55.819019999999995
558 55.819019999999995
559 55.819019999999995
560 55.819019999999995
561 55.819019999999995
562 55.819019999999995
563 55.819019999999995
564 55.819019999999995
565 55.819019999999995
566 55.819019999999995
567 55.819019999999995
568 55.819019999999995
569 55.819019999999995
570 55.819019999999995
571 55.819019999999995
572 55.819019999999995
573 55.819019999999995
574 55.819019999999995
575 55.819019999999995
576 55.819019999999995
577 55.819019999999995
578 55.819019999999995
579 55.819019999999995
580 55.819019999999995
581 55.823179999999994
582 55.823179999999994
583 55.823179999999994
584 55.823179999999994
585 55.819019999999995
586 55.823179999999994
587 55.823179999999994
588 55.823179999999994
589 55.823179999999994
590 55.819019999999995
591 55.823179999999994
592 55.819019999999995
593 55.823179999999994
594 55.823179999999994
595 55.823179999999994
596 55.819019999999995
597 55.819019999999995
598 55.823179999999994
599 55.819019999999995
600 55.819019999999995
601 59.79597999999999
602 59.79597999999999
603 59.79597999999999
604 59.79597999999999
605 59.79597999999999
606 59.79597999999999
607 59.79597999999999
608 59.79597999999999
609 59.79597999999999
610 59.80013999999999
611 59.79597999999999
612 59.79597999999999
613 59.79597999999999
614 59.79597999999999
615 59.79597999999999
616 59.79597999999999
617 59.79597999999999
618 59.79597999999999
619 59.79597999999999
620 59.79597999999999
621 59.79597999999999
622 59.79597999999999
623 59.80013999999999
624 59.79597999999999
625 59.79597999999999
626 59.79597999999999
627 59.79597999999999
628 59.79597999999999
629 59.79597999999999
630 59.79597999999999
631 59.79597999999999
632 59.79597999999999
633 59.79597999999999
634 59.79597999999999
635 59.79597999999999
636 59.79597999999999
637 59.79597999999999
638 59.79597999999999
639 59.79597999999999
640 59.79597999999999
641 59.79597999999999
642 59.79597999999999
643 59.79597999999999
644 59.79597999999999
645 59.79597999999999
646 59.79597999999999
647 59.79597999999999
648 59.79597999999999
649 59.79597999999999
650 59.79597999999999
651 59.79597999999999
652 59.79597999999999
653 59.79597999999999
654 59.79597999999999
655 59.79597999999999
656 59.79597999999999
657 59.79597999999999
658 59.79597999999999
659 59.79597999999999
660 59.79597999999999
661 59.79597999999999
662 59.79597999999999
663 59.79597999999999
664 59.79597999999999
665 59.79597999999999
666 59.79597999999999
667 59.79597999999999
668 59.79597999999999
669 59.79597999999999
670 59.79597999999999
671 59.79597999999999
672 59.79597999999999
673 59.79597999999999
674 59.79597999999999
675 59.79597999999999
676 59.79597999999999
677 59.79597999999999
678 59.79597999999999
679 59.79597999999999
680 59.79597999999999
681 59.79597999999999
682 59.79597999999999
683 59.79597999999999
684 59.79597999999999
685 59.79597999999999
686 59.79597999999999
687 59.79597999999999
688 59.79597999999999
689 59.79597999999999
690 59.79597999999999
691 59.79597999999999
692 59.79597999999999
693 59.79597999999999
694 59.79597999999999
695 59.79597999999999
696 59.79597999999999
697 59.79597999999999
698 59.79597999999999
699 59.79597999999999
700 59.79597999999999
701 59.79597999999999
702 59.79597999999999
703 59.79597999999999
704 59.79597999999999
705 59.79597999999999
706 59.79597999999999
707 59.79597999999999
708 59.80013999999999
709 59.80013999999999
710 59.79597999999999
711 59.79597999999999
712 59.79597999999999
713 59.80013999999999
714 59.79597999999999
715 59.79597999999999
716 59.79597999999999
717 59.79597999999999
718 59.79597999999999
719 59.79597999999999
720 59.79597999999999
721 59.79597999999999
722 59.79597999999999
723 59.80013999999999
724 59.79597999999999
725 59.79597999999999
726 59.79597999999999
727 59.79597999999999
728 59.79597999999999
729 59.79597999999999
730 59.79597999999999
731 59.79597999999999
732 59.80013999999999
733 59.79597999999999
734 59.80013999999999
735 59.79597999999999
736 59.79597999999999
737 59.79597999999999
738 59.79597999999999
739 59.79597999999999
740 59.79597999999999
741 59.79597999999999
742 59.79597999999999
743 59.79597999999999
744 59.79597999999999
745 59.79597999999999
746 59.79597999999999
747 59.79597999999999
748 59.79597999999999
749 59.79597999999999
750 59.80013999999999
751 59.79597999999999
752 59.79597999999999
753 59.79597999999999
754 59.79597999999999
755 59.79597999999999
756 59.79597999999999
757 59.79597999999999
758 59.79597999999999
759 59.79597999999999
760 59.79597999999999
761 59.79597999999999
762 59.79597999999999
763 59.79597999999999
764 59.79597999999999
765 59.79597999999999
766 59.79597999999999
767 59.79597999999999
768 59.79597999999999
769 59.79597999999999
770 59.79597999999999
771 59.79597999999999
772 59.79597999999999
773 59.79597999999999
774 59.79597999999999
775 59.79597999999999
776 59.79597999999999
777 59.79597999999999
778 59.79597999999999
779 59.79597999999999
780 59.80013999999999
781 59.79597999999999
782 59.80013999999999
783 59.79597999999999
784 59.79597999999999
785 59.79597999999999
786 59.79597999999999
787 59.79597999999999
788 59.79597999999999
789 59.80013999999999
790 59.79597999999999
791 59.79597999999999
792 59.79597999999999
793 59.79597999999999
794 59.79597999999999
795 59.79597999999999
796 59.80013999999999
797 59.79597999999999
798 59.79597999999999
799 59.79597999999999
800 59.79597999999999
801 59.79597999999999
802 59.79597999999999
803 59.79597999999999
804 59.79597999999999
805 59.80013999999999
806 59.79597999999999
807 59.79597999999999
808 59.79597999999999
809 59.79597999999999
810 59.79597999999999
811 59.79597999999999
812 59.79597999999999
813 59.79597999999999
814 59.80013999999999
815 59.79597999999999
816 59.79597999999999
817 59.79597999999999
818 59.79597999999999
819 59.79597999999999
820 59.79597999999999
821 59.79597999999999
822 59.79597999999999
823 59.79597999999999
824 59.79597999999999
825 59.79597999999999
826 59.79597999999999
827 59.79597999999999
828 59.79597999999999
829 59.79597999999999
830 59.79597999999999
831 59.79597999999999
832 59.79597999999999
833 59.79597999999999
834 59.79597999999999
835 59.79597999999999
836 59.79597999999999
837 59.79597999999999
838 59.79597999999999
839 59.79597999999999
840 59.79597999999999
841 59.79597999999999
842 59.79597999999999
843 59.79597999999999
844 59.79597999999999
845 59.79597999999999
846 59.79597999999999
847 59.79597999999999
848 59.79597999999999
849 59.79597999999999
850 59.79597999999999
851 59.79597999999999
852 59.79597999999999
853 59.79597999999999
854 59.79597999999999
855 59.79597999999999
856 59.79597999999999
857 59.79597999999999
858 59.79597999999999
859 59.79597999999999
860 59.79597999999999
861 59.79597999999999
862 59.79597999999999
863 59.79597999999999
864 59.79597999999999
865 59.79597999999999
866 59.79597999999999
867 59.79597999999999
868 59.79597999999999
869 59.79597999999999
870 59.79597999999999
871 59.79597999999999
872 59.79597999999999
873 59.79597999999999
874 59.79597999999999
875 59.79597999999999
876 59.79597999999999
877 59.79597999999999
878 59.79597999999999
879 59.79597999999999
880 59.79597999999999
881 59.79597999999999
882 59.79597999999999
883 59.79597999999999
884 59.79597999999999
885 59.79597999999999
886 59.79597999999999
887 59.79597999999999
888 59.79597999999999
889 59.79597999999999
890 59.79597999999999
891 59.79597999999999
892 59.79597999999999
893 59.79597999999999
894 59.79597999999999
895 59.79597999999999
896 59.79597999999999
897 59.79597999999999
898 59.79597999999999
899 59.79597999999999
900 59.79597999999999
901 55.819019999999995
902 55.819019999999995
903 55.819019999999995
904 55.819019999999995
905 55.819019999999995
906 55.819019999999995
907 55.819019999999995
908 55.819019999999995
909 55.819019999999995
910 55.819019999999995
911 55.819019999999995
912 55.819019999999995
913 55.819019999999995
914 55.819019999999995
915 55.819019999999995
916 55.819019999999995
917 55.819019999999995
918 55.819019999999995
919 55.819019999999995
920 55.819019999999995
921 55.819019999999995
922 55.819019999999995
923 55.819019999999995
924 55.819019999999995
925 55.819019999999995
926 55.819019999999995
927 55.819019999999995
928 55.819019999999995
929 55.819019999999995
930 55.819019999999995
931 55.819019999999995
932 55.819019999999995
933 55.819019999999995
934 55.819019999999995
935 55.819019999999995
936 55.819019999999995
937 55.819019999999995
938 55.819019999999995
939 55.819019999999995
940 55.819019999999995
941 55.819019999999995
942 55.819019999999995
943 55.819019999999995
944 55.819019999999995
945 55.819019999999995
946 55.819019999999995
947 55.819019999999995
948 55.819019999999995
949 55.819019999999995
950 55.819019999999995
951 55.819019999999995
952 55.819019999999995
953 55.819019999999995
954 55.819019999999995
955 55.819019999999995
956 55.819019999999995
957 55.819019999999995
958 55.819019999999995
959 55.819019999999995
960 55.819019999999995
961 55.819019999999995
962 55.819019999999995
963 55.819019999999995
964 55.819019999999995
965 55.819019999999995
966 55.819019999999995
967 55.819019999999995
968 55.819019999999995
969 55.819019999999995
970 55.819019999999995
971 55.819019999999995
972 55.819019999999995
973 55.819019999999995
974 55.819019999999995
975 55.819019999999995
976 55.819019999999995
977 55.819019999999995
978 55.819019999999995
979 55.819019999999995
980 55.819019999999995
981 55.819019999999995
982 55.819019999999995
983 55.819019999999995
984 55.819019999999995
985 55.819019999999995
986 55.819019999999995
987 55.819019999999995
988 55.819019999999995
989 55.819019999999995
990 55.819019999999995
991 55.819019999999995
992 55.819019999999995
993 55.819019999999995
994 55.819019999999995
995 55.819019999999995
996 55.819019999999995
997 55.819019999999995
998 55.819019999999995
999 55.819019999999995
1000 55.819019999999995
1001 55.819019999999995
1002 55.819019999999995
1003 55.819019999999995
1004 55.819019999999995
1005 55.819019999999995
1006 55.819019999999995
1007 55.819019999999995
1008 55.819019999999995
1009 55.819019999999995
1010 55.819019999999995
1011 55.819019999999995
1012 55.819019999999995
1013 55.819019999999995
1014 55.819019999999995
1015 55.819019999999995
1016 55.819019999999995
1017 55.819019999999995
1018 55.819019999999995
1019 55.819019999999995
1020 55.819019999999995
1021 55.819019999999995
1022 55.819019999999995
1023 55.819019999999995
1024 55.819019999999995
1025 55.819019999999995
1026 55.819019999999995
1027 55.819019999999995
1028 55.819019999999995
1029 55.819019999999995
1030 55.819019999999995
1031 55.819019999999995
1032 55.819019999999995
1033 55.819019999999995
1034 55.819019999999995
1035 55.819019999999995
1036 55.819019999999995
1037 55.819019999999995
1038 55.819019999999995
1039 55.819019999999995
1040 55.819019999999995
1041 55.819019999999995
1042 55.819019999999995
1043 55.819019999999995
1044 55.819019999999995
1045 55.819019999999995
1046 55.819019999999995
1047 55.819019999999995
1048 55.819019999999995
1049 55.819019999999995
1050 55.819019999999995
1051 55.819019999999995
1052 55.819019999999995
1053 55.819019999999995
1054 55.819019999999995
1055 55.819019999999995
1056 55.819019999999995
1057 55.819019999999995
1058 55.819019999999995
1059 55.819019999999995
1060 55.819019999999995
1061 55.819019999999995
1062 55.819019999999995
1063 55.819019999999995
1064 55.819019999999995
1065 55.819019999999995
1066 55.819019999999995
1067 55.819019999999995
1068 55.819019999999995
1069 55.819019999999995
1070 55.819019999999995
1071 55.819019999999995
1072 55.819019999999995
1073 55.819019999999995
1074 55.819019999999995
1075 55.819019999999995
1076 55.819019999999995
1077 55.819019999999995
1078 55.819019999999995
1079 55.819019999999995
1080 55.819019999999995
1081 55.819019999999995
1082 55.819019999999995
1083 55.819019999999995
1084 55.819019999999995
1085 55.819019999999995
1086 55.819019999999995
1087 55.819019999999995
1088 55.819019999999995
1089 55.819019999999995
1090 55.819019999999995
1091 55.819019999999995
1092 55.819019999999995
1093 55.819019999999995
1094 55.819019999999995
1095 55.819019999999995
1096 55.819019999999995
1097 55.819019999999995
1098 55.819019999999995
1099 55.819019999999995
1100 55.819019999999995
1101 55.819019999999995
1102 55.819019999999995
1103 55.819019999999995
1104 55.819019999999995
1105 55.819019999999995
1106 55.819019999999995
1107 55.819019999999995
1108 55.819019999999995
1109 55.819019999999995
1110 55.819019999999995
1111 55.819019999999995
1112 55.819019999999995
1113 55.819019999999995
1114 55.819019999999995
1115 55.819019999999995
1116 55.819019999999995
1117 55.819019999999995
1118 55.819019999999995
1119 55.819019999999995
1120 55.819019999999995
1121 55.819019999999995
1122 55.819019999999995
1123 55.819019999999995
1124 55.819019999999995
1125 55.819019999999995
1126 55.819019999999995
1127 55.819019999999995
1128 55.819019999999995
1129 55.819019999999995
1130 55.819019999999995
1131 55.819019999999995
1132 55.819019999999995
1133 55.819019999999995
1134 55.819019999999995
1135 55.819019999999995
1136 55.819019999999995
1137 55.819019999999995
1138 55.819019999999995
1139 55.819019999999995
1140 55.819019999999995
1141 55.819019999999995
1142 55.819019999999995
1143 55.819019999999995
1144 55.819019999999995
1145 55.819019999999995
1146 55.819019999999995
1147 55.819019999999995
1148 55.819019999999995
1149 55.819019999999995
1150 55.819019999999995
1151 55.819019999999995
1152 55.819019999999995
1153 55.819019999999995
1154 55.819019999999995
1155 55.819019999999995
1156 55.819019999999995
1157 55.819019999999995
1158 55.819019999999995
1159 55.819019999999995
1160 55.819019999999995
1161 55.819019999999995
1162 55.819019999999995
1163 55.819019999999995
1164 55.819019999999995
1165 55.819019999999995
1166 55.819019999999995
1167 55.819019999999995
1168 55.819019999999995
1169 55.819019999999995
1170 55.814859999999996
1171 55.814859999999996
1172 55.819019999999995
1173 55.819019999999995
1174 55.819019999999995
1175 55.819019999999995
1176 55.819019999999995
1177 55.819019999999995
1178 55.819019999999995
1179 55.814859999999996
1180 55.814859999999996
1181 55.819019999999995
1182 55.819019999999995
1183 55.819019999999995
1184 55.819019999999995
1185 55.819019999999995
1186 55.814859999999996
1187 55.819019999999995
1188 55.819019999999995
1189 55.814859999999996
1190 55.819019999999995
1191 55.819019999999995
1192 55.819019999999995
1193 55.814859999999996
1194 55.819019999999995
1195 55.819019999999995
1196 55.819019999999995
1197 55.814859999999996
1198 55.814859999999996
1199 55.819019999999995
1200 55.819019999999995
1201 51.83373999999999
1202 51.83373999999999
1203 51.83373999999999
1204 51.83373999999999
1205 51.83373999999999
1206 51.83373999999999
1207 51.83373999999999
1208 51.83373999999999
1209 51.83373999999999
1210 51.83373999999999
1211 51.83373999999999
1212 51.83373999999999
1213 51.83373999999999
1214 51.83373999999999
1215 51.83373999999999
1216 51.83373999999999
1217 51.83373999999999
1218 51.83373999999999
1219 51.83373999999999
1220 51.83373999999999
1221 51.83373999999999
1222 51.83373999999999
1223 51.83373999999999
1224 51.83373999999999
1225 51.83373999999999
1226 51.83373999999999
1227 51.83373999999999
1228 51.83373999999999
1229 51.83373999999999
1230 51.83373999999999
1231 51.83373999999999
1232 51.83373999999999
1233 51.83373999999999
1234 51.83373999999999
1235 51.83373999999999
1236 51.83373999999999
1237 51.83373999999999
1238 51.83373999999999
1239 51.83373999999999
1240 51.83373999999999
1241 51.83373999999999
1242 51.83373999999999
1243 51.83373999999999
1244 51.83373999999999
1245 51.83373999999999
1246 51.83373999999999
1247 51.83373999999999
1248 51.83373999999999
1249 51.83373999999999
1250 51.83373999999999
1251 51.83373999999999
1252 51.83373999999999
1253 51.83373999999999
1254 51.83373999999999
1255 51.83373999999999
1256 51.83373999999999
1257 51.83373999999999
1258 51.83373999999999
1259 51.83373999999999
1260 51.83373999999999
1261 51.83373999999999
1262 51.83373999999999
1263 51.83373999999999
1264 51.83373999999999
1265 51.83373999999999
1266 51.83373999999999
1267 51.83373999999999
1268 51.83373999999999
1269 51.83373999999999
1270 51.83373999999999
1271 51.83373999999999
1272 51.83373999999999
1273 51.83373999999999
1274 51.83373999999999
1275 51.83373999999999
1276 51.83373999999999
1277 51.83373999999999
1278 51.83373999999999
1279 51.83373999999999
1280 51.83373999999999
1281 51.83373999999999
1282 51.83373999999999
1283 51.83373999999999
1284 51.83373999999999
1285 51.83373999999999
1286 51.83373999999999
1287 51.83373999999999
1288 51.83373999999999
1289 51.83373999999999
1290 51.83373999999999
1291 51.83373999999999
1292 51.83373999999999
1293 51.83373999999999
1294 51.83373999999999
1295 51.83373999999999
1296 51.83373999999999
1297 51.83373999999999
1298 51.83373999999999
1299 51.83373999999999
1300 51.83373999999999
1301 51.83373999999999
1302 51.83373999999999
1303 51.83373999999999
1304 51.83373999999999
1305 51.83373999999999
1306 51.83373999999999
1307 51.83373999999999
1308 51.8379
1309 51.83373999999999
1310 51.83373999999999
1311 51.83373999999999
1312 51.83373999999999
1313 51.83373999999999
1314 51.83373999999999
1315 51.83373999999999
1316 51.83373999999999
1317 51.83373999999999
1318 51.83373999999999
1319 51.83373999999999
1320 51.83373999999999
1321 51.83373999999999
1322 51.83373999999999
1323 51.83373999999999
1324 51.83373999999999
1325 51.83373999999999
1326 51.83373999999999
1327 51.83373999999999
1328 51.83373999999999
1329 51.83373999999999
1330 51.83373999999999
1331 51.83373999999999
1332 51.83373999999999
1333 51.83373999999999
1334 51.8379
1335 51.83373999999999
1336 51.83373999999999
1337 51.83373999999999
1338 51.83373999999999
1339 51.8379
1340 51.83373999999999
1341 51.83373999999999
1342 51.83373999999999
1343 51.83373999999999
1344 51.83373999999999
1345 51.83373999999999
1346 51.83373999999999
1347 51.83373999999999
1348 51.83373999999999
1349 51.83373999999999
1350 51.83373999999999
1351 51.8379
1352 51.83373999999999
1353 51.83373999999999
1354 51.83373999999999
1355 51.83373999999999
1356 51.83373999999999
1357 51.83373999999999
1358 51.83373999999999
1359 51.83373999999999
1360 51.83373999999999
1361 51.83373999999999
1362 51.83373999999999
1363 51.83373999999999
1364 51.83373999999999
1365 51.83373999999999
1366 51.83373999999999
1367 51.83373999999999
1368 51.83373999999999
1369 51.83373999999999
1370 51.83373999999999
1371 51.83373999999999
1372 51.83373999999999
1373 51.83373999999999
1374 51.83373999999999
1375 51.83373999999999
1376 51.83373999999999
1377 51.83373999999999
1378 51.83373999999999
1379 51.83373999999999
1380 51.83373999999999
1381 51.83373999999999
1382 51.83373999999999
1383 51.83373999999999
1384 51.83373999999999
1385 51.83373999999999
1386 51.83373999999999
1387 51.83373999999999
1388 51.83373999999999
1389 51.83373999999999
1390 51.83373999999999
1391 51.83373999999999
1392 51.83373999999999
1393 51.83373999999999
1394 51.83373999999999
1395 51.83373999999999
1396 51.83373999999999
1397 51.83373999999999
1398 51.83373999999999
1399 51.83373999999999
1400 51.83373999999999
1401 51.83373999999999
1402 51.83373999999999
1403 51.83373999999999
1404 51.83373999999999
1405 51.83373999999999
1406 51.83373999999999
1407 51.83373999999999
1408 51.83373999999999
1409 51.83373999999999
1410 51.83373999999999
1411 51.83373999999999
1412 51.83373999999999
1413 51.83373999999999
1414 51.83373999999999
1415 51.83373999999999
1416 51.83373999999999
1417 51.83373999999999
1418 51.83373999999999
1419 51.83373999999999
1420 51.83373999999999
1421 51.83373999999999
1422 51.83373999999999
1423 51.83373999999999
1424 51.83373999999999
1425 51.83373999999999
1426 51.8379
1427 51.83373999999999
1428 51.83373999999999
1429 51.83373999999999
1430 51.83373999999999
1431 51.83373999999999
1432 51.83373999999999
1433 51.83373999999999
1434 51.83373999999999
1435 51.83373999999999
1436 51.83373999999999
1437 51.83373999999999
1438 51.83373999999999
1439 51.83373999999999
1440 51.83373999999999
1441 51.83373999999999
1442 51.83373999999999
1443 51.83373999999999
1444 51.83373999999999
1445 51.83373999999999
1446 51.83373999999999
1447 51.83373999999999
1448 51.83373999999999
1449 51.8379
1450 51.83373999999999
1451 51.83373999999999
1452 51.83373999999999
1453 51.83373999999999
1454 51.83373999999999
1455 51.83373999999999
1456 51.83373999999999
1457 51.83373999999999
1458 51.83373999999999
1459 51.83373999999999
1460 51.83373999999999
1461 51.83373999999999
1462 51.83373999999999
1463 51.83373999999999
1464 51.83373999999999
1465 51.83373999999999
1466 51.8379
1467 51.83373999999999
1468 51.83373999999999
1469 51.8379
1470 51.83373999999999
1471 51.83373999999999
1472 51.83373999999999
1473 51.83373999999999
1474 51.83373999999999
1475 51.83373999999999
1476 51.83373999999999
1477 51.83373999999999
1478 51.83373999999999
1479 51.83373999999999
1480 51.83373999999999
1481 51.83373999999999
1482 51.83373999999999
1483 51.83373999999999
1484 51.83373999999999
1485 51.83373999999999
1486 51.83373999999999
1487 51.83373999999999
1488 51.83373999999999
1489 51.83373999999999
1490 51.83373999999999
1491 51.83373999999999
1492 51.83373999999999
1493 51.83373999999999
1494 51.83373999999999
1495 51.83373999999999
1496 51.83373999999999
1497 51.83373999999999
1498 51.83373999999999
1499 51.83373999999999
1500 51.83373999999999
1501 59.791819999999994
1502 59.791819999999994
1503 59.791819999999994
1504 59.791819999999994
1505 59.791819999999994
1506 59.791819999999994
1507 59.791819999999994
1508 59.791819999999994
1509 59.791819999999994
1510 59.791819999999994
1511 59.791819999999994
1512 59.791819999999994
1513 59.791819999999994
1514 59.791819999999994
1515 59.791819999999994
1516 59.791819999999994
1517 59.791819999999994
1518 59.791819999999994
1519 59.791819999999994
1520 59.791819999999994
1521 59.791819999999994
1522 59.791819999999994
1523 59.791819999999994
1524 59.791819999999994
1525 59.791819999999994
1526 59.791819999999994
1527 59.791819999999994
1528 59.791819999999994
1529 59.791819999999994
1530 59.791819999999994
1531 59.791819999999994
1532 59.791819999999994
1533 59.791819999999994
1534 59.791819999999994
1535 59.791819999999994
1536 59.791819999999994
1537 59.791819999999994
1538 59.791819999999994
1539 59.791819999999994
1540 59.791819999999994
1541 59.791819999999994
1542 59.791819999999994
1543 59.791819999999994
1544 59.791819999999994
1545 59.791819999999994
1546 59.79597999999999
1547 59.791819999999994
1548 59.791819999999994
1549 59.791819999999994
1550 59.79597999999999
1551 59.791819999999994
1552 59.791819999999994
1553 59.791819999999994
1554 59.791819999999994
1555 59.791819999999994
1556 59.791819999999994
1557 59.79597999999999
1558 59.791819999999994
1559 59.791819999999994
1560 59.791819999999994
1561 59.791819999999994
1562 59.791819999999994
1563 59.79597999999999
1564 59.791819999999994
1565 59.791819999999994
1566 59.791819999999994
1567 59.791819999999994
1568 59.791819999999994
1569 59.791819999999994
1570 59.791819999999994
1571 59.791819999999994
1572 59.791819999999994
1573 59.791819999999994
1574 59.791819999999994
1575 59.791819999999994
1576 59.791819999999994
1577 59.791819999999994
1578 59.791819999999994
1579 59.791819999999994
1580 59.791819999999994
1581 59.791819999999994
1582 59.791819999999994
1583 59.791819999999994
1584 59.791819999999994
1585 59.791819999999994
1586 59.791819999999994
1587 59.791819999999994
1588 59.791819999999994
1589 59.791819999999994
1590 59.791819999999994
1591 59.791819999999994
1592 59.791819999999994
1593 59.791819999999994
1594 59.791819999999994
1595 59.791819999999994
1596 59.791819999999994
1597 59.791819999999994
1598 59.791819999999994
1599 59.791819999999994
1600 59.791819999999994
1601 59.791819999999994
1602 59.791819999999994
1603 59.791819999999994
1604 59.791819999999994
1605 59.791819999999994
1606 59.791819999999994
1607 59.791819999999994
1608 59.791819999999994
1609 59.791819999999994
1610 59.791819999999994
1611 59.791819999999994
1612 59.791819999999994
1613 59.791819999999994
1614 59.791819999999994
1615 59.791819999999994
1616 59.791819999999994
1617 59.791819999999994
1618 59.791819999999994
1619 59.791819999999994
1620 59.791819999999994
1621 59.791819999999994
1622 59.791819999999994
1623 59.791819999999994
1624 59.791819999999994
1625 59.791819999999994
1626 59.791819999999994
1627 59.791819999999994
1628 59.791819999999994
1629 59.791819999999994
1630 59.791819999999994
1631 59.791819999999994
1632 59.791819999999994
1633 59.791819999999994
1634 59.791819999999994
1635 59.791819999999994
1636 59.791819999999994
1637 59.791819999999994
1638 59.791819999999994
1639 59.791819999999994
1640 59.791819999999994
1641 59.791819999999994
1642 59.791819999999994
1643 59.791819999999994
1644 59.791819999999994
1645 59.791819999999994
1646 59.791819999999994
1647 59.791819999999994
1648 59.79597999999999
1649 59.791819999999994
1650 59.791819999999994
1651 59.791819999999994
1652 59.791819999999994
1653 59.791819999999994
1654 59.791819999999994
1655 59.791819999999994
1656 59.791819999999994
1657 59.791819999999994
1658 59.791819999999994
1659 59.791819999999994
1660 59.791819999999994
1661 59.791819999999994
1662 59.791819999999994
1663 59.791819999999994
1664 59.791819999999994
1665 59.791819999999994
1666 59.791819999999994
1667 59.791819999999994
1668 59.791819999999994
1669 59.791819999999994
1670 59.791819999999994
1671 59.791819999999994
1672 59.791819999999994
1673 59.791819999999994
1674 59.791819999999994
1675 59.791819999999994
1676 59.791819999999994
1677 59.791819999999994
1678 59.791819999999994
1679 59.791819999999994
1680 59.791819999999994
1681 59.791819999999994
1682 59.791819999999994
1683 59.791819999999994
1684 59.791819999999994
1685 59.791819999999994
1686 59.791819999999994
1687 59.791819999999994
1688 59.791819999999994
1689 59.791819999999994
1690 59.791819999999994
1691 59.791819999999994
1692 59.791819999999994
1693 59.791819999999994
1694 59.791819999999994
1695 59.791819999999994
1696 59.791819999999994
1697 59.791819999999994
1698 59.791819999999994
1699 59.791819999999994
1700 59.791819999999994
1701 59.791819999999994
1702 59.791819999999994
1703 59.791819999999994
1704 59.791819999999994
1705 59.791819999999994
1706 59.791819999999994
1707 59.791819999999994
1708 59.791819999999994
1709 59.791819999999994
1710 59.791819999999994
1711 59.791819999999994
1712 59.791819999999994
1713 59.791819999999994
1714 59.791819999999994
1715 59.791819999999994
1716 59.791819999999994
1717 59.791819999999994
1718 59.791819999999994
1719 59.791819999999994
1720 59.791819999999994
1721 59.791819999999994
1722 59.791819999999994
1723 59.791819999999994
1724 59.791819999999994
1725 59.791819999999994
1726 59.791819999999994
1727 59.791819999999994
1728 59.791819999999994
1729 59.791819999999994
1730 59.791819999999994
1731 59.791819999999994
1732 59.791819999999994
1733 59.791819999999994
1734 59.791819999999994
1735 59.791819999999994
1736 59.791819999999994
1737 59.791819999999994
1738 59.791819999999994
1739 59.791819999999994
1740 59.791819999999994
1741 59.791819999999994
1742 59.791819999999994
1743 59.791819999999994
1744 59.791819999999994
1745 59.791819999999994
1746 59.791819999999994
1747 59.791819999999994
1748 59.791819999999994
1749 59.791819999999994
1750 59.791819999999994
1751 59.791819999999994
1752 59.791819999999994
1753 59.791819999999994
1754 59.791819999999994
1755 59.791819999999994
1756 59.791819999999994
1757 59.791819999999994
1758 59.791819999999994
1759 59.791819999999994
1760 59.791819999999994
1761 59.791819999999994
1762 59.791819999999994
1763 59.791819999999994
1764 59.791819999999994
1765 59.791819999999994
1766 59.791819999999994
1767 59.791819999999994
1768 59.791819999999994
1769 59.791819999999994
1770 59.791819999999994
1771 59.791819999999994
1772 59.791819999999994
1773 59.791819999999994
1774 59.791819999999994
1775 59.791819999999994
1776 59.791819999999994
1777 59.791819999999994
1778 59.791819999999994
1779 59.791819999999994
1780 59.791819999999994
1781 59.791819999999994
1782 59.791819999999994
1783 59.791819999999994
1784 59.791819999999994
1785 59.791819999999994
1786 59.791819999999994
1787 59.791819999999994
1788 59.791819999999994
1789 59.791819999999994
1790 59.791819999999994
1791 59.791819999999994
1792 59.791819999999994
1793 59.791819999999994
1794 59.791819999999994
1795 59.791819999999994
1796 59.791819999999994
1797 59.791819999999994
1798 59.791819999999994
1799 59.791819999999994
1800 59.791819999999994
