1 51.78381999999999
2 51.78381999999999
3 51.78798
4 51.78798
5 51.78798
6 51.792139999999996
7 51.792139999999996
8 51.792139999999996
9 51.792139999999996
10 51.792139999999996
11 51.792139999999996
12 51.792139999999996
13 51.792139999999996
14 51.792139999999996
15 51.796299999999995
16 51.796299999999995
17 51.796299999999995
18 51.796299999999995
19 51.796299999999995
20 51.796299999999995
21 51.796299999999995
22 51.796299999999995
23 51.796299999999995
24 51.796299999999995
25 51.796299999999995
26 51.796299999999995
27 51.796299999999995
28 51.796299999999995
29 51.796299999999995
30 51.796299999999995
31 51.800459999999994
32 51.796299999999995
33 51.796299999999995
34 51.800459999999994
35 51.800459999999994
36 51.800459999999994
37 51.800459999999994
38 51.800459999999994
39 51.800459999999994
40 51.800459999999994
41 51.800459999999994
42 51.800459999999994
43 51.800459999999994
44 51.800459999999994
45 51.800459999999994
46 51.800459999999994
47 51.800459999999994
48 51.800459999999994
49 51.800459999999994
50 51.80461999999999
51 51.80461999999999
52 51.800459999999994
53 51.800459999999994
54 51.80461999999999
55 51.80461999999999
56 51.80461999999999
57 51.80461999999999
58 51.80461999999999
59 51.80461999999999
60 51.80461999999999
61 51.80461999999999
62 51.80461999999999
63 51.80461999999999
64 51.80461999999999
65 51.80461999999999
66 51.80461999999999
67 51.80461999999999
68 51.80461999999999
69 51.80461999999999
70 51.80461999999999
71 51.80461999999999
72 51.80461999999999
73 51.80877999999999
74 51.80877999999999
75 51.80877999999999
76 51.80877999999999
77 51.80877999999999
78 51.80877999999999
79 51.80877999999999
80 51.80877999999999
81 51.80877999999999
82 51.80877999999999
83 51.80877999999999
84 51.80877999999999
85 51.80877999999999
86 51.80877999999999
87 51.80877999999999
88 51.80877999999999
89 51.80877999999999
90 51.80877999999999
91 51.80877999999999
92 51.80877999999999
93 51.80877999999999
94 51.80877999999999
95 51.81294
96 51.81294
97 51.80877999999999
98 51.81294
99 51.81294
100 51.81294
101 51.81294
102 51.81294
103 51.81294
104 51.81294
105 51.81294
106 51.81294
107 51.81294
108 51.81294
109 51.81294
110 51.81294
111 51.81294
112 51.81294
113 51.81294
114 51.81294
115 51.81294
116 51.81294
117 51.81294
118 51.81294
119 51.81294
120 51.81294
121 51.81294
122 51.81294
123 51.817099999999996
124 51.81294
125 51.817099999999996
126 51.81294
127 51.817099999999996
128 51.817099999999996
129 51.817099999999996
130 51.817099999999996
131 51.817099999999996
132 51.817099999999996
133 51.817099999999996
134 51.817099999999996
135 51.817099999999996
136 51.817099999999996
137 51.817099999999996
138 51.817099999999996
139 51.817099999999996
140 51.817099999999996
141 51.817099999999996
142 51.817099999999996
143 51.817099999999996
144 51.817099999999996
145 51.817099999999996
146 51.817099999999996
147 51.817099999999996
148 51.817099999999996
149 51.817099999999996
150 51.817099999999996
151 51.817099999999996
152 51.817099999999996
153 51.817099999999996
154 51.817099999999996
155 51.817099999999996
156 51.817099999999996
157 51.817099999999996
158 51.817099999999996
159 51.817099999999996
160 51.817099999999996
161 51.821259999999995
162 51.821259999999995
163 51.821259999999995
164 51.821259999999995
165 51.821259999999995
166 51.821259999999995
167 51.821259999999995
168 51.821259999999995
169 51.821259999999995
170 51.821259999999995
171 51.821259999999995
172 51.821259999999995
173 51.821259999999995
174 51.821259999999995
175 51.821259999999995
176 51.821259999999995
177 51.821259999999995
178 51.821259999999995
179 51.821259999999995
180 51.821259999999995
181 51.821259999999995
182 51.821259999999995
183 51.821259999999995
184 51.821259999999995
185 51.821259999999995
186 51.821259999999995
187 51.821259999999995
188 51.821259999999995
189 51.821259999999995
190 51.821259999999995
191 51.821259999999995
192 51.821259999999995
193 51.821259999999995
194 51.821259999999995
195 51.821259999999995
196 51.821259999999995
197 51.821259999999995
198 51.821259999999995
199 51.821259999999995
200 51.821259999999995
201 51.821259999999995
202 51.821259999999995
203 51.821259999999995
204 51.821259999999995
205 51.825419999999994
206 51.825419999999994
207 51.821259999999995
208 51.821259999999995
209 51.821259999999995
210 51.825419999999994
211 51.821259999999995
212 51.825419999999994
213 51.825419999999994
214 51.825419999999994
215 51.825419999999994
216 51.825419999999994
217 51.825419999999994
218 51.825419999999994
219 51.825419999999994
220 51.825419999999994
221 51.825419999999994
222 51.825419999999994
223 51.825419999999994
224 51.825419999999994
225 51.825419999999994
226 51.825419999999994
227 51.825419999999994
228 51.825419999999994
229 51.825419999999994
230 51.825419999999994
231 51.825419999999994
232 51.825419999999994
233 51.825419999999994
234 51.825419999999994
235 51.825419999999994
236 51.825419999999994
237 51.825419999999994
238 51.825419999999994
239 51.825419999999994
240 51.82957999999999
241 51.825419999999994
242 51.825419999999994
243 51.825419999999994
244 51.82957999999999
245 51.82957999999999
246 51.82957999999999
247 51.82957999999999
248 51.825419999999994
249 51.82957999999999
250 51.82957999999999
251 51.82957999999999
252 51.82957999999999
253 51.82957999999999
254 51.82957999999999
255 51.82957999999999
256 51.82957999999999
257 51.82957999999999
258 51.82957999999999
259 51.82957999999999
260 51.82957999999999
261 51.82957999999999
262 51.82957999999999
263 51.82957999999999
264 51.82957999999999
265 51.82957999999999
266 51.82957999999999
267 51.82957999999999
268 51.82957999999999
269 51.82957999999999
270 51.82957999999999
271 51.82957999999999
272 51.82957999999999
273 51.82957999999999
274 51.82957999999999
275 51.82957999999999
276 51.82957999999999
277 51.82957999999999
278 51.82957999999999
279 51.82957999999999
280 51.82957999999999
281 51.82957999999999
282 51.82957999999999
283 51.82957999999999
284 51.82957999999999
285 51.82957999999999
286 51.82957999999999
287 51.82957999999999
288 51.82957999999999
289 51.82957999999999
290 51.82957999999999
291 51.82957999999999
292 51.82957999999999
293 51.82957999999999
294 51.82957999999999
295 51.82957999999999
296 51.82957999999999
297 51.82957999999999
298 51.83373999999999
299 51.83373999999999
300 51.83373999999999
301 55.814859999999996
302 55.814859999999996
303 55.814859999999996
304 55.814859999999996
305 55.814859999999996
306 55.814859999999996
307 55.814859999999996
308 55.814859999999996
309 55.814859999999996
310 55.814859999999996
311 55.814859999999996
312 55.819019999999995
313 55.814859999999996
314 55.814859999999996
315 55.814859999999996
316 55.814859999999996
317 55.814859999999996
318 55.814859999999996
319 55.814859999999996
320 55.814859999999996
321 55.814859999999996
322 55.814859999999996
323 55.814859999999996
324 55.814859999999996
325 55.814859999999996
326 55.814859999999996
327 55.819019999999995
328 55.819019999999995
329 55.819019999999995
330 55.814859999999996
331 55.814859999999996
332 55.814859999999996
333 55.819019999999995
334 55.814859999999996
335 55.819019999999995
336 55.819019999999995
337 55.819019999999995
338 55.819019999999995
339 55.819019999999995
340 55.819019999999995
341 55.819019999999995
342 55.819019999999995
343 55.819019999999995
344 55.819019999999995
345 55.819019999999995
346 55.814859999999996
347 55.819019999999995
348 55.814859999999996
349 55.819019999999995
350 55.819019999999995
351 55.819019999999995
352 55.819019999999995
353 55.819019999999995
354 55.819019999999995
355 55.819019999999995
356 55.819019999999995
357 55.819019999999995
358 55.819019999999995
359 55.819019999999995
360 55.819019999999995
361 55.819019999999995
362 55.819019999999995
363 55.819019999999995
364 55.819019999999995
365 55.819019999999995
366 55.819019999999995
367 55.819019999999995
368 55.819019999999995
369 55.819019999999995
370 55.819019999999995
371 55.819019999999995
372 55.819019999999995
373 55.819019999999995
374 55.819019999999995
375 55.819019999999995
376 55.819019999999995
377 55.819019999999995
378 55.819019999999995
379 55.819019999999995
380 55.819019999999995
381 55.819019999999995
382 55.819019999999995
383 55.819019999999995
384 55.819019999999995
385 55.819019999999995
386 55.819019999999995
387 55.819019999999995
388 55.819019999999995
389 55.819019999999995
390 55.819019999999995
391 55.819019999999995
392 55.819019999999995
393 55.819019999999995
394 55.819019999999995
395 55.819019999999995
396 55.819019999999995
397 55.819019999999995
398 55.819019999999995
399 55.819019999999995
400 55.819019999999995
401 55.819019999999995
402 55.819019999999995
403 55.819019999999995
404 55.819019999999995
405 55.819019999999995
406 55.819019999999995
407 55.819019999999995
408 55.819019999999995
409 55.819019999999995
410 55.819019999999995
411 55.819019999999995
412 55.819019999999995
413 55.819019999999995
414 55.819019999999995
415 55.819019999999995
416 55.819019999999995
417 55.819019999999995
418 55.819019999999995
419 55.819019999999995
420 55.819019999999995
421 55.819019999999995
422 55.819019999999995
423 55.819019999999995
424 55.819019999999995
425 55.823179999999994
426 55.823179999999994
427 55.819019999999995
428 55.819019999999995
429 55.823179999999994
430 55.819019999999995
431 55.823179999999994
432 55.823179999999994
433 55.823179999999994
434 55.823179999999994
435 55.823179999999994
436 55.823179999999994
437 55.823179999999994
438 55.823179999999994
439 55.823179999999994
440 55.823179999999994
441 55.819019999999995
442 55.823179999999994
443 55.823179999999994
444 55.823179999999994
445 55.823179999999994
446 55.823179999999994
447 55.823179999999994
448 55.823179999999994
449 55.823179999999994
450 55.823179999999994
451 55.823179999999994
452 55.823179999999994
453 55.823179999999994
454 55.819019999999995
455 55.819019999999995
456 55.819019999999995
457 55.823179999999994
458 55.823179999999994
459 55.823179999999994
460 55.823179999999994
461 55.823179999999994
462 55.823179999999994
463 55.823179999999994
464 55.823179999999994
465 55.823179999999994
466 55.823179999999994
467 55.823179999999994
468 55.823179999999994
469 55.823179999999994
470 55.823179999999994
471 55.823179999999994
472 55.823179999999994
473 55.823179999999994
474 55.823179999999994
475 55.823179999999994
476 55.823179999999994
477 55.823179999999994
478 55.823179999999994
479 55.823179999999994
480 55.823179999999994
481 55.823179999999994
482 55.823179999999994
483 55.823179999999994
484 55.823179999999994
485 55.823179999999994
486 55.823179999999994
487 55.823179999999994
488 55.823179999999994
489 55.823179999999994
490 55.823179999999994
491 55.823179999999994
492 55.823179999999994
493 55.82733999999999
494 55.823179999999994
495 55.823179999999994
496 55.823179999999994
497 55.823179999999994
498 55.823179999999994
499 55.82733999999999
500 55.82733999999999
501 55.823179999999994
502 55.823179999999994
503 55.82733999999999
504 55.823179999999994
505 55.82733999999999
506 55.823179999999994
507 55.82733999999999
508 55.823179999999994
509 55.82733999999999
510 55.82733999999999
511 55.823179999999994
512 55.82733999999999
513 55.82733999999999
514 55.82733999999999
515 55.82733999999999
516 55.82733999999999
517 55.82733999999999
518 55.82733999999999
519 55.82733999999999
520 55.82733999999999
521 55.82733999999999
522 55.82733999999999
523 55.82733999999999
524 55.82733999999999
525 55.82733999999999
526 55.82733999999999
527 55.82733999999999
528 55.82733999999999
529 55.82733999999999
530 55.82733999999999
531 55.82733999999999
532 55.82733999999999
533 55.82733999999999
534 55.82733999999999
535 55.82733999999999
536 55.82733999999999
537 55.82733999999999
538 55.82733999999999
539 55.82733999999999
540 55.82733999999999
541 55.82733999999999
542 55.82733999999999
543 55.82733999999999
544 55.82733999999999
545 55.82733999999999
546 55.82733999999999
547 55.82733999999999
548 55.82733999999999
549 55.82733999999999
550 55.82733999999999
551 55.82733999999999
552 55.82733999999999
553 55.82733999999999
554 55.82733999999999
555 55.82733999999999
556 55.82733999999999
557 55.82733999999999
558 55.82733999999999
559 55.82733999999999
560 55.82733999999999
561 55.82733999999999
562 55.82733999999999
563 55.82733999999999
564 55.82733999999999
565 55.82733999999999
566 55.82733999999999
567 55.82733999999999
568 55.82733999999999
569 55.82733999999999
570 55.82733999999999
571 55.83149999999999
572 55.82733999999999
573 55.82733999999999
574 55.82733999999999
575 55.82733999999999
576 55.83149999999999
577 55.82733999999999
578 55.82733999999999
579 55.82733999999999
580 55.83149999999999
581 55.83149999999999
582 55.82733999999999
583 55.82733999999999
584 55.82733999999999
585 55.82733999999999
586 55.82733999999999
587 55.83149999999999
588 55.82733999999999
589 55.83149999999999
590 55.82733999999999
591 55.82733999999999
592 55.82733999999999
593 55.83149999999999
594 55.82733999999999
595 55.82733999999999
596 55.83149999999999
597 55.82733999999999
598 55.83149999999999
599 55.83149999999999
600 55.83149999999999
601 59.80429999999999
602 59.80429999999999
603 59.80429999999999
604 59.80429999999999
605 59.80429999999999
606 59.80846
607 59.80429999999999
608 59.80846
609 59.80429999999999
610 59.80846
611 59.80429999999999
612 59.80429999999999
613 59.80429999999999
614 59.80429999999999
615 59.80429999999999
616 59.80429999999999
617 59.80429999999999
618 59.80846
619 59.80846
620 59.80846
621 59.80846
622 59.80846
623 59.80846
624 59.80846
625 59.80846
626 59.80846
627 59.80846
628 59.80846
629 59.80846
630 59.80846
631 59.80846
632 59.80846
633 59.80846
634 59.80846
635 59.80846
636 59.80846
637 59.80846
638 59.80846
639 59.80846
640 59.80846
641 59.80846
642 59.80846
643 59.80846
644 59.80429999999999
645 59.80846
646 59.80846
647 59.80429999999999
648 59.80846
649 59.80846
650 59.80846
651 59.80846
652 59.80846
653 59.80846
654 59.80846
655 59.80846
656 59.80846
657 59.80846
658 59.80846
659 59.80846
660 59.80846
661 59.80846
662 59.80846
663 59.80846
664 59.80846
665 59.80846
666 59.80846
667 59.80846
668 59.80846
669 59.80846
670 59.80846
671 59.80846
672 59.80846
673 59.80846
674 59.80846
675 59.80846
676 59.80846
677 59.80846
678 59.80846
679 59.80846
680 59.80846
681 59.80846
682 59.80846
683 59.80846
684 59.80846
685 59.80846
686 59.80846
687 59.80846
688 59.80846
689 59.80846
690 59.80846
691 59.80846
692 59.80846
693 59.80846
694 59.80846
695 59.80846
696 59.80846
697 59.80846
698 59.80846
699 59.80846
700 59.80846
701 59.80846
702 59.80846
703 59.80846
704 59.80846
705 59.80846
706 59.80846
707 59.80846
708 59.80846
709 59.80846
710 59.80846
711 59.80846
712 59.80846
713 59.80846
714 59.80846
715 59.80846
716 59.80846
717 59.80846
718 59.80846
719 59.80846
720 59.80846
721 59.80846
722 59.80846
723 59.80846
724 59.80846
725 59.80846
726 59.80846
727 59.80846
728 59.80846
729 59.80846
730 59.80846
731 59.80846
732 59.80846
733 59.80846
734 59.80846
735 59.80846
736 59.80846
737 59.80846
738 59.80846
739 59.80846
740 59.80846
741 59.80846
742 59.80846
743 59.80846
744 59.80846
745 59.80846
746 59.80846
747 59.812619999999995
748 59.80846
749 59.80846
750 59.80846
751 59.80846
752 59.80846
753 59.80846
754 59.80846
755 59.80846
756 59.80846
757 59.80846
758 59.80846
759 59.80846
760 59.80846
761 59.80846
762 59.80846
763 59.812619999999995
764 59.80846
765 59.80846
766 59.812619999999995
767 59.812619999999995
768 59.812619999999995
769 59.812619999999995
770 59.812619999999995
771 59.812619999999995
772 59.812619999999995
773 59.812619999999995
774 59.80846
775 59.812619999999995
776 59.812619999999995
777 59.812619999999995
778 59.80846
779 59.812619999999995
780 59.80846
781 59.80846
782 59.812619999999995
783 59.812619999999995
784 59.812619999999995
785 59.812619999999995
786 59.812619999999995
787 59.812619999999995
788 59.812619999999995
789 59.812619999999995
790 59.80846
791 59.812619999999995
792 59.80846
793 59.812619999999995
794 59.812619999999995
795 59.812619999999995
796 59.812619999999995
797 59.812619999999995
798 59.812619999999995
799 59.812619999999995
800 59.812619999999995
801 59.812619999999995
802 59.812619999999995
803 59.812619999999995
804 59.812619999999995
805 59.812619999999995
806 59.812619999999995
807 59.812619999999995
808 59.812619999999995
809 59.812619999999995
810 59.812619999999995
811 59.812619999999995
812 59.812619999999995
813 59.812619999999995
814 59.812619999999995
815 59.812619999999995
816 59.812619999999995
817 59.812619999999995
818 59.812619999999995
819 59.812619999999995
820 59.812619999999995
821 59.812619999999995
822 59.812619999999995
823 59.812619999999995
824 59.812619999999995
825 59.812619999999995
826 59.812619999999995
827 59.812619999999995
828 59.812619999999995
829 59.812619999999995
830 59.812619999999995
831 59.812619999999995
832 59.812619999999995
833 59.812619999999995
834 59.812619999999995
835 59.812619999999995
836 59.812619999999995
837 59.812619999999995
838 59.812619999999995
839 59.812619999999995
840 59.812619999999995
841 59.812619999999995
842 59.812619999999995
843 59.812619999999995
844 59.812619999999995
845 59.812619999999995
846 59.812619999999995
847 59.812619999999995
848 59.812619999999995
849 59.812619999999995
850 59.812619999999995
851 59.812619999999995
852 59.812619999999995
853 59.812619999999995
854 59.812619999999995
855 59.812619999999995
856 59.812619999999995
857 59.812619999999995
858 59.812619999999995
859 59.812619999999995
860 59.812619999999995
861 59.812619999999995
862 59.812619999999995
863 59.812619999999995
864 59.812619999999995
865 59.812619999999995
866 59.812619999999995
867 59.812619999999995
868 59.812619999999995
869 59.812619999999995
870 59.812619999999995
871 59.812619999999995
872 59.812619999999995
873 59.812619999999995
874 59.812619999999995
875 59.812619999999995
876 59.812619999999995
877 59.812619999999995
878 59.812619999999995
879 59.812619999999995
880 59.812619999999995
881 59.812619999999995
882 59.812619999999995
883 59.816779999999994
884 59.812619999999995
885 59.812619999999995
886 59.812619999999995
887 59.812619999999995
888 59.812619999999995
889 59.812619999999995
890 59.816779999999994
891 59.812619999999995
892 59.812619999999995
893 59.812619999999995
894 59.812619999999995
895 59.812619999999995
896 59.812619999999995
897 59.816779999999994
898 59.812619999999995
899 59.812619999999995
900 59.816779999999994
901 55.839819999999996
902 55.839819999999996
903 55.839819999999996
904 55.839819999999996
905 55.839819999999996
906 55.839819999999996
907 55.839819999999996
908 55.839819999999996
909 55.839819999999996
910 55.839819999999996
911 55.839819999999996
912 55.839819999999996
913 55.839819999999996
914 55.839819999999996
915 55.839819999999996
916 55.839819999999996
917 55.839819999999996
918 55.839819999999996
919 55.839819999999996
920 55.839819999999996
921 55.839819999999996
922 55.839819999999996
923 55.839819999999996
924 55.839819999999996
925 55.839819999999996
926 55.839819999999996
927 55.839819999999996
928 55.839819999999996
929 55.839819999999996
930 55.839819999999996
931 55.839819999999996
932 55.839819999999996
933 55.839819999999996
934 55.839819999999996
935 55.839819999999996
936 55.839819999999996
937 55.839819999999996
938 55.839819999999996
939 55.839819999999996
940 55.839819999999996
941 55.839819999999996
942 55.839819999999996
943 55.839819999999996
944 55.839819999999996
945 55.839819999999996
946 55.839819999999996
947 55.839819999999996
948 55.839819999999996
949 55.839819999999996
950 55.839819999999996
951 55.839819999999996
952 55.839819999999996
953 55.839819999999996
954 55.839819999999996
955 55.839819999999996
956 55.839819999999996
957 55.839819999999996
958 55.839819999999996
959 55.839819999999996
960 55.839819999999996
961 55.839819999999996
962 55.839819999999996
963 55.839819999999996
964 55.839819999999996
965 55.839819999999996
966 55.839819999999996
967 55.839819999999996
968 55.839819999999996
969 55.839819999999996
970 55.839819999999996
971 55.839819999999996
972 55.839819999999996
973 55.839819999999996
974 55.839819999999996
975 55.839819999999996
976 55.839819999999996
977 55.839819999999996
978 55.839819999999996
979 55.839819999999996
980 55.839819999999996
981 55.839819999999996
982 55.839819999999996
983 55.839819999999996
984 55.839819999999996
985 55.839819999999996
986 55.839819999999996
987 55.839819999999996
988 55.839819999999996
989 55.839819999999996
990 55.839819999999996
991 55.839819999999996
992 55.839819999999996
993 55.839819999999996
994 55.839819999999996
995 55.839819999999996
996 55.839819999999996
997 55.839819999999996
998 55.839819999999996
999 55.839819999999996
1000 55.839819999999996
1001 55.839819999999996
1002 55.839819999999996
1003 55.839819999999996
1004 55.839819999999996
1005 55.839819999999996
1006 55.839819999999996
1007 55.839819999999996
1008 55.839819999999996
1009 55.839819999999996
1010 55.839819999999996
1011 55.839819999999996
1012 55.839819999999996
1013 55.839819999999996
1014 55.839819999999996
1015 55.839819999999996
1016 55.839819999999996
1017 55.839819999999996
1018 55.839819999999996
1019 55.839819999999996
1020 55.839819999999996
1021 55.839819999999996
1022 55.839819999999996
1023 55.839819999999996
1024 55.839819999999996
1025 55.839819999999996
1026 55.839819999999996
1027 55.839819999999996
1028 55.839819999999996
1029 55.839819999999996
1030 55.839819999999996
1031 55.839819999999996
1032 55.839819999999996
1033 55.839819999999996
1034 55.839819999999996
1035 55.839819999999996
1036 55.839819999999996
1037 55.839819999999996
1038 55.839819999999996
1039 55.839819999999996
1040 55.839819999999996
1041 55.839819999999996
1042 55.839819999999996
1043 55.839819999999996
1044 55.843979999999995
1045 55.843979999999995
1046 55.839819999999996
1047 55.839819999999996
1048 55.839819999999996
1049 55.839819999999996
1050 55.839819999999996
1051 55.839819999999996
1052 55.839819999999996
1053 55.839819999999996
1054 55.839819999999996
1055 55.839819999999996
1056 55.839819999999996
1057 55.839819999999996
1058 55.839819999999996
1059 55.839819999999996
1060 55.839819999999996
1061 55.839819999999996
1062 55.843979999999995
1063 55.839819999999996
1064 55.839819999999996
1065 55.843979999999995
1066 55.839819999999996
1067 55.839819999999996
1068 55.839819999999996
1069 55.839819999999996
1070 55.839819999999996
1071 55.839819999999996
1072 55.843979999999995
1073 55.839819999999996
1074 55.839819999999996
1075 55.839819999999996
1076 55.839819999999996
1077 55.843979999999995
1078 55.843979999999995
1079 55.843979999999995
1080 55.843979999999995
1081 55.839819999999996
1082 55.843979999999995
1083 55.843979999999995
1084 55.843979999999995
1085 55.839819999999996
1086 55.839819999999996
1087 55.839819999999996
1088 55.843979999999995
1089 55.843979999999995
1090 55.839819999999996
1091 55.839819999999996
1092 55.843979999999995
1093 55.843979999999995
1094 55.843979999999995
1095 55.843979999999995
1096 55.843979999999995
1097 55.843979999999995
1098 55.843979999999995
1099 55.843979999999995
1100 55.843979999999995
1101 55.843979999999995
1102 55.843979999999995
1103 55.843979999999995
1104 55.843979999999995
1105 55.843979999999995
1106 55.843979999999995
1107 55.839819999999996
1108 55.843979999999995
1109 55.843979999999995
1110 55.843979999999995
1111 55.843979999999995
1112 55.843979999999995
1113 55.843979999999995
1114 55.843979999999995
1115 55.843979999999995
1116 55.843979999999995
1117 55.843979999999995
1118 55.843979999999995
1119 55.843979999999995
1120 55.843979999999995
1121 55.843979999999995
1122 55.843979999999995
1123 55.843979999999995
1124 55.843979999999995
1125 55.843979999999995
1126 55.843979999999995
1127 55.843979999999995
1128 55.843979999999995
1129 55.843979999999995
1130 55.843979999999995
1131 55.843979999999995
1132 55.843979999999995
1133 55.843979999999995
1134 55.843979999999995
1135 55.843979999999995
1136 55.843979999999995
1137 55.843979999999995
1138 55.843979999999995
1139 55.843979999999995
1140 55.843979999999995
1141 55.843979999999995
1142 55.843979999999995
1143 55.843979999999995
1144 55.843979999999995
1145 55.843979999999995
1146 55.843979999999995
1147 55.843979999999995
1148 55.843979999999995
1149 55.843979999999995
1150 55.843979999999995
1151 55.843979999999995
1152 55.843979999999995
1153 55.843979999999995
1154 55.843979999999995
1155 55.843979999999995
1156 55.843979999999995
1157 55.843979999999995
1158 55.843979999999995
1159 55.843979999999995
1160 55.843979999999995
1161 55.843979999999995
1162 55.843979999999995
1163 55.843979999999995
1164 55.843979999999995
1165 55.843979999999995
1166 55.843979999999995
1167 55.843979999999995
1168 55.843979999999995
1169 55.843979999999995
1170 55.843979999999995
1171 55.843979999999995
1172 55.843979999999995
1173 55.843979999999995
1174 55.843979999999995
1175 55.843979999999995
1176 55.843979999999995
1177 55.843979999999995
1178 55.843979999999995
1179 55.843979999999995
1180 55.843979999999995
1181 55.843979999999995
1182 55.843979999999995
1183 55.843979999999995
1184 55.843979999999995
1185 55.843979999999995
1186 55.843979999999995
1187 55.843979999999995
1188 55.843979999999995
1189 55.843979999999995
1190 55.843979999999995
1191 55.843979999999995
1192 55.843979999999995
1193 55.843979999999995
1194 55.843979999999995
1195 55.843979999999995
1196 55.843979999999995
1197 55.843979999999995
1198 55.843979999999995
1199 55.843979999999995
1200 55.843979999999995
1201 51.86286
1202 51.85869999999999
1203 51.85869999999999
1204 51.85869999999999
1205 51.85869999999999
1206 51.85869999999999
1207 51.85869999999999
1208 51.85869999999999
1209 51.85869999999999
1210 51.85869999999999
1211 51.85869999999999
1212 51.85869999999999
1213 51.85869999999999
1214 51.85869999999999
1215 51.85869999999999
1216 51.85869999999999
1217 51.85869999999999
1218 51.85869999999999
1219 51.85869999999999
1220 51.85869999999999
1221 51.85869999999999
1222 51.85869999999999
1223 51.85869999999999
1224 51.85869999999999
1225 51.85869999999999
1226 51.85869999999999
1227 51.85869999999999
1228 51.85869999999999
1229 51.85869999999999
1230 51.85869999999999
1231 51.86286
1232 51.85869999999999
1233 51.85869999999999
1234 51.85869999999999
1235 51.85869999999999
1236 51.85869999999999
1237 51.85869999999999
1238 51.85869999999999
1239 51.85869999999999
1240 51.85869999999999
1241 51.85869999999999
1242 51.85869999999999
1243 51.85869999999999
1244 51.85869999999999
1245 51.85869999999999
1246 51.85869999999999
1247 51.85869999999999
1248 51.85869999999999
1249 51.85869999999999
1250 51.85869999999999
1251 51.85869999999999
1252 51.85869999999999
1253 51.85869999999999
1254 51.85869999999999
1255 51.85869999999999
1256 51.85869999999999
1257 51.85869999999999
1258 51.85869999999999
1259 51.85869999999999
1260 51.85869999999999
1261 51.86286
1262 51.85869999999999
1263 51.85869999999999
1264 51.85869999999999
1265 51.85869999999999
1266 51.85869999999999
1267 51.85869999999999
1268 51.86286
1269 51.86286
1270 51.86286
1271 51.86286
1272 51.85869999999999
1273 51.85869999999999
1274 51.85869999999999
1275 51.85869999999999
1276 51.85869999999999
1277 51.85869999999999
1278 51.85869999999999
1279 51.85869999999999
1280 51.85869999999999
1281 51.86286
1282 51.85869999999999
1283 51.85869999999999
1284 51.85869999999999
1285 51.85869999999999
1286 51.85869999999999
1287 51.85869999999999
1288 51.85869999999999
1289 51.85869999999999
1290 51.86286
1291 51.85869999999999
1292 51.85869999999999
1293 51.85869999999999
1294 51.85869999999999
1295 51.86286
1296 51.85869999999999
1297 51.86286
1298 51.85869999999999
1299 51.86286
1300 51.86286
1301 51.86286
1302 51.85869999999999
1303 51.86286
1304 51.85869999999999
1305 51.86286
1306 51.86286
1307 51.85869999999999
1308 51.85869999999999
1309 51.86286
1310 51.86286
1311 51.86286
1312 51.85869999999999
1313 51.85869999999999
1314 51.86286
1315 51.86286
1316 51.86286
1317 51.86286
1318 51.85869999999999
1319 51.85869999999999
1320 51.85869999999999
1321 51.86286
1322 51.86286
1323 51.86286
1324 51.86286
1325 51.86286
1326 51.85869999999999
1327 51.86286
1328 51.85869999999999
1329 51.86286
1330 51.86286
1331 51.86286
1332 51.86286
1333 51.86286
1334 51.86286
1335 51.85869999999999
1336 51.85869999999999
1337 51.86286
1338 51.85869999999999
1339 51.86286
1340 51.85869999999999
1341 51.86286
1342 51.86286
1343 51.86286
1344 51.86286
1345 51.86286
1346 51.86286
1347 51.86286
1348 51.86286
1349 51.86286
1350 51.86286
1351 51.85869999999999
1352 51.86286
1353 51.86286
1354 51.86286
1355 51.86286
1356 51.85869999999999
1357 51.86286
1358 51.86286
1359 51.86286
1360 51.86286
1361 51.86286
1362 51.86286
1363 51.86286
1364 51.86286
1365 51.86286
1366 51.85869999999999
1367 51.86286
1368 51.86286
1369 51.86286
1370 51.86286
1371 51.86286
1372 51.86286
1373 51.86286
1374 51.86286
1375 51.86286
1376 51.86286
1377 51.86286
1378 51.86286
1379 51.86286
1380 51.86286
1381 51.86286
1382 51.86286
1383 51.86286
1384 51.86286
1385 51.86286
1386 51.86286
1387 51.86286
1388 51.86286
1389 51.86286
1390 51.86286
1391 51.86286
1392 51.86286
1393 51.86286
1394 51.86286
1395 51.86286
1396 51.86286
1397 51.86286
1398 51.86286
1399 51.86286
1400 51.86286
1401 51.86286
1402 51.86286
1403 51.86286
1404 51.86286
1405 51.86286
1406 51.86286
1407 51.86286
1408 51.86286
1409 51.86286
1410 51.86286
1411 51.86286
1412 51.86286
1413 51.86286
1414 51.86286
1415 51.86286
1416 51.86286
1417 51.86286
1418 51.86286
1419 51.86286
1420 51.86286
1421 51.86286
1422 51.86286
1423 51.86286
1424 51.86286
1425 51.86286
1426 51.86286
1427 51.86286
1428 51.86286
1429 51.86286
1430 51.86286
1431 51.86286
1432 51.86286
1433 51.86286
1434 51.86286
1435 51.86286
1436 51.86286
1437 51.86286
1438 51.86286
1439 51.86286
1440 51.86286
1441 51.86286
1442 51.86286
1443 51.86286
1444 51.86286
1445 51.86286
1446 51.86286
1447 51.86286
1448 51.86286
1449 51.86286
1450 51.86286
1451 51.86286
1452 51.86286
1453 51.86286
1454 51.86286
1455 51.86286
1456 51.86286
1457 51.86286
1458 51.86286
1459 51.86286
1460 51.86286
1461 51.86286
1462 51.86286
1463 51.86286
1464 51.86286
1465 51.86286
1466 51.86286
1467 51.86286
1468 51.86286
1469 51.86286
1470 51.86286
1471 51.86286
1472 51.86286
1473 51.86286
1474 51.86286
1475 51.86286
1476 51.86286
1477 51.86286
1478 51.86286
1479 51.86286
1480 51.86286
1481 51.86286
1482 51.86286
1483 51.86286
1484 51.86286
1485 51.86286
1486 51.86286
1487 51.86286
1488 51.86286
1489 51.86286
1490 51.86286
1491 51.86286
1492 51.86286
1493 51.86286
1494 51.86286
1495 51.86286
1496 51.86286
1497 51.86286
1498 51.86286
1499 51.86286
1500 51.86286
1501 59.82093999999999
1502 59.82093999999999
1503 59.82093999999999
1504 59.82093999999999
1505 59.82509999999999
1506 59.82093999999999
1507 59.82093999999999
1508 59.82093999999999
1509 59.82509999999999
1510 59.82093999999999
1511 59.82093999999999
1512 59.82093999999999
1513 59.82509999999999
1514 59.82093999999999
1515 59.82509999999999
1516 59.82509999999999
1517 59.82509999999999
1518 59.82093999999999
1519 59.82093999999999
1520 59.82509999999999
1521 59.82509999999999
1522 59.82509999999999
1523 59.82093999999999
1524 59.82093999999999
1525 59.82093999999999
1526 59.82093999999999
1527 59.82093999999999
1528 59.82509999999999
1529 59.82093999999999
1530 59.82093999999999
1531 59.82509999999999
1532 59.82093999999999
1533 59.82093999999999
1534 59.82509999999999
1535 59.82509999999999
1536 59.82509999999999
1537 59.82509999999999
1538 59.82509999999999
1539 59.82509999999999
1540 59.82509999999999
1541 59.82093999999999
1542 59.82093999999999
1543 59.82509999999999
1544 59.82509999999999
1545 59.82509999999999
1546 59.82509999999999
1547 59.82509999999999
1548 59.82093999999999
1549 59.82509999999999
1550 59.82509999999999
1551 59.82093999999999
1552 59.82509999999999
1553 59.82509999999999
1554 59.82509999999999
1555 59.82093999999999
1556 59.82509999999999
1557 59.82093999999999
1558 59.82093999999999
1559 59.82093999999999
1560 59.82093999999999
1561 59.82093999999999
1562 59.82509999999999
1563 59.82093999999999
1564 59.82093999999999
1565 59.82093999999999
1566 59.82093999999999
1567 59.82509999999999
1568 59.82509999999999
1569 59.82509999999999
1570 59.82509999999999
1571 59.82509999999999
1572 59.82509999999999
1573 59.82509999999999
1574 59.82509999999999
1575 59.82093999999999
1576 59.82509999999999
1577 59.82509999999999
1578 59.82093999999999
1579 59.82093999999999
1580 59.82093999999999
1581 59.82093999999999
1582 59.82093999999999
1583 59.82093999999999
1584 59.82093999999999
1585 59.82509999999999
1586 59.82093999999999
1587 59.82093999999999
1588 59.82093999999999
1589 59.82093999999999
1590 59.82509999999999
1591 59.82509999999999
1592 59.82509999999999
1593 59.82509999999999
1594 59.82509999999999
1595 59.82509999999999
1596 59.82509999999999
1597 59.82509999999999
1598 59.82093999999999
1599 59.82093999999999
1600 59.82509999999999
1601 59.82509999999999
1602 59.82509999999999
1603 59.82509999999999
1604 59.82509999999999
1605 59.82093999999999
1606 59.82509999999999
1607 59.82509999999999
1608 59.82509999999999
1609 59.82509999999999
1610 59.82093999999999
1611 59.82509999999999
1612 59.82093999999999
1613 59.82509999999999
1614 59.82509999999999
1615 59.82509999999999
1616 59.82509999999999
1617 59.82509999999999
1618 59.82509999999999
1619 59.82509999999999
1620 59.82509999999999
1621 59.82093999999999
1622 59.82509999999999
1623 59.82509999999999
1624 59.82509999999999
1625 59.82509999999999
1626 59.82509999999999
1627 59.82509999999999
1628 59.82509999999999
1629 59.82509999999999
1630 59.82509999999999
1631 59.82509999999999
1632 59.82509999999999
1633 59.82509999999999
1634 59.82509999999999
1635 59.82509999999999
1636 59.82509999999999
1637 59.82509999999999
1638 59.82509999999999
1639 59.82509999999999
1640 59.82509999999999
1641 59.82509999999999
1642 59.82509999999999
1643 59.82509999999999
1644 59.82509999999999
1645 59.82509999999999
1646 59.82509999999999
1647 59.82509999999999
1648 59.82509999999999
1649 59.82093999999999
1650 59.82509999999999
1651 59.82509999999999
1652 59.82509999999999
1653 59.82509999999999
1654 59.82509999999999
1655 59.82509999999999
1656 59.82509999999999
1657 59.82509999999999
1658 59.82509999999999
1659 59.82509999999999
1660 59.82509999999999
1661 59.82509999999999
1662 59.82509999999999
1663 59.82509999999999
1664 59.82509999999999
1665 59.82509999999999
1666 59.82509999999999
1667 59.82509999999999
1668 59.82093999999999
1669 59.82509999999999
1670 59.82509999999999
1671 59.82509999999999
1672 59.82509999999999
1673 59.82509999999999
1674 59.82509999999999
1675 59.82509999999999
1676 59.82509999999999
1677 59.82509999999999
1678 59.82509999999999
1679 59.82509999999999
1680 59.82509999999999
1681 59.82509999999999
1682 59.82509999999999
1683 59.82509999999999
1684 59.82093999999999
1685 59.82509999999999
1686 59.82093999999999
1687 59.82093999999999
1688 59.82093999999999
1689 59.82093999999999
1690 59.82093999999999
1691 59.82093999999999
1692 59.82509999999999
1693 59.82093999999999
1694 59.82509999999999
1695 59.82509999999999
1696 59.82509999999999
1697 59.82509999999999
1698 59.82509999999999
1699 59.82509999999999
1700 59.82509999999999
1701 59.82093999999999
1702 59.82093999999999
1703 59.82509999999999
1704 59.82093999999999
1705 59.82093999999999
1706 59.82093999999999
1707 59.82509999999999
1708 59.82093999999999
1709 59.82093999999999
1710 59.82509999999999
1711 59.82093999999999
1712 59.82509999999999
1713 59.82093999999999
1714 59.82093999999999
1715 59.82509999999999
1716 59.82509999999999
1717 59.82509999999999
1718 59.82509999999999
1719 59.82509999999999
1720 59.82509999999999
1721 59.82509999999999
1722 59.82509999999999
1723 59.82509999999999
1724 59.82509999999999
1725 59.82509999999999
1726 59.82509999999999
1727 59.82509999999999
1728 59.82509999999999
1729 59.82509999999999
1730 59.82509999999999
1731 59.82509999999999
1732 59.82509999999999
1733 59.82093999999999
1734 59.82509999999999
1735 59.82509999999999
1736 59.82509999999999
1737 59.82509999999999
1738 59.82509999999999
1739 59.82509999999999
1740 59.82509999999999
1741 59.82509999999999
1742 59.82093999999999
1743 59.82509999999999
1744 59.82509999999999
1745 59.82509999999999
1746 59.82509999999999
1747 59.82509999999999
1748 59.82509999999999
1749 59.82509999999999
1750 59.82093999999999
1751 59.82509999999999
1752 59.82509999999999
1753 59.82509999999999
1754 59.82509999999999
1755 59.82509999999999
1756 59.82509999999999
1757 59.82509999999999
1758 59.82509999999999
1759 59.82509999999999
1760 59.82509999999999
1761 59.82509999999999
1762 59.82509999999999
1763 59.82509999999999
1764 59.82509999999999
1765 59.82509999999999
1766 59.82509999999999
1767 59.82509999999999
1768 59.82509999999999
1769 59.82509999999999
1770 59.82509999999999
1771 59.82509999999999
1772 59.82509999999999
1773 59.82093999999999
1774 59.82509999999999
1775 59.82509999999999
1776 59.82509999999999
1777 59.82509999999999
1778 59.82093999999999
1779 59.82509999999999
1780 59.82509999999999
1781 59.82509999999999
1782 59.82509999999999
1783 59.82509999999999
1784 59.82509999999999
1785 59.82509999999999
1786 59.82509999999999
1787 59.82509999999999
1788 59.82509999999999
1789 59.82509999999999
1790 59.82509999999999
1791 59.82509999999999
1792 59.82509999999999
1793 59.82509999999999
1794 59.82509999999999
1795 59.82509999999999
1796 59.82509999999999
1797 59.82509999999999
1798 59.82509999999999
1799 59.82509999999999
1800 59.82509999999999
