1 51.86286
2 51.86286
3 51.86702
4 51.86702
5 51.86286
6 51.86702
7 51.86702
8 51.86702
9 51.86702
10 51.86702
11 51.86702
12 51.86702
13 51.86702
14 51.86702
15 51.86702
16 51.86702
17 51.86702
18 51.86702
19 51.86702
20 51.86702
21 51.86702
22 51.86702
23 51.86702
24 51.86702
25 51.86702
26 51.86702
27 51.86702
28 51.86702
29 51.86702
30 51.86702
31 51.86702
32 51.86702
33 51.86702
34 51.86702
35 51.86702
36 51.86702
37 51.86702
38 51.86702
39 51.86702
40 51.86702
41 51.86702
42 51.86702
43 51.86702
44 51.86702
45 51.86702
46 51.86702
47 51.86702
48 51.86702
49 51.86702
50 51.86702
51 51.86702
52 51.86702
53 51.86702
54 51.86702
55 51.86702
56 51.86702
57 51.86702
58 51.86702
59 51.86702
60 51.86702
61 51.86702
62 51.86702
63 51.86702
64 51.86702
65 51.86702
66 51.86702
67 51.86702
68 51.86702
69 51.86702
70 51.86702
71 51.86702
72 51.86702
73 51.86702
74 51.86702
75 51.86702
76 51.86702
77 51.86702
78 51.871179999999995
79 51.86702
80 51.86702
81 51.86702
82 51.86702
83 51.86702
84 51.871179999999995
85 51.86702
86 51.86702
87 51.86702
88 51.86702
89 51.86702
90 51.86702
91 51.86702
92 51.86702
93 51.86702
94 51.86702
95 51.86702
96 51.86702
97 51.86702
98 51.86702
99 51.86702
100 51.86702
101 51.86702
102 51.86702
103 51.86702
104 51.86702
105 51.86702
106 51.86702
107 51.86702
108 51.86702
109 51.86702
110 51.86702
111 51.86702
112 51.86702
113 51.86702
114 51.86702
115 51.86702
116 51.86702
117 51.86702
118 51.86702
119 51.86702
120 51.86702
121 51.86702
122 51.86702
123 51.86702
124 51.86702
125 51.86702
126 51.86702
127 51.86702
128 51.86702
129 51.86702
130 51.86702
131 51.86702
132 51.86702
133 51.86702
134 51.86702
135 51.86702
136 51.86702
137 51.86702
138 51.86702
139 51.86702
140 51.86702
141 51.86702
142 51.86702
143 51.86702
144 51.86702
145 51.86702
146 51.86702
147 51.86702
148 51.86702
149 51.86702
150 51.86702
151 51.86702
152 51.86702
153 51.86702
154 51.86702
155 51.86702
156 51.86702
157 51.86702
158 51.86702
159 51.86702
160 51.86702
161 51.86702
162 51.86702
163 51.86702
164 51.86702
165 51.86702
166 51.86702
167 51.86702
168 51.86702
169 51.86702
170 51.86702
171 51.86702
172 51.86702
173 51.86702
174 51.86702
175 51.86702
176 51.86702
177 51.86702
178 51.86702
179 51.86702
180 51.86702
181 51.871179999999995
182 51.86702
183 51.86702
184 51.86702
185 51.871179999999995
186 51.871179999999995
187 51.86702
188 51.86702
189 51.86702
190 51.86702
191 51.86702
192 51.86702
193 51.86702
194 51.86702
195 51.86702
196 51.86702
197 51.871179999999995
198 51.86702
199 51.86702
200 51.86702
201 51.86702
202 51.86702
203 51.86702
204 51.86702
205 51.86702
206 51.86702
207 51.86702
208 51.86702
209 51.86702
210 51.86702
211 51.86702
212 51.86702
213 51.86702
214 51.86702
215 51.86702
216 51.86702
217 51.86702
218 51.86702
219 51.86702
220 51.86702
221 51.871179999999995
222 51.86702
223 51.86702
224 51.86702
225 51.86702
226 51.871179999999995
227 51.871179999999995
228 51.86702
229 51.86702
230 51.86702
231 51.86702
232 51.871179999999995
233 51.86702
234 51.86702
235 51.86702
236 51.86702
237 51.86702
238 51.86702
239 51.86702
240 51.86702
241 51.86702
242 51.86702
243 51.86702
244 51.86702
245 51.86702
246 51.86702
247 51.86702
248 51.86702
249 51.871179999999995
250 51.86702
251 51.871179999999995
252 51.86702
253 51.86702
254 51.86702
255 51.86702
256 51.86702
257 51.86702
258 51.86702
259 51.86702
260 51.86702
261 51.86702
262 51.86702
263 51.86702
264 51.86702
265 51.86702
266 51.86702
267 51.86702
268 51.86702
269 51.86702
270 51.86702
271 51.86702
272 51.871179999999995
273 51.86702
274 51.86702
275 51.86702
276 51.86702
277 51.86702
278 51.86702
279 51.86702
280 51.86702
281 51.86702
282 51.86702
283 51.86702
284 51.86702
285 51.86702
286 51.86702
287 51.86702
288 51.871179999999995
289 51.86702
290 51.86702
291 51.86702
292 51.871179999999995
293 51.86702
294 51.86702
295 51.86702
296 51.86702
297 51.86702
298 51.86702
299 51.86702
300 51.86702
301 55.85229999999999
302 55.85229999999999
303 55.85229999999999
304 55.85229999999999
305 55.85229999999999
306 55.85229999999999
307 55.85229999999999
308 55.85229999999999
309 55.85229999999999
310 55.85229999999999
311 55.85229999999999
312 55.85229999999999
313 55.85229999999999
314 55.85229999999999
315 55.85229999999999
316 55.85229999999999
317 55.85229999999999
318 55.85229999999999
319 55.85229999999999
320 55.85229999999999
321 55.85229999999999
322 55.85229999999999
323 55.85229999999999
324 55.85229999999999
325 55.85229999999999
326 55.848139999999994
327 55.85229999999999
328 55.85229999999999
329 55.85229999999999
330 55.85229999999999
331 55.848139999999994
332 55.848139999999994
333 55.85229999999999
334 55.85229999999999
335 55.85229999999999
336 55.85229999999999
337 55.85229999999999
338 55.85229999999999
339 55.85229999999999
340 55.85229999999999
341 55.85229999999999
342 55.85229999999999
343 55.85229999999999
344 55.85229999999999
345 55.85229999999999
346 55.85229999999999
347 55.85229999999999
348 55.85229999999999
349 55.85229999999999
350 55.85229999999999
351 55.85229999999999
352 55.85229999999999
353 55.85229999999999
354 55.85229999999999
355 55.85229999999999
356 55.85229999999999
357 55.85229999999999
358 55.85229999999999
359 55.85229999999999
360 55.848139999999994
361 55.848139999999994
362 55.85229999999999
363 55.85229999999999
364 55.85229999999999
365 55.848139999999994
366 55.848139999999994
367 55.85229999999999
368 55.85229999999999
369 55.85229999999999
370 55.85229999999999
371 55.85229999999999
372 55.85229999999999
373 55.85229999999999
374 55.85229999999999
375 55.85229999999999
376 55.85229999999999
377 55.85229999999999
378 55.85229999999999
379 55.85229999999999
380 55.848139999999994
381 55.848139999999994
382 55.85229999999999
383 55.85229999999999
384 55.85229999999999
385 55.85229999999999
386 55.848139999999994
387 55.85229999999999
388 55.85229999999999
389 55.85229999999999
390 55.85229999999999
391 55.85229999999999
392 55.85229999999999
393 55.848139999999994
394 55.85229999999999
395 55.85229999999999
396 55.85229999999999
397 55.85229999999999
398 55.85229999999999
399 55.85229999999999
400 55.85229999999999
401 55.85229999999999
402 55.85229999999999
403 55.85229999999999
404 55.85229999999999
405 55.85229999999999
406 55.85229999999999
407 55.85229999999999
408 55.85229999999999
409 55.848139999999994
410 55.85229999999999
411 55.848139999999994
412 55.85229999999999
413 55.85229999999999
414 55.85229999999999
415 55.85229999999999
416 55.85229999999999
417 55.85229999999999
418 55.848139999999994
419 55.848139999999994
420 55.848139999999994
421 55.85229999999999
422 55.848139999999994
423 55.85229999999999
424 55.85229999999999
425 55.85229999999999
426 55.848139999999994
427 55.85229999999999
428 55.85229999999999
429 55.85229999999999
430 55.85229999999999
431 55.85229999999999
432 55.85229999999999
433 55.85229999999999
434 55.85229999999999
435 55.85229999999999
436 55.85229999999999
437 55.85229999999999
438 55.85229999999999
439 55.85229999999999
440 55.848139999999994
441 55.848139999999994
442 55.848139999999994
443 55.85229999999999
444 55.85229999999999
445 55.85229999999999
446 55.85229999999999
447 55.85229999999999
448 55.85229999999999
449 55.85229999999999
450 55.85229999999999
451 55.85229999999999
452 55.85229999999999
453 55.85229999999999
454 55.85229999999999
455 55.85229999999999
456 55.85229999999999
457 55.85229999999999
458 55.85229999999999
459 55.85229999999999
460 55.85229999999999
461 55.85229999999999
462 55.85229999999999
463 55.85229999999999
464 55.85229999999999
465 55.85229999999999
466 55.85229999999999
467 55.85229999999999
468 55.85229999999999
469 55.85229999999999
470 55.85229999999999
471 55.85229999999999
472 55.85229999999999
473 55.85229999999999
474 55.848139999999994
475 55.848139999999994
476 55.85229999999999
477 55.85229999999999
478 55.85229999999999
479 55.85229999999999
480 55.85229999999999
481 55.85229999999999
482 55.85229999999999
483 55.85229999999999
484 55.85229999999999
485 55.85229999999999
486 55.85229999999999
487 55.85229999999999
488 55.85229999999999
489 55.85229999999999
490 55.85229999999999
491 55.85229999999999
492 55.85229999999999
493 55.85229999999999
494 55.85229999999999
495 55.85229999999999
496 55.85229999999999
497 55.85229999999999
498 55.85229999999999
499 55.85229999999999
500 55.85229999999999
501 55.85229999999999
502 55.85229999999999
503 55.85229999999999
504 55.848139999999994
505 55.85229999999999
506 55.85229999999999
507 55.85229999999999
508 55.85229999999999
509 55.85229999999999
510 55.85229999999999
511 55.85229999999999
512 55.85229999999999
513 55.85229999999999
514 55.85229999999999
515 55.85229999999999
516 55.85229999999999
517 55.85229999999999
518 55.85229999999999
519 55.85229999999999
520 55.85229999999999
521 55.85229999999999
522 55.85229999999999
523 55.85229999999999
524 55.85229999999999
525 55.85229999999999
526 55.85229999999999
527 55.85229999999999
528 55.85229999999999
529 55.85229999999999
530 55.85229999999999
531 55.85229999999999
532 55.85229999999999
533 55.85229999999999
534 55.85229999999999
535 55.85229999999999
536 55.85229999999999
537 55.85229999999999
538 55.85229999999999
539 55.85229999999999
540 55.85229999999999
541 55.85229999999999
542 55.85229999999999
543 55.848139999999994
544 55.85229999999999
545 55.85229999999999
546 55.85229999999999
547 55.85229999999999
548 55.85229999999999
549 55.85229999999999
550 55.85229999999999
551 55.85229999999999
552 55.85229999999999
553 55.85229999999999
554 55.85229999999999
555 55.85229999999999
556 55.85229999999999
557 55.85229999999999
558 55.85229999999999
559 55.85229999999999
560 55.848139999999994
561 55.85229999999999
562 55.85229999999999
563 55.85229999999999
564 55.85229999999999
565 55.85229999999999
566 55.85229999999999
567 55.85229999999999
568 55.85229999999999
569 55.85229999999999
570 55.85229999999999
571 55.85229999999999
572 55.85229999999999
573 55.85229999999999
574 55.85229999999999
575 55.85229999999999
576 55.85229999999999
577 55.848139999999994
578 55.85229999999999
579 55.85229999999999
580 55.848139999999994
581 55.848139999999994
582 55.85229999999999
583 55.85229999999999
584 55.85229999999999
585 55.85229999999999
586 55.85229999999999
587 55.85229999999999
588 55.85229999999999
589 55.85229999999999
590 55.85229999999999
591 55.85229999999999
592 55.85229999999999
593 55.85229999999999
594 55.85229999999999
595 55.85229999999999
596 55.85229999999999
597 55.85229999999999
598 55.85229999999999
599 55.85229999999999
600 55.85229999999999
601 59.82925999999999
602 59.82509999999999
603 59.82509999999999
604 59.82925999999999
605 59.82925999999999
606 59.82925999999999
607 59.82509999999999
608 59.82925999999999
609 59.82925999999999
610 59.82509999999999
611 59.82509999999999
612 59.82925999999999
613 59.82925999999999
614 59.82925999999999
615 59.82925999999999
616 59.82509999999999
617 59.82925999999999
618 59.82925999999999
619 59.82925999999999
620 59.82925999999999
621 59.82925999999999
622 59.82925999999999
623 59.82925999999999
624 59.82925999999999
625 59.82925999999999
626 59.82925999999999
627 59.82925999999999
628 59.82925999999999
629 59.82925999999999
630 59.82925999999999
631 59.82925999999999
632 59.82509999999999
633 59.82509999999999
634 59.82509999999999
635 59.82509999999999
636 59.82925999999999
637 59.82509999999999
638 59.82509999999999
639 59.82925999999999
640 59.82509999999999
641 59.82509999999999
642 59.82925999999999
643 59.82925999999999
644 59.82509999999999
645 59.82509999999999
646 59.82509999999999
647 59.82509999999999
648 59.82925999999999
649 59.82925999999999
650 59.82925999999999
651 59.82925999999999
652 59.82925999999999
653 59.82925999999999
654 59.82925999999999
655 59.82925999999999
656 59.82925999999999
657 59.82925999999999
658 59.82925999999999
659 59.82925999999999
660 59.82925999999999
661 59.82925999999999
662 59.82925999999999
663 59.82925999999999
664 59.82925999999999
665 59.82925999999999
666 59.82925999999999
667 59.82925999999999
668 59.82925999999999
669 59.82925999999999
670 59.82925999999999
671 59.82925999999999
672 59.82925999999999
673 59.82925999999999
674 59.82925999999999
675 59.82925999999999
676 59.82925999999999
677 59.82925999999999
678 59.82925999999999
679 59.82925999999999
680 59.82925999999999
681 59.82925999999999
682 59.82925999999999
683 59.82925999999999
684 59.82925999999999
685 59.82925999999999
686 59.82925999999999
687 59.82925999999999
688 59.82925999999999
689 59.82925999999999
690 59.82925999999999
691 59.82925999999999
692 59.82925999999999
693 59.82925999999999
694 59.82925999999999
695 59.82925999999999
696 59.82925999999999
697 59.82925999999999
698 59.82925999999999
699 59.82925999999999
700 59.82925999999999
701 59.82925999999999
702 59.82925999999999
703 59.82925999999999
704 59.82925999999999
705 59.82925999999999
706 59.82925999999999
707 59.82925999999999
708 59.82925999999999
709 59.82925999999999
710 59.82925999999999
711 59.82925999999999
712 59.82925999999999
713 59.82925999999999
714 59.82925999999999
715 59.82925999999999
716 59.82925999999999
717 59.82925999999999
718 59.82925999999999
719 59.82925999999999
720 59.82925999999999
721 59.82925999999999
722 59.82925999999999
723 59.82925999999999
724 59.82925999999999
725 59.82925999999999
726 59.82925999999999
727 59.82925999999999
728 59.82925999999999
729 59.82925999999999
730 59.82925999999999
731 59.82925999999999
732 59.82925999999999
733 59.82925999999999
734 59.82925999999999
735 59.82925999999999
736 59.82925999999999
737 59.82925999999999
738 59.82925999999999
739 59.82925999999999
740 59.82925999999999
741 59.82925999999999
742 59.82925999999999
743 59.82925999999999
744 59.82925999999999
745 59.82925999999999
746 59.82925999999999
747 59.82925999999999
748 59.82925999999999
749 59.82925999999999
750 59.82925999999999
751 59.82925999999999
752 59.82925999999999
753 59.82925999999999
754 59.82925999999999
755 59.82925999999999
756 59.82925999999999
757 59.82925999999999
758 59.82925999999999
759 59.82925999999999
760 59.82925999999999
761 59.82925999999999
762 59.82925999999999
763 59.82925999999999
764 59.82925999999999
765 59.82925999999999
766 59.82925999999999
767 59.82925999999999
768 59.82925999999999
769 59.82925999999999
770 59.82925999999999
771 59.82925999999999
772 59.82925999999999
773 59.82925999999999
774 59.82925999999999
775 59.82925999999999
776 59.82925999999999
777 59.82925999999999
778 59.82925999999999
779 59.82925999999999
780 59.82925999999999
781 59.82925999999999
782 59.82925999999999
783 59.82925999999999
784 59.82925999999999
785 59.82925999999999
786 59.82925999999999
787 59.82925999999999
788 59.82925999999999
789 59.82925999999999
790 59.82925999999999
791 59.82509999999999
792 59.82925999999999
793 59.82925999999999
794 59.82925999999999
795 59.82925999999999
796 59.82925999999999
797 59.82925999999999
798 59.82925999999999
799 59.82925999999999
800 59.82925999999999
801 59.82925999999999
802 59.82925999999999
803 59.82925999999999
804 59.82925999999999
805 59.82925999999999
806 59.82925999999999
807 59.82925999999999
808 59.82925999999999
809 59.82925999999999
810 59.82925999999999
811 59.82925999999999
812 59.82925999999999
813 59.82925999999999
814 59.82925999999999
815 59.82925999999999
816 59.82925999999999
817 59.82925999999999
818 59.82925999999999
819 59.82925999999999
820 59.82925999999999
821 59.82925999999999
822 59.82925999999999
823 59.82925999999999
824 59.82925999999999
825 59.82925999999999
826 59.82925999999999
827 59.82925999999999
828 59.82925999999999
829 59.82925999999999
830 59.82925999999999
831 59.82925999999999
832 59.82925999999999
833 59.82925999999999
834 59.82925999999999
835 59.82925999999999
836 59.82925999999999
837 59.82925999999999
838 59.82925999999999
839 59.82925999999999
840 59.82925999999999
841 59.82925999999999
842 59.82925999999999
843 59.82925999999999
844 59.82925999999999
845 59.82925999999999
846 59.82925999999999
847 59.82925999999999
848 59.82925999999999
849 59.82925999999999
850 59.82925999999999
851 59.82925999999999
852 59.82925999999999
853 59.82925999999999
854 59.82925999999999
855 59.82925999999999
856 59.82925999999999
857 59.82925999999999
858 59.82925999999999
859 59.82925999999999
860 59.82925999999999
861 59.82925999999999
862 59.82925999999999
863 59.82925999999999
864 59.82925999999999
865 59.82925999999999
866 59.82925999999999
867 59.82925999999999
868 59.82925999999999
869 59.82925999999999
870 59.82925999999999
871 59.82925999999999
872 59.82925999999999
873 59.82925999999999
874 59.82925999999999
875 59.82925999999999
876 59.82925999999999
877 59.82925999999999
878 59.82925999999999
879 59.82509999999999
880 59.82925999999999
881 59.82925999999999
882 59.82925999999999
883 59.82925999999999
884 59.82925999999999
885 59.82925999999999
886 59.82925999999999
887 59.82925999999999
888 59.82509999999999
889 59.82509999999999
890 59.82925999999999
891 59.82925999999999
892 59.82509999999999
893 59.82925999999999
894 59.82925999999999
895 59.82925999999999
896 59.82925999999999
897 59.82925999999999
898 59.82925999999999
899 59.82925999999999
900 59.82925999999999
901 55.85229999999999
902 55.85229999999999
903 55.85229999999999
904 55.85229999999999
905 55.85229999999999
906 55.85229999999999
907 55.85229999999999
908 55.85229999999999
909 55.85229999999999
910 55.85229999999999
911 55.85229999999999
912 55.85229999999999
913 55.85229999999999
914 55.85229999999999
915 55.85229999999999
916 55.85229999999999
917 55.85229999999999
918 55.85229999999999
919 55.85229999999999
920 55.85229999999999
921 55.85229999999999
922 55.85229999999999
923 55.85229999999999
924 55.85229999999999
925 55.85229999999999
926 55.85229999999999
927 55.85229999999999
928 55.85229999999999
929 55.85229999999999
930 55.85229999999999
931 55.85229999999999
932 55.85229999999999
933 55.85229999999999
934 55.85229999999999
935 55.85229999999999
936 55.85229999999999
937 55.85229999999999
938 55.85229999999999
939 55.85229999999999
940 55.85229999999999
941 55.85229999999999
942 55.85229999999999
943 55.85229999999999
944 55.85229999999999
945 55.85229999999999
946 55.85229999999999
947 55.85229999999999
948 55.85229999999999
949 55.85229999999999
950 55.85229999999999
951 55.85229999999999
952 55.85229999999999
953 55.85229999999999
954 55.85229999999999
955 55.85229999999999
956 55.85229999999999
957 55.85229999999999
958 55.85229999999999
959 55.85229999999999
960 55.85229999999999
961 55.85229999999999
962 55.85229999999999
963 55.85229999999999
964 55.85229999999999
965 55.85229999999999
966 55.85229999999999
967 55.85229999999999
968 55.85229999999999
969 55.85229999999999
970 55.85229999999999
971 55.85229999999999
972 55.85229999999999
973 55.85229999999999
974 55.85229999999999
975 55.85229999999999
976 55.85229999999999
977 55.85229999999999
978 55.85229999999999
979 55.85229999999999
980 55.85229999999999
981 55.85229999999999
982 55.85229999999999
983 55.85229999999999
984 55.85229999999999
985 55.85229999999999
986 55.85229999999999
987 55.85229999999999
988 55.85229999999999
989 55.85229999999999
990 55.85229999999999
991 55.85229999999999
992 55.85229999999999
993 55.85229999999999
994 55.85229999999999
995 55.85229999999999
996 55.85229999999999
997 55.85229999999999
998 55.85229999999999
999 55.85645999999999
1000 55.85229999999999
1001 55.85229999999999
1002 55.85229999999999
1003 55.85229999999999
1004 55.85229999999999
1005 55.85229999999999
1006 55.85229999999999
1007 55.85229999999999
1008 55.85229999999999
1009 55.85229999999999
1010 55.85229999999999
1011 55.85229999999999
1012 55.85229999999999
1013 55.85229999999999
1014 55.85229999999999
1015 55.85229999999999
1016 55.85229999999999
1017 55.85229999999999
1018 55.85229999999999
1019 55.85229999999999
1020 55.85645999999999
1021 55.85229999999999
1022 55.85229999999999
1023 55.85229999999999
1024 55.85229999999999
1025 55.85229999999999
1026 55.85229999999999
1027 55.85229999999999
1028 55.85229999999999
1029 55.85229999999999
1030 55.85229999999999
1031 55.85229999999999
1032 55.85229999999999
1033 55.85229999999999
1034 55.85229999999999
1035 55.85229999999999
1036 55.85229999999999
1037 55.85229999999999
1038 55.85229999999999
1039 55.85229999999999
1040 55.85229999999999
1041 55.85229999999999
1042 55.85229999999999
1043 55.85229999999999
1044 55.85229999999999
1045 55.85229999999999
1046 55.85229999999999
1047 55.85229999999999
1048 55.85229999999999
1049 55.85229999999999
1050 55.85229999999999
1051 55.85229999999999
1052 55.85229999999999
1053 55.85229999999999
1054 55.85229999999999
1055 55.85229999999999
1056 55.85229999999999
1057 55.85229999999999
1058 55.85229999999999
1059 55.85229999999999
1060 55.85229999999999
1061 55.85229999999999
1062 55.85229999999999
1063 55.85229999999999
1064 55.85229999999999
1065 55.85229999999999
1066 55.85229999999999
1067 55.85229999999999
1068 55.85229999999999
1069 55.85229999999999
1070 55.85645999999999
1071 55.85229999999999
1072 55.85229999999999
1073 55.85229999999999
1074 55.85229999999999
1075 55.85229999999999
1076 55.85229999999999
1077 55.85229999999999
1078 55.85229999999999
1079 55.85229999999999
1080 55.85229999999999
1081 55.85229999999999
1082 55.85229999999999
1083 55.85229999999999
1084 55.85229999999999
1085 55.85229999999999
1086 55.85229999999999
1087 55.85229999999999
1088 55.85229999999999
1089 55.85229999999999
1090 55.85229999999999
1091 55.85645999999999
1092 55.85645999999999
1093 55.85229999999999
1094 55.85645999999999
1095 55.85229999999999
1096 55.85229999999999
1097 55.85645999999999
1098 55.85229999999999
1099 55.85645999999999
1100 55.85645999999999
1101 55.85645999999999
1102 55.85645999999999
1103 55.85229999999999
1104 55.85645999999999
1105 55.85229999999999
1106 55.85645999999999
1107 55.85229999999999
1108 55.85229999999999
1109 55.85645999999999
1110 55.85645999999999
1111 55.85229999999999
1112 55.85645999999999
1113 55.85645999999999
1114 55.85645999999999
1115 55.85645999999999
1116 55.85645999999999
1117 55.85645999999999
1118 55.85645999999999
1119 55.85645999999999
1120 55.85229999999999
1121 55.85645999999999
1122 55.85645999999999
1123 55.85645999999999
1124 55.85229999999999
1125 55.85229999999999
1126 55.85645999999999
1127 55.85229999999999
1128 55.85645999999999
1129 55.85229999999999
1130 55.85229999999999
1131 55.85229999999999
1132 55.85229999999999
1133 55.85229999999999
1134 55.85229999999999
1135 55.85229999999999
1136 55.85229999999999
1137 55.85229999999999
1138 55.85229999999999
1139 55.85229999999999
1140 55.85229999999999
1141 55.85645999999999
1142 55.85229999999999
1143 55.85229999999999
1144 55.85645999999999
1145 55.85229999999999
1146 55.85229999999999
1147 55.85229999999999
1148 55.85229999999999
1149 55.85229999999999
1150 55.85229999999999
1151 55.85229999999999
1152 55.85229999999999
1153 55.85229999999999
1154 55.85229999999999
1155 55.85229999999999
1156 55.85229999999999
1157 55.85229999999999
1158 55.85229999999999
1159 55.85229999999999
1160 55.85229999999999
1161 55.85229999999999
1162 55.85229999999999
1163 55.85229999999999
1164 55.85229999999999
1165 55.85229999999999
1166 55.85229999999999
1167 55.85229999999999
1168 55.85229999999999
1169 55.85229999999999
1170 55.85229999999999
1171 55.85229999999999
1172 55.85229999999999
1173 55.85229999999999
1174 55.85229999999999
1175 55.85229999999999
1176 55.85229999999999
1177 55.85229999999999
1178 55.85229999999999
1179 55.85229999999999
1180 55.85229999999999
1181 55.85229999999999
1182 55.85229999999999
1183 55.85229999999999
1184 55.85229999999999
1185 55.85229999999999
1186 55.85229999999999
1187 55.85229999999999
1188 55.85229999999999
1189 55.85229999999999
1190 55.85229999999999
1191 55.85229999999999
1192 55.85229999999999
1193 55.85229999999999
1194 55.85229999999999
1195 55.85229999999999
1196 55.85229999999999
1197 55.85229999999999
1198 55.85229999999999
1199 55.85229999999999
1200 55.85229999999999
1201 51.871179999999995
1202 51.871179999999995
1203 51.871179999999995
1204 51.871179999999995
1205 51.871179999999995
1206 51.871179999999995
1207 51.871179999999995
1208 51.871179999999995
1209 51.871179999999995
1210 51.86702
1211 51.871179999999995
1212 51.871179999999995
1213 51.871179999999995
1214 51.871179999999995
1215 51.871179999999995
1216 51.871179999999995
1217 51.86702
1218 51.86702
1219 51.871179999999995
1220 51.871179999999995
1221 51.871179999999995
1222 51.871179999999995
1223 51.871179999999995
1224 51.871179999999995
1225 51.871179999999995
1226 51.871179999999995
1227 51.871179999999995
1228 51.871179999999995
1229 51.871179999999995
1230 51.871179999999995
1231 51.871179999999995
1232 51.871179999999995
1233 51.871179999999995
1234 51.86702
1235 51.871179999999995
1236 51.86702
1237 51.871179999999995
1238 51.871179999999995
1239 51.871179999999995
1240 51.871179999999995
1241 51.871179999999995
1242 51.871179999999995
1243 51.871179999999995
1244 51.871179999999995
1245 51.871179999999995
1246 51.871179999999995
1247 51.86702
1248 51.871179999999995
1249 51.871179999999995
1250 51.871179999999995
1251 51.871179999999995
1252 51.871179999999995
1253 51.871179999999995
1254 51.86702
1255 51.871179999999995
1256 51.871179999999995
1257 51.871179999999995
1258 51.871179999999995
1259 51.871179999999995
1260 51.871179999999995
1261 51.871179999999995
1262 51.871179999999995
1263 51.871179999999995
1264 51.871179999999995
1265 51.871179999999995
1266 51.871179999999995
1267 51.871179999999995
1268 51.871179999999995
1269 51.871179999999995
1270 51.871179999999995
1271 51.871179999999995
1272 51.871179999999995
1273 51.871179999999995
1274 51.871179999999995
1275 51.871179999999995
1276 51.86702
1277 51.871179999999995
1278 51.871179999999995
1279 51.871179999999995
1280 51.86702
1281 51.871179999999995
1282 51.871179999999995
1283 51.871179999999995
1284 51.871179999999995
1285 51.871179999999995
1286 51.871179999999995
1287 51.871179999999995
1288 51.871179999999995
1289 51.871179999999995
1290 51.871179999999995
1291 51.871179999999995
1292 51.871179999999995
1293 51.871179999999995
1294 51.871179999999995
1295 51.871179999999995
1296 51.871179999999995
1297 51.871179999999995
1298 51.871179999999995
1299 51.871179999999995
1300 51.871179999999995
1301 51.871179999999995
1302 51.871179999999995
1303 51.871179999999995
1304 51.871179999999995
1305 51.871179999999995
1306 51.871179999999995
1307 51.871179999999995
1308 51.871179999999995
1309 51.871179999999995
1310 51.871179999999995
1311 51.871179999999995
1312 51.871179999999995
1313 51.871179999999995
1314 51.871179999999995
1315 51.871179999999995
1316 51.871179999999995
1317 51.871179999999995
1318 51.871179999999995
1319 51.871179999999995
1320 51.871179999999995
1321 51.871179999999995
1322 51.871179999999995
1323 51.871179999999995
1324 51.871179999999995
1325 51.871179999999995
1326 51.871179999999995
1327 51.871179999999995
1328 51.871179999999995
1329 51.871179999999995
1330 51.871179999999995
1331 51.871179999999995
1332 51.871179999999995
1333 51.871179999999995
1334 51.871179999999995
1335 51.871179999999995
1336 51.871179999999995
1337 51.871179999999995
1338 51.871179999999995
1339 51.871179999999995
1340 51.871179999999995
1341 51.871179999999995
1342 51.871179999999995
1343 51.871179999999995
1344 51.871179999999995
1345 51.871179999999995
1346 51.871179999999995
1347 51.871179999999995
1348 51.871179999999995
1349 51.871179999999995
1350 51.871179999999995
1351 51.871179999999995
1352 51.871179999999995
1353 51.871179999999995
1354 51.871179999999995
1355 51.871179999999995
1356 51.871179999999995
1357 51.871179999999995
1358 51.871179999999995
1359 51.871179999999995
1360 51.871179999999995
1361 51.871179999999995
1362 51.871179999999995
1363 51.871179999999995
1364 51.871179999999995
1365 51.871179999999995
1366 51.871179999999995
1367 51.871179999999995
1368 51.871179999999995
1369 51.871179999999995
1370 51.871179999999995
1371 51.871179999999995
1372 51.871179999999995
1373 51.871179999999995
1374 51.871179999999995
1375 51.871179999999995
1376 51.871179999999995
1377 51.871179999999995
1378 51.871179999999995
1379 51.871179999999995
1380 51.871179999999995
1381 51.871179999999995
1382 51.871179999999995
1383 51.871179999999995
1384 51.871179999999995
1385 51.871179999999995
1386 51.871179999999995
1387 51.871179999999995
1388 51.871179999999995
1389 51.871179999999995
1390 51.871179999999995
1391 51.871179999999995
1392 51.871179999999995
1393 51.871179999999995
1394 51.871179999999995
1395 51.871179999999995
1396 51.871179999999995
1397 51.871179999999995
1398 51.871179999999995
1399 51.871179999999995
1400 51.871179999999995
1401 51.871179999999995
1402 51.871179999999995
1403 51.871179999999995
1404 51.871179999999995
1405 51.871179999999995
1406 51.871179999999995
1407 51.871179999999995
1408 51.871179999999995
1409 51.871179999999995
1410 51.871179999999995
1411 51.871179999999995
1412 51.871179999999995
1413 51.871179999999995
1414 51.871179999999995
1415 51.871179999999995
1416 51.871179999999995
1417 51.871179999999995
1418 51.871179999999995
1419 51.871179999999995
1420 51.871179999999995
1421 51.871179999999995
1422 51.871179999999995
1423 51.871179999999995
1424 51.871179999999995
1425 51.871179999999995
1426 51.871179999999995
1427 51.871179999999995
1428 51.871179999999995
1429 51.871179999999995
1430 51.871179999999995
1431 51.871179999999995
1432 51.871179999999995
1433 51.871179999999995
1434 51.871179999999995
1435 51.871179999999995
1436 51.871179999999995
1437 51.871179999999995
1438 51.871179999999995
1439 51.871179999999995
1440 51.871179999999995
1441 51.871179999999995
1442 51.871179999999995
1443 51.871179999999995
1444 51.871179999999995
1445 51.871179999999995
1446 51.871179999999995
1447 51.871179999999995
1448 51.871179999999995
1449 51.871179999999995
1450 51.871179999999995
1451 51.871179999999995
1452 51.871179999999995
1453 51.871179999999995
1454 51.871179999999995
1455 51.871179999999995
1456 51.871179999999995
1457 51.871179999999995
1458 51.871179999999995
1459 51.871179999999995
1460 51.871179999999995
1461 51.871179999999995
1462 51.871179999999995
1463 51.871179999999995
1464 51.871179999999995
1465 51.871179999999995
1466 51.871179999999995
1467 51.871179999999995
1468 51.871179999999995
1469 51.871179999999995
1470 51.871179999999995
1471 51.871179999999995
1472 51.871179999999995
1473 51.871179999999995
1474 51.871179999999995
1475 51.871179999999995
1476 51.871179999999995
1477 51.871179999999995
1478 51.871179999999995
1479 51.871179999999995
1480 51.871179999999995
1481 51.871179999999995
1482 51.871179999999995
1483 51.871179999999995
1484 51.871179999999995
1485 51.871179999999995
1486 51.871179999999995
1487 51.871179999999995
1488 51.871179999999995
1489 51.871179999999995
1490 51.871179999999995
1491 51.871179999999995
1492 51.871179999999995
1493 51.871179999999995
1494 51.871179999999995
1495 51.871179999999995
1496 51.871179999999995
1497 51.871179999999995
1498 51.871179999999995
1499 51.871179999999995
1500 51.871179999999995
1501 59.82925999999999
1502 59.82925999999999
1503 59.83342
1504 59.82925999999999
1505 59.82925999999999
1506 59.82925999999999
1507 59.82925999999999
1508 59.82925999999999
1509 59.82925999999999
1510 59.82925999999999
1511 59.82925999999999
1512 59.82925999999999
1513 59.83342
1514 59.83342
1515 59.82925999999999
1516 59.82925999999999
1517 59.82925999999999
1518 59.82925999999999
1519 59.82925999999999
1520 59.82925999999999
1521 59.82925999999999
1522 59.83342
1523 59.83342
1524 59.82925999999999
1525 59.83342
1526 59.82925999999999
1527 59.82925999999999
1528 59.82925999999999
1529 59.82925999999999
1530 59.83342
1531 59.82925999999999
1532 59.82925999999999
1533 59.82925999999999
1534 59.82925999999999
1535 59.82925999999999
1536 59.82925999999999
1537 59.82925999999999
1538 59.82925999999999
1539 59.82925999999999
1540 59.82925999999999
1541 59.82925999999999
1542 59.82925999999999
1543 59.82925999999999
1544 59.82925999999999
1545 59.82925999999999
1546 59.82925999999999
1547 59.82925999999999
1548 59.82925999999999
1549 59.82925999999999
1550 59.82925999999999
1551 59.82925999999999
1552 59.82925999999999
1553 59.82925999999999
1554 59.82925999999999
1555 59.82925999999999
1556 59.83342
1557 59.83342
1558 59.82925999999999
1559 59.83342
1560 59.82925999999999
1561 59.83342
1562 59.82925999999999
1563 59.82925999999999
1564 59.83342
1565 59.82925999999999
1566 59.82925999999999
1567 59.83342
1568 59.82925999999999
1569 59.82925999999999
1570 59.82925999999999
1571 59.82925999999999
1572 59.82925999999999
1573 59.82925999999999
1574 59.82925999999999
1575 59.82925999999999
1576 59.82925999999999
1577 59.82925999999999
1578 59.82925999999999
1579 59.83342
1580 59.83342
1581 59.82925999999999
1582 59.82925999999999
1583 59.82925999999999
1584 59.82925999999999
1585 59.82925999999999
1586 59.82925999999999
1587 59.82925999999999
1588 59.82925999999999
1589 59.82925999999999
1590 59.82925999999999
1591 59.82925999999999
1592 59.82925999999999
1593 59.82925999999999
1594 59.82925999999999
1595 59.82925999999999
1596 59.82925999999999
1597 59.82925999999999
1598 59.83342
1599 59.82925999999999
1600 59.83342
1601 59.82925999999999
1602 59.83342
1603 59.82925999999999
1604 59.82925999999999
1605 59.82925999999999
1606 59.82925999999999
1607 59.83342
1608 59.82925999999999
1609 59.82925999999999
1610 59.82925999999999
1611 59.82925999999999
1612 59.82925999999999
1613 59.82925999999999
1614 59.82925999999999
1615 59.83342
1616 59.82925999999999
1617 59.82925999999999
1618 59.82925999999999
1619 59.83342
1620 59.83342
1621 59.83342
1622 59.82925999999999
1623 59.83342
1624 59.82925999999999
1625 59.83342
1626 59.83342
1627 59.82925999999999
1628 59.83342
1629 59.82925999999999
1630 59.82925999999999
1631 59.82925999999999
1632 59.82925999999999
1633 59.82925999999999
1634 59.82925999999999
1635 59.83342
1636 59.83342
1637 59.82925999999999
1638 59.83342
1639 59.82925999999999
1640 59.82925999999999
1641 59.83342
1642 59.82925999999999
1643 59.83342
1644 59.83342
1645 59.83342
1646 59.82925999999999
1647 59.83342
1648 59.82925999999999
1649 59.82925999999999
1650 59.83342
1651 59.82925999999999
1652 59.82925999999999
1653 59.83342
1654 59.83342
1655 59.82925999999999
1656 59.82925999999999
1657 59.82925999999999
1658 59.82925999999999
1659 59.83342
1660 59.83342
1661 59.82925999999999
1662 59.83342
1663 59.83342
1664 59.82925999999999
1665 59.82925999999999
1666 59.83342
1667 59.82925999999999
1668 59.83342
1669 59.83342
1670 59.83342
1671 59.83342
1672 59.83342
1673 59.83342
1674 59.83342
1675 59.82925999999999
1676 59.82925999999999
1677 59.82925999999999
1678 59.83342
1679 59.83342
1680 59.83342
1681 59.83342
1682 59.82925999999999
1683 59.82925999999999
1684 59.82925999999999
1685 59.82925999999999
1686 59.82925999999999
1687 59.83342
1688 59.83342
1689 59.83342
1690 59.82925999999999
1691 59.83342
1692 59.83342
1693 59.83342
1694 59.82925999999999
1695 59.83342
1696 59.82925999999999
1697 59.82925999999999
1698 59.83342
1699 59.82925999999999
1700 59.83342
1701 59.83342
1702 59.82925999999999
1703 59.83342
1704 59.83342
1705 59.83342
1706 59.83342
1707 59.83342
1708 59.83342
1709 59.83342
1710 59.83342
1711 59.83342
1712 59.82925999999999
1713 59.83342
1714 59.82925999999999
1715 59.82925999999999
1716 59.82925999999999
1717 59.82925999999999
1718 59.82925999999999
1719 59.82925999999999
1720 59.83342
1721 59.83342
1722 59.82925999999999
1723 59.83342
1724 59.82925999999999
1725 59.82925999999999
1726 59.83342
1727 59.83342
1728 59.83342
1729 59.83342
1730 59.82925999999999
1731 59.82925999999999
1732 59.83342
1733 59.82925999999999
1734 59.82925999999999
1735 59.82925999999999
1736 59.82925999999999
1737 59.83342
1738 59.82925999999999
1739 59.82925999999999
1740 59.82925999999999
1741 59.83342
1742 59.82925999999999
1743 59.82925999999999
1744 59.82925999999999
1745 59.83342
1746 59.82925999999999
1747 59.83342
1748 59.83342
1749 59.82925999999999
1750 59.82925999999999
1751 59.82925999999999
1752 59.83342
1753 59.83342
1754 59.82925999999999
1755 59.83342
1756 59.82925999999999
1757 59.83342
1758 59.82925999999999
1759 59.82925999999999
1760 59.83342
1761 59.83342
1762 59.83342
1763 59.82925999999999
1764 59.82925999999999
1765 59.82925999999999
1766 59.83342
1767 59.83342
1768 59.83342
1769 59.83342
1770 59.83342
1771 59.82925999999999
1772 59.83342
1773 59.83342
1774 59.83342
1775 59.82925999999999
1776 59.82925999999999
1777 59.82925999999999
1778 59.82925999999999
1779 59.83342
1780 59.82925999999999
1781 59.83342
1782 59.82925999999999
1783 59.82925999999999
1784 59.83342
1785 59.83342
1786 59.83342
1787 59.83342
1788 59.83342
1789 59.83342
1790 59.83342
1791 59.83342
1792 59.83342
1793 59.83342
1794 59.83342
1795 59.82925999999999
1796 59.83342
1797 59.83342
1798 59.83342
1799 59.83342
1800 59.83342
