1 51.84206
2 51.846219999999995
3 51.846219999999995
4 51.846219999999995
5 51.846219999999995
6 51.846219999999995
7 51.846219999999995
8 51.846219999999995
9 51.846219999999995
10 51.846219999999995
11 51.846219999999995
12 51.846219999999995
13 51.846219999999995
14 51.846219999999995
15 51.846219999999995
16 51.846219999999995
17 51.846219999999995
18 51.846219999999995
19 51.850379999999994
20 51.850379999999994
21 51.846219999999995
22 51.850379999999994
23 51.846219999999995
24 51.846219999999995
25 51.846219999999995
26 51.846219999999995
27 51.846219999999995
28 51.846219999999995
29 51.846219999999995
30 51.846219999999995
31 51.846219999999995
32 51.846219999999995
33 51.850379999999994
34 51.850379999999994
35 51.846219999999995
36 51.846219999999995
37 51.846219999999995
38 51.846219999999995
39 51.850379999999994
40 51.850379999999994
41 51.846219999999995
42 51.846219999999995
43 51.850379999999994
44 51.846219999999995
45 51.846219999999995
46 51.850379999999994
47 51.846219999999995
48 51.850379999999994
49 51.850379999999994
50 51.846219999999995
51 51.850379999999994
52 51.850379999999994
53 51.846219999999995
54 51.850379999999994
55 51.846219999999995
56 51.850379999999994
57 51.850379999999994
58 51.850379999999994
59 51.850379999999994
60 51.850379999999994
61 51.850379999999994
62 51.850379999999994
63 51.846219999999995
64 51.846219999999995
65 51.850379999999994
66 51.846219999999995
67 51.846219999999995
68 51.846219999999995
69 51.846219999999995
70 51.846219999999995
71 51.846219999999995
72 51.846219999999995
73 51.846219999999995
74 51.846219999999995
75 51.846219999999995
76 51.850379999999994
77 51.846219999999995
78 51.846219999999995
79 51.846219999999995
80 51.846219999999995
81 51.846219999999995
82 51.846219999999995
83 51.846219999999995
84 51.846219999999995
85 51.846219999999995
86 51.846219999999995
87 51.846219999999995
88 51.846219999999995
89 51.846219999999995
90 51.850379999999994
91 51.846219999999995
92 51.846219999999995
93 51.846219999999995
94 51.850379999999994
95 51.846219999999995
96 51.846219999999995
97 51.846219999999995
98 51.846219999999995
99 51.846219999999995
100 51.850379999999994
101 51.846219999999995
102 51.850379999999994
103 51.850379999999994
104 51.846219999999995
105 51.850379999999994
106 51.850379999999994
107 51.850379999999994
108 51.850379999999994
109 51.850379999999994
110 51.850379999999994
111 51.846219999999995
112 51.850379999999994
113 51.846219999999995
114 51.846219999999995
115 51.846219999999995
116 51.846219999999995
117 51.846219999999995
118 51.850379999999994
119 51.846219999999995
120 51.846219999999995
121 51.846219999999995
122 51.850379999999994
123 51.850379999999994
124 51.846219999999995
125 51.850379999999994
126 51.850379999999994
127 51.846219999999995
128 51.850379999999994
129 51.850379999999994
130 51.850379999999994
131 51.850379999999994
132 51.850379999999994
133 51.846219999999995
134 51.850379999999994
135 51.850379999999994
136 51.850379999999994
137 51.850379999999994
138 51.850379999999994
139 51.850379999999994
140 51.846219999999995
141 51.850379999999994
142 51.850379999999994
143 51.850379999999994
144 51.846219999999995
145 51.850379999999994
146 51.850379999999994
147 51.850379999999994
148 51.850379999999994
149 51.850379999999994
150 51.850379999999994
151 51.850379999999994
152 51.850379999999994
153 51.846219999999995
154 51.850379999999994
155 51.850379999999994
156 51.850379999999994
157 51.850379999999994
158 51.850379999999994
159 51.846219999999995
160 51.846219999999995
161 51.846219999999995
162 51.846219999999995
163 51.850379999999994
164 51.850379999999994
165 51.850379999999994
166 51.850379999999994
167 51.850379999999994
168 51.850379999999994
169 51.846219999999995
170 51.850379999999994
171 51.850379999999994
172 51.846219999999995
173 51.850379999999994
174 51.846219999999995
175 51.846219999999995
176 51.846219999999995
177 51.850379999999994
178 51.850379999999994
179 51.846219999999995
180 51.846219999999995
181 51.846219999999995
182 51.846219999999995
183 51.850379999999994
184 51.850379999999994
185 51.850379999999994
186 51.850379999999994
187 51.850379999999994
188 51.850379999999994
189 51.846219999999995
190 51.850379999999994
191 51.850379999999994
192 51.846219999999995
193 51.850379999999994
194 51.850379999999994
195 51.850379999999994
196 51.846219999999995
197 51.846219999999995
198 51.850379999999994
199 51.846219999999995
200 51.850379999999994
201 51.846219999999995
202 51.850379999999994
203 51.850379999999994
204 51.850379999999994
205 51.850379999999994
206 51.850379999999994
207 51.850379999999994
208 51.846219999999995
209 51.850379999999994
210 51.850379999999994
211 51.850379999999994
212 51.850379999999994
213 51.850379999999994
214 51.850379999999994
215 51.850379999999994
216 51.846219999999995
217 51.850379999999994
218 51.850379999999994
219 51.850379999999994
220 51.850379999999994
221 51.850379999999994
222 51.850379999999994
223 51.850379999999994
224 51.850379999999994
225 51.850379999999994
226 51.850379999999994
227 51.850379999999994
228 51.850379999999994
229 51.850379999999994
230 51.850379999999994
231 51.850379999999994
232 51.846219999999995
233 51.850379999999994
234 51.850379999999994
235 51.850379999999994
236 51.850379999999994
237 51.850379999999994
238 51.850379999999994
239 51.850379999999994
240 51.850379999999994
241 51.850379999999994
242 51.850379999999994
243 51.850379999999994
244 51.850379999999994
245 51.850379999999994
246 51.850379999999994
247 51.850379999999994
248 51.850379999999994
249 51.850379999999994
250 51.850379999999994
251 51.850379999999994
252 51.846219999999995
253 51.850379999999994
254 51.850379999999994
255 51.850379999999994
256 51.850379999999994
257 51.846219999999995
258 51.850379999999994
259 51.850379999999994
260 51.850379999999994
261 51.850379999999994
262 51.850379999999994
263 51.850379999999994
264 51.850379999999994
265 51.846219999999995
266 51.850379999999994
267 51.850379999999994
268 51.850379999999994
269 51.850379999999994
270 51.850379999999994
271 51.850379999999994
272 51.850379999999994
273 51.850379999999994
274 51.850379999999994
275 51.850379999999994
276 51.850379999999994
277 51.850379999999994
278 51.850379999999994
279 51.850379999999994
280 51.850379999999994
281 51.846219999999995
282 51.846219999999995
283 51.850379999999994
284 51.846219999999995
285 51.850379999999994
286 51.850379999999994
287 51.850379999999994
288 51.850379999999994
289 51.850379999999994
290 51.850379999999994
291 51.850379999999994
292 51.850379999999994
293 51.850379999999994
294 51.850379999999994
295 51.850379999999994
296 51.850379999999994
297 51.850379999999994
298 51.850379999999994
299 51.850379999999994
300 51.846219999999995
301 55.83149999999999
302 55.83149999999999
303 55.83149999999999
304 55.83149999999999
305 55.83149999999999
306 55.83149999999999
307 55.83149999999999
308 55.83149999999999
309 55.83149999999999
310 55.83149999999999
311 55.83149999999999
312 55.83149999999999
313 55.83149999999999
314 55.83149999999999
315 55.83149999999999
316 55.83149999999999
317 55.83149999999999
318 55.83149999999999
319 55.83149999999999
320 55.83149999999999
321 55.83149999999999
322 55.83149999999999
323 55.83149999999999
324 55.83149999999999
325 55.83149999999999
326 55.83149999999999
327 55.83149999999999
328 55.83149999999999
329 55.83149999999999
330 55.83149999999999
331 55.83149999999999
332 55.83149999999999
333 55.83149999999999
334 55.83149999999999
335 55.83149999999999
336 55.83149999999999
337 55.83149999999999
338 55.83149999999999
339 55.83149999999999
340 55.83149999999999
341 55.83149999999999
342 55.83149999999999
343 55.83149999999999
344 55.83149999999999
345 55.83149999999999
346 55.83149999999999
347 55.83149999999999
348 55.83149999999999
349 55.83149999999999
350 55.83149999999999
351 55.83149999999999
352 55.83149999999999
353 55.83149999999999
354 55.83149999999999
355 55.83149999999999
356 55.83149999999999
357 55.83149999999999
358 55.83149999999999
359 55.83149999999999
360 55.83149999999999
361 55.83149999999999
362 55.83149999999999
363 55.83149999999999
364 55.83149999999999
365 55.83149999999999
366 55.83149999999999
367 55.83149999999999
368 55.83149999999999
369 55.83149999999999
370 55.83149999999999
371 55.83149999999999
372 55.83149999999999
373 55.83149999999999
374 55.83149999999999
375 55.83149999999999
376 55.83149999999999
377 55.83149999999999
378 55.83149999999999
379 55.83149999999999
380 55.83149999999999
381 55.83149999999999
382 55.83149999999999
383 55.83149999999999
384 55.83149999999999
385 55.83149999999999
386 55.83149999999999
387 55.83149999999999
388 55.83149999999999
389 55.83149999999999
390 55.83149999999999
391 55.83149999999999
392 55.83149999999999
393 55.83149999999999
394 55.83149999999999
395 55.83149999999999
396 55.83149999999999
397 55.83149999999999
398 55.83149999999999
399 55.83149999999999
400 55.83149999999999
401 55.83149999999999
402 55.83149999999999
403 55.83149999999999
404 55.83149999999999
405 55.83149999999999
406 55.83149999999999
407 55.83149999999999
408 55.83149999999999
409 55.83149999999999
410 55.83149999999999
411 55.83149999999999
412 55.83149999999999
413 55.83149999999999
414 55.83149999999999
415 55.83149999999999
416 55.83149999999999
417 55.83149999999999
418 55.83149999999999
419 55.83149999999999
420 55.83149999999999
421 55.83149999999999
422 55.83149999999999
423 55.83149999999999
424 55.83149999999999
425 55.83149999999999
426 55.83149999999999
427 55.82733999999999
428 55.83149999999999
429 55.83149999999999
430 55.82733999999999
431 55.83149999999999
432 55.83149999999999
433 55.82733999999999
434 55.83149999999999
435 55.82733999999999
436 55.83149999999999
437 55.83149999999999
438 55.83149999999999
439 55.83149999999999
440 55.83149999999999
441 55.83149999999999
442 55.83149999999999
443 55.83149999999999
444 55.83149999999999
445 55.83149999999999
446 55.83149999999999
447 55.82733999999999
448 55.83149999999999
449 55.83149999999999
450 55.83149999999999
451 55.83149999999999
452 55.83149999999999
453 55.82733999999999
454 55.83149999999999
455 55.83149999999999
456 55.83149999999999
457 55.83149999999999
458 55.83149999999999
459 55.83149999999999
460 55.83149999999999
461 55.83149999999999
462 55.83149999999999
463 55.83149999999999
464 55.83149999999999
465 55.83149999999999
466 55.83149999999999
467 55.83149999999999
468 55.83149999999999
469 55.83149999999999
470 55.83149999999999
471 55.83149999999999
472 55.83149999999999
473 55.83149999999999
474 55.83149999999999
475 55.82733999999999
476 55.82733999999999
477 55.82733999999999
478 55.82733999999999
479 55.82733999999999
480 55.82733999999999
481 55.82733999999999
482 55.82733999999999
483 55.82733999999999
484 55.82733999999999
485 55.83149999999999
486 55.83149999999999
487 55.83149999999999
488 55.83149999999999
489 55.82733999999999
490 55.82733999999999
491 55.82733999999999
492 55.82733999999999
493 55.82733999999999
494 55.82733999999999
495 55.82733999999999
496 55.82733999999999
497 55.82733999999999
498 55.82733999999999
499 55.82733999999999
500 55.82733999999999
501 55.83149999999999
502 55.83149999999999
503 55.82733999999999
504 55.82733999999999
505 55.83149999999999
506 55.83149999999999
507 55.83149999999999
508 55.83149999999999
509 55.83149999999999
510 55.83149999999999
511 55.83149999999999
512 55.83149999999999
513 55.82733999999999
514 55.82733999999999
515 55.82733999999999
516 55.83149999999999
517 55.83149999999999
518 55.82733999999999
519 55.83149999999999
520 55.83149999999999
521 55.83149999999999
522 55.83149999999999
523 55.83149999999999
524 55.83149999999999
525 55.83149999999999
526 55.83149999999999
527 55.83149999999999
528 55.83149999999999
529 55.82733999999999
530 55.82733999999999
531 55.83149999999999
532 55.83149999999999
533 55.82733999999999
534 55.82733999999999
535 55.82733999999999
536 55.82733999999999
537 55.82733999999999
538 55.82733999999999
539 55.83149999999999
540 55.82733999999999
541 55.83149999999999
542 55.83149999999999
543 55.83149999999999
544 55.83149999999999
545 55.82733999999999
546 55.82733999999999
547 55.82733999999999
548 55.83149999999999
549 55.83149999999999
550 55.83149999999999
551 55.83149999999999
552 55.83149999999999
553 55.83149999999999
554 55.83149999999999
555 55.83149999999999
556 55.82733999999999
557 55.82733999999999
558 55.82733999999999
559 55.82733999999999
560 55.83149999999999
561 55.83149999999999
562 55.83149999999999
563 55.82733999999999
564 55.83149999999999
565 55.83149999999999
566 55.82733999999999
567 55.83149999999999
568 55.83149999999999
569 55.82733999999999
570 55.82733999999999
571 55.82733999999999
572 55.83149999999999
573 55.83149999999999
574 55.82733999999999
575 55.82733999999999
576 55.82733999999999
577 55.82733999999999
578 55.83149999999999
579 55.83149999999999
580 55.82733999999999
581 55.82733999999999
582 55.82733999999999
583 55.82733999999999
584 55.83149999999999
585 55.82733999999999
586 55.82733999999999
587 55.82733999999999
588 55.82733999999999
589 55.82733999999999
590 55.83149999999999
591 55.83149999999999
592 55.83149999999999
593 55.83149999999999
594 55.82733999999999
595 55.82733999999999
596 55.83149999999999
597 55.82733999999999
598 55.83149999999999
599 55.82733999999999
600 55.82733999999999
601 59.80429999999999
602 59.80429999999999
603 59.80429999999999
604 59.80846
605 59.80429999999999
606 59.80429999999999
607 59.80429999999999
608 59.80429999999999
609 59.80429999999999
610 59.80429999999999
611 59.80846
612 59.80429999999999
613 59.80429999999999
614 59.80429999999999
615 59.80429999999999
616 59.80429999999999
617 59.80429999999999
618 59.80429999999999
619 59.80429999999999
620 59.80429999999999
621 59.80429999999999
622 59.80429999999999
623 59.80429999999999
624 59.80429999999999
625 59.80429999999999
626 59.80429999999999
627 59.80429999999999
628 59.80429999999999
629 59.80429999999999
630 59.80429999999999
631 59.80846
632 59.80429999999999
633 59.80429999999999
634 59.80429999999999
635 59.80429999999999
636 59.80429999999999
637 59.80429999999999
638 59.80429999999999
639 59.80429999999999
640 59.80429999999999
641 59.80429999999999
642 59.80429999999999
643 59.80429999999999
644 59.80429999999999
645 59.80429999999999
646 59.80429999999999
647 59.80429999999999
648 59.80429999999999
649 59.80429999999999
650 59.80429999999999
651 59.80429999999999
652 59.80429999999999
653 59.80429999999999
654 59.80846
655 59.80429999999999
656 59.80429999999999
657 59.80429999999999
658 59.80429999999999
659 59.80429999999999
660 59.80429999999999
661 59.80429999999999
662 59.80429999999999
663 59.80429999999999
664 59.80429999999999
665 59.80429999999999
666 59.80846
667 59.80429999999999
668 59.80846
669 59.80429999999999
670 59.80429999999999
671 59.80429999999999
672 59.80429999999999
673 59.80429999999999
674 59.80429999999999
675 59.80429999999999
676 59.80429999999999
677 59.80429999999999
678 59.80429999999999
679 59.80429999999999
680 59.80429999999999
681 59.80429999999999
682 59.80429999999999
683 59.80429999999999
684 59.80429999999999
685 59.80429999999999
686 59.80429999999999
687 59.80429999999999
688 59.80429999999999
689 59.80429999999999
690 59.80429999999999
691 59.80429999999999
692 59.80429999999999
693 59.80429999999999
694 59.80429999999999
695 59.80429999999999
696 59.80429999999999
697 59.80429999999999
698 59.80429999999999
699 59.80429999999999
700 59.80429999999999
701 59.80429999999999
702 59.80429999999999
703 59.80429999999999
704 59.80429999999999
705 59.80429999999999
706 59.80429999999999
707 59.80429999999999
708 59.80429999999999
709 59.80429999999999
710 59.80429999999999
711 59.80429999999999
712 59.80429999999999
713 59.80429999999999
714 59.80429999999999
715 59.80429999999999
716 59.80429999999999
717 59.80429999999999
718 59.80429999999999
719 59.80429999999999
720 59.80429999999999
721 59.80429999999999
722 59.80429999999999
723 59.80429999999999
724 59.80429999999999
725 59.80429999999999
726 59.80429999999999
727 59.80429999999999
728 59.80429999999999
729 59.80429999999999
730 59.80429999999999
731 59.80429999999999
732 59.80429999999999
733 59.80429999999999
734 59.80429999999999
735 59.80429999999999
736 59.80429999999999
737 59.80429999999999
738 59.80429999999999
739 59.80429999999999
740 59.80429999999999
741 59.80429999999999
742 59.80429999999999
743 59.80429999999999
744 59.80429999999999
745 59.80429999999999
746 59.80429999999999
747 59.80429999999999
748 59.80429999999999
749 59.80429999999999
750 59.80429999999999
751 59.80429999999999
752 59.80429999999999
753 59.80429999999999
754 59.80429999999999
755 59.80429999999999
756 59.80429999999999
757 59.80429999999999
758 59.80429999999999
759 59.80429999999999
760 59.80429999999999
761 59.80429999999999
762 59.80429999999999
763 59.80429999999999
764 59.80429999999999
765 59.80429999999999
766 59.80429999999999
767 59.80429999999999
768 59.80429999999999
769 59.80429999999999
770 59.80429999999999
771 59.80429999999999
772 59.80429999999999
773 59.80429999999999
774 59.80429999999999
775 59.80429999999999
776 59.80429999999999
777 59.80429999999999
778 59.80429999999999
779 59.80429999999999
780 59.80429999999999
781 59.80429999999999
782 59.80846
783 59.80429999999999
784 59.80429999999999
785 59.80429999999999
786 59.80429999999999
787 59.80429999999999
788 59.80429999999999
789 59.80429999999999
790 59.80429999999999
791 59.80429999999999
792 59.80429999999999
793 59.80846
794 59.80429999999999
795 59.80429999999999
796 59.80846
797 59.80429999999999
798 59.80429999999999
799 59.80429999999999
800 59.80429999999999
801 59.80429999999999
802 59.80429999999999
803 59.80429999999999
804 59.80429999999999
805 59.80429999999999
806 59.80429999999999
807 59.80429999999999
808 59.80429999999999
809 59.80429999999999
810 59.80429999999999
811 59.80429999999999
812 59.80429999999999
813 59.80429999999999
814 59.80429999999999
815 59.80429999999999
816 59.80429999999999
817 59.80429999999999
818 59.80429999999999
819 59.80429999999999
820 59.80429999999999
821 59.80429999999999
822 59.80429999999999
823 59.80429999999999
824 59.80429999999999
825 59.80429999999999
826 59.80429999999999
827 59.80429999999999
828 59.80429999999999
829 59.80429999999999
830 59.80429999999999
831 59.80429999999999
832 59.80429999999999
833 59.80429999999999
834 59.80429999999999
835 59.80429999999999
836 59.80429999999999
837 59.80429999999999
838 59.80429999999999
839 59.80429999999999
840 59.80429999999999
841 59.80429999999999
842 59.80429999999999
843 59.80429999999999
844 59.80429999999999
845 59.80429999999999
846 59.80429999999999
847 59.80429999999999
848 59.80429999999999
849 59.80429999999999
850 59.80429999999999
851 59.80429999999999
852 59.80429999999999
853 59.80429999999999
854 59.80429999999999
855 59.80429999999999
856 59.80429999999999
857 59.80429999999999
858 59.80429999999999
859 59.80429999999999
860 59.80429999999999
861 59.80013999999999
862 59.80429999999999
863 59.80429999999999
864 59.80429999999999
865 59.80429999999999
866 59.80429999999999
867 59.80429999999999
868 59.80429999999999
869 59.80429999999999
870 59.80429999999999
871 59.80429999999999
872 59.80429999999999
873 59.80429999999999
874 59.80429999999999
875 59.80429999999999
876 59.80429999999999
877 59.80429999999999
878 59.80429999999999
879 59.80429999999999
880 59.80429999999999
881 59.80429999999999
882 59.80429999999999
883 59.80429999999999
884 59.80429999999999
885 59.80429999999999
886 59.80429999999999
887 59.80429999999999
888 59.80429999999999
889 59.80429999999999
890 59.80429999999999
891 59.80429999999999
892 59.80429999999999
893 59.80429999999999
894 59.80429999999999
895 59.80429999999999
896 59.80429999999999
897 59.80429999999999
898 59.80429999999999
899 59.80429999999999
900 59.80429999999999
901 55.82733999999999
902 55.82733999999999
903 55.82733999999999
904 55.82733999999999
905 55.82733999999999
906 55.82733999999999
907 55.82733999999999
908 55.82733999999999
909 55.82733999999999
910 55.82733999999999
911 55.82733999999999
912 55.82733999999999
913 55.82733999999999
914 55.82733999999999
915 55.82733999999999
916 55.82733999999999
917 55.82733999999999
918 55.82733999999999
919 55.82733999999999
920 55.82733999999999
921 55.82733999999999
922 55.82733999999999
923 55.82733999999999
924 55.82733999999999
925 55.82733999999999
926 55.82733999999999
927 55.82733999999999
928 55.82733999999999
929 55.82733999999999
930 55.82733999999999
931 55.82733999999999
932 55.82733999999999
933 55.82733999999999
934 55.82733999999999
935 55.82733999999999
936 55.82733999999999
937 55.82733999999999
938 55.82733999999999
939 55.82733999999999
940 55.82733999999999
941 55.82733999999999
942 55.82733999999999
943 55.82733999999999
944 55.82733999999999
945 55.82733999999999
946 55.82733999999999
947 55.82733999999999
948 55.82733999999999
949 55.82733999999999
950 55.82733999999999
951 55.82733999999999
952 55.82733999999999
953 55.82733999999999
954 55.82733999999999
955 55.82733999999999
956 55.82733999999999
957 55.82733999999999
958 55.82733999999999
959 55.82733999999999
960 55.82733999999999
961 55.82733999999999
962 55.82733999999999
963 55.82733999999999
964 55.82733999999999
965 55.82733999999999
966 55.82733999999999
967 55.82733999999999
968 55.82733999999999
969 55.82733999999999
970 55.82733999999999
971 55.82733999999999
972 55.82733999999999
973 55.82733999999999
974 55.82733999999999
975 55.82733999999999
976 55.82733999999999
977 55.82733999999999
978 55.82733999999999
979 55.82733999999999
980 55.82733999999999
981 55.82733999999999
982 55.82733999999999
983 55.82733999999999
984 55.82733999999999
985 55.82733999999999
986 55.82733999999999
987 55.82733999999999
988 55.82733999999999
989 55.82733999999999
990 55.82733999999999
991 55.82733999999999
992 55.82733999999999
993 55.82733999999999
994 55.82733999999999
995 55.82733999999999
996 55.82733999999999
997 55.82733999999999
998 55.82733999999999
999 55.82733999999999
1000 55.82733999999999
1001 55.82733999999999
1002 55.82733999999999
1003 55.82733999999999
1004 55.82733999999999
1005 55.82733999999999
1006 55.82733999999999
1007 55.82733999999999
1008 55.82733999999999
1009 55.82733999999999
1010 55.82733999999999
1011 55.82733999999999
1012 55.82733999999999
1013 55.82733999999999
1014 55.82733999999999
1015 55.82733999999999
1016 55.82733999999999
1017 55.82733999999999
1018 55.82733999999999
1019 55.82733999999999
1020 55.82733999999999
1021 55.82733999999999
1022 55.82733999999999
1023 55.82733999999999
1024 55.82733999999999
1025 55.82733999999999
1026 55.82733999999999
1027 55.82733999999999
1028 55.82733999999999
1029 55.82733999999999
1030 55.82733999999999
1031 55.82733999999999
1032 55.82733999999999
1033 55.82733999999999
1034 55.82733999999999
1035 55.82733999999999
1036 55.82733999999999
1037 55.82733999999999
1038 55.82733999999999
1039 55.82733999999999
1040 55.82733999999999
1041 55.82733999999999
1042 55.82733999999999
1043 55.82733999999999
1044 55.82733999999999
1045 55.82733999999999
1046 55.82733999999999
1047 55.82733999999999
1048 55.82733999999999
1049 55.82733999999999
1050 55.82733999999999
1051 55.82733999999999
1052 55.82733999999999
1053 55.82733999999999
1054 55.82733999999999
1055 55.82733999999999
1056 55.82733999999999
1057 55.82733999999999
1058 55.82733999999999
1059 55.82733999999999
1060 55.82733999999999
1061 55.82733999999999
1062 55.82733999999999
1063 55.82733999999999
1064 55.82733999999999
1065 55.82733999999999
1066 55.82733999999999
1067 55.82733999999999
1068 55.82733999999999
1069 55.82733999999999
1070 55.82733999999999
1071 55.82733999999999
1072 55.82733999999999
1073 55.82733999999999
1074 55.82733999999999
1075 55.82733999999999
1076 55.82733999999999
1077 55.82733999999999
1078 55.82733999999999
1079 55.82733999999999
1080 55.82733999999999
1081 55.82733999999999
1082 55.82733999999999
1083 55.82733999999999
1084 55.82733999999999
1085 55.82733999999999
1086 55.82733999999999
1087 55.82733999999999
1088 55.82733999999999
1089 55.82733999999999
1090 55.82733999999999
1091 55.82733999999999
1092 55.82733999999999
1093 55.82733999999999
1094 55.82733999999999
1095 55.82733999999999
1096 55.82733999999999
1097 55.82733999999999
1098 55.82733999999999
1099 55.82733999999999
1100 55.82733999999999
1101 55.82733999999999
1102 55.82733999999999
1103 55.82733999999999
1104 55.82733999999999
1105 55.82733999999999
1106 55.82733999999999
1107 55.82733999999999
1108 55.82733999999999
1109 55.82733999999999
1110 55.82733999999999
1111 55.82733999999999
1112 55.82733999999999
1113 55.82733999999999
1114 55.82733999999999
1115 55.82733999999999
1116 55.82733999999999
1117 55.82733999999999
1118 55.82733999999999
1119 55.82733999999999
1120 55.82733999999999
1121 55.82733999999999
1122 55.82733999999999
1123 55.82733999999999
1124 55.82733999999999
1125 55.82733999999999
1126 55.82733999999999
1127 55.82733999999999
1128 55.82733999999999
1129 55.82733999999999
1130 55.82733999999999
1131 55.82733999999999
1132 55.82733999999999
1133 55.82733999999999
1134 55.82733999999999
1135 55.82733999999999
1136 55.82733999999999
1137 55.82733999999999
1138 55.82733999999999
1139 55.82733999999999
1140 55.82733999999999
1141 55.82733999999999
1142 55.82733999999999
1143 55.82733999999999
1144 55.82733999999999
1145 55.82733999999999
1146 55.823179999999994
1147 55.82733999999999
1148 55.82733999999999
1149 55.82733999999999
1150 55.82733999999999
1151 55.82733999999999
1152 55.82733999999999
1153 55.82733999999999
1154 55.82733999999999
1155 55.82733999999999
1156 55.82733999999999
1157 55.82733999999999
1158 55.82733999999999
1159 55.82733999999999
1160 55.82733999999999
1161 55.823179999999994
1162 55.82733999999999
1163 55.82733999999999
1164 55.82733999999999
1165 55.82733999999999
1166 55.82733999999999
1167 55.82733999999999
1168 55.82733999999999
1169 55.82733999999999
1170 55.82733999999999
1171 55.82733999999999
1172 55.82733999999999
1173 55.82733999999999
1174 55.82733999999999
1175 55.82733999999999
1176 55.823179999999994
1177 55.82733999999999
1178 55.823179999999994
1179 55.82733999999999
1180 55.823179999999994
1181 55.82733999999999
1182 55.82733999999999
1183 55.823179999999994
1184 55.82733999999999
1185 55.82733999999999
1186 55.82733999999999
1187 55.82733999999999
1188 55.82733999999999
1189 55.82733999999999
1190 55.82733999999999
1191 55.82733999999999
1192 55.82733999999999
1193 55.82733999999999
1194 55.823179999999994
1195 55.82733999999999
1196 55.82733999999999
1197 55.82733999999999
1198 55.82733999999999
1199 55.82733999999999
1200 55.823179999999994
1201 51.84206
1202 51.84206
1203 51.84206
1204 51.84206
1205 51.84206
1206 51.84206
1207 51.84206
1208 51.84206
1209 51.84206
1210 51.84206
1211 51.84206
1212 51.84206
1213 51.84206
1214 51.84206
1215 51.84206
1216 51.84206
1217 51.84206
1218 51.84206
1219 51.84206
1220 51.84206
1221 51.84206
1222 51.84206
1223 51.84206
1224 51.84206
1225 51.84206
1226 51.84206
1227 51.84206
1228 51.84206
1229 51.84206
1230 51.84206
1231 51.84206
1232 51.84206
1233 51.84206
1234 51.84206
1235 51.84206
1236 51.84206
1237 51.84206
1238 51.84206
1239 51.84206
1240 51.84206
1241 51.84206
1242 51.84206
1243 51.84206
1244 51.84206
1245 51.84206
1246 51.84206
1247 51.84206
1248 51.84206
1249 51.84206
1250 51.84206
1251 51.84206
1252 51.84206
1253 51.84206
1254 51.84206
1255 51.84206
1256 51.84206
1257 51.84206
1258 51.84206
1259 51.84206
1260 51.84206
1261 51.84206
1262 51.84206
1263 51.84206
1264 51.84206
1265 51.84206
1266 51.84206
1267 51.84206
1268 51.84206
1269 51.84206
1270 51.84206
1271 51.84206
1272 51.84206
1273 51.84206
1274 51.84206
1275 51.84206
1276 51.84206
1277 51.84206
1278 51.84206
1279 51.84206
1280 51.84206
1281 51.84206
1282 51.84206
1283 51.84206
1284 51.84206
1285 51.84206
1286 51.84206
1287 51.84206
1288 51.84206
1289 51.84206
1290 51.84206
1291 51.84206
1292 51.84206
1293 51.84206
1294 51.84206
1295 51.84206
1296 51.84206
1297 51.84206
1298 51.84206
1299 51.84206
1300 51.84206
1301 51.84206
1302 51.84206
1303 51.84206
1304 51.84206
1305 51.84206
1306 51.84206
1307 51.84206
1308 51.84206
1309 51.84206
1310 51.84206
1311 51.84206
1312 51.84206
1313 51.84206
1314 51.84206
1315 51.84206
1316 51.84206
1317 51.84206
1318 51.84206
1319 51.84206
1320 51.84206
1321 51.84206
1322 51.84206
1323 51.84206
1324 51.84206
1325 51.84206
1326 51.84206
1327 51.84206
1328 51.84206
1329 51.84206
1330 51.84206
1331 51.84206
1332 51.84206
1333 51.84206
1334 51.84206
1335 51.84206
1336 51.84206
1337 51.84206
1338 51.84206
1339 51.84206
1340 51.84206
1341 51.84206
1342 51.84206
1343 51.84206
1344 51.84206
1345 51.84206
1346 51.84206
1347 51.84206
1348 51.84206
1349 51.84206
1350 51.84206
1351 51.84206
1352 51.84206
1353 51.84206
1354 51.84206
1355 51.84206
1356 51.84206
1357 51.84206
1358 51.84206
1359 51.84206
1360 51.84206
1361 51.84206
1362 51.84206
1363 51.84206
1364 51.84206
1365 51.84206
1366 51.84206
1367 51.84206
1368 51.84206
1369 51.84206
1370 51.84206
1371 51.84206
1372 51.84206
1373 51.84206
1374 51.84206
1375 51.84206
1376 51.84206
1377 51.84206
1378 51.84206
1379 51.84206
1380 51.84206
1381 51.84206
1382 51.84206
1383 51.84206
1384 51.84206
1385 51.84206
1386 51.84206
1387 51.84206
1388 51.84206
1389 51.84206
1390 51.84206
1391 51.84206
1392 51.84206
1393 51.84206
1394 51.84206
1395 51.84206
1396 51.84206
1397 51.84206
1398 51.84206
1399 51.846219999999995
1400 51.84206
1401 51.84206
1402 51.84206
1403 51.84206
1404 51.84206
1405 51.846219999999995
1406 51.84206
1407 51.84206
1408 51.84206
1409 51.84206
1410 51.84206
1411 51.846219999999995
1412 51.846219999999995
1413 51.84206
1414 51.84206
1415 51.84206
1416 51.84206
1417 51.84206
1418 51.84206
1419 51.84206
1420 51.84206
1421 51.84206
1422 51.84206
1423 51.84206
1424 51.84206
1425 51.84206
1426 51.84206
1427 51.84206
1428 51.84206
1429 51.84206
1430 51.84206
1431 51.84206
1432 51.84206
1433 51.84206
1434 51.84206
1435 51.84206
1436 51.84206
1437 51.84206
1438 51.84206
1439 51.84206
1440 51.84206
1441 51.84206
1442 51.84206
1443 51.84206
1444 51.84206
1445 51.84206
1446 51.84206
1447 51.84206
1448 51.84206
1449 51.84206
1450 51.84206
1451 51.84206
1452 51.84206
1453 51.84206
1454 51.84206
1455 51.84206
1456 51.84206
1457 51.84206
1458 51.84206
1459 51.84206
1460 51.84206
1461 51.84206
1462 51.84206
1463 51.84206
1464 51.84206
1465 51.84206
1466 51.84206
1467 51.84206
1468 51.84206
1469 51.84206
1470 51.84206
1471 51.84206
1472 51.84206
1473 51.84206
1474 51.84206
1475 51.84206
1476 51.84206
1477 51.84206
1478 51.84206
1479 51.84206
1480 51.84206
1481 51.84206
1482 51.84206
1483 51.84206
1484 51.84206
1485 51.84206
1486 51.84206
1487 51.84206
1488 51.84206
1489 51.84206
1490 51.84206
1491 51.84206
1492 51.84206
1493 51.84206
1494 51.84206
1495 51.84206
1496 51.84206
1497 51.84206
1498 51.84206
1499 51.84206
1500 51.84206
1501 59.80013999999999
1502 59.80013999999999
1503 59.80013999999999
1504 59.80013999999999
1505 59.80013999999999
1506 59.80013999999999
1507 59.80013999999999
1508 59.80013999999999
1509 59.80013999999999
1510 59.80013999999999
1511 59.80013999999999
1512 59.80429999999999
1513 59.80429999999999
1514 59.80429999999999
1515 59.80013999999999
1516 59.80013999999999
1517 59.80013999999999
1518 59.80429999999999
1519 59.80429999999999
1520 59.80013999999999
1521 59.80013999999999
1522 59.80013999999999
1523 59.80013999999999
1524 59.80013999999999
1525 59.80013999999999
1526 59.80013999999999
1527 59.80013999999999
1528 59.80429999999999
1529 59.80013999999999
1530 59.80013999999999
1531 59.80013999999999
1532 59.80013999999999
1533 59.80013999999999
1534 59.80013999999999
1535 59.80013999999999
1536 59.80013999999999
1537 59.80013999999999
1538 59.80429999999999
1539 59.80429999999999
1540 59.80429999999999
1541 59.80013999999999
1542 59.80013999999999
1543 59.80013999999999
1544 59.80429999999999
1545 59.80013999999999
1546 59.80013999999999
1547 59.80429999999999
1548 59.80429999999999
1549 59.80429999999999
1550 59.80013999999999
1551 59.80429999999999
1552 59.80429999999999
1553 59.80013999999999
1554 59.80013999999999
1555 59.80013999999999
1556 59.80429999999999
1557 59.80013999999999
1558 59.80013999999999
1559 59.80429999999999
1560 59.80013999999999
1561 59.80429999999999
1562 59.80013999999999
1563 59.80013999999999
1564 59.80429999999999
1565 59.80013999999999
1566 59.80429999999999
1567 59.80429999999999
1568 59.80013999999999
1569 59.80013999999999
1570 59.80013999999999
1571 59.80013999999999
1572 59.80013999999999
1573 59.80013999999999
1574 59.80013999999999
1575 59.80013999999999
1576 59.80013999999999
1577 59.80429999999999
1578 59.80013999999999
1579 59.80013999999999
1580 59.80013999999999
1581 59.80013999999999
1582 59.80013999999999
1583 59.80013999999999
1584 59.80013999999999
1585 59.80013999999999
1586 59.80013999999999
1587 59.80013999999999
1588 59.80013999999999
1589 59.80429999999999
1590 59.80013999999999
1591 59.80013999999999
1592 59.80013999999999
1593 59.80013999999999
1594 59.80013999999999
1595 59.80013999999999
1596 59.80013999999999
1597 59.80013999999999
1598 59.80013999999999
1599 59.80013999999999
1600 59.80013999999999
1601 59.80013999999999
1602 59.80013999999999
1603 59.80013999999999
1604 59.80013999999999
1605 59.80013999999999
1606 59.80013999999999
1607 59.80013999999999
1608 59.80013999999999
1609 59.80013999999999
1610 59.80013999999999
1611 59.80013999999999
1612 59.80013999999999
1613 59.80013999999999
1614 59.80013999999999
1615 59.80013999999999
1616 59.80013999999999
1617 59.80013999999999
1618 59.80013999999999
1619 59.80013999999999
1620 59.80013999999999
1621 59.80013999999999
1622 59.80013999999999
1623 59.80013999999999
1624 59.80013999999999
1625 59.80013999999999
1626 59.80013999999999
1627 59.80013999999999
1628 59.80013999999999
1629 59.80013999999999
1630 59.80013999999999
1631 59.80013999999999
1632 59.80013999999999
1633 59.80013999999999
1634 59.80013999999999
1635 59.80013999999999
1636 59.80013999999999
1637 59.80013999999999
1638 59.80013999999999
1639 59.80013999999999
1640 59.80013999999999
1641 59.80013999999999
1642 59.80013999999999
1643 59.80013999999999
1644 59.80013999999999
1645 59.80013999999999
1646 59.80013999999999
1647 59.80013999999999
1648 59.80013999999999
1649 59.80013999999999
1650 59.80013999999999
1651 59.80013999999999
1652 59.80013999999999
1653 59.80013999999999
1654 59.80013999999999
1655 59.80013999999999
1656 59.80013999999999
1657 59.80013999999999
1658 59.80013999999999
1659 59.80013999999999
1660 59.80013999999999
1661 59.80013999999999
1662 59.80013999999999
1663 59.80013999999999
1664 59.80013999999999
1665 59.80013999999999
1666 59.80013999999999
1667 59.80013999999999
1668 59.80013999999999
1669 59.80013999999999
1670 59.80429999999999
1671 59.80013999999999
1672 59.80013999999999
1673 59.80013999999999
1674 59.80013999999999
1675 59.80013999999999
1676 59.80013999999999
1677 59.80013999999999
1678 59.80013999999999
1679 59.80013999999999
1680 59.80013999999999
1681 59.80013999999999
1682 59.80013999999999
1683 59.80013999999999
1684 59.80013999999999
1685 59.80013999999999
1686 59.80013999999999
1687 59.80013999999999
1688 59.80013999999999
1689 59.80429999999999
1690 59.80013999999999
1691 59.80013999999999
1692 59.80013999999999
1693 59.80013999999999
1694 59.80013999999999
1695 59.80013999999999
1696 59.80013999999999
1697 59.80013999999999
1698 59.80013999999999
1699 59.80013999999999
1700 59.80013999999999
1701 59.80013999999999
1702 59.80013999999999
1703 59.80013999999999
1704 59.80013999999999
1705 59.80013999999999
1706 59.80013999999999
1707 59.80013999999999
1708 59.80013999999999
1709 59.80013999999999
1710 59.80013999999999
1711 59.80013999999999
1712 59.80013999999999
1713 59.80013999999999
1714 59.80013999999999
1715 59.80013999999999
1716 59.80013999999999
1717 59.80013999999999
1718 59.80013999999999
1719 59.80013999999999
1720 59.80013999999999
1721 59.80013999999999
1722 59.80013999999999
1723 59.80013999999999
1724 59.80013999999999
1725 59.80013999999999
1726 59.80013999999999
1727 59.80013999999999
1728 59.80013999999999
1729 59.80013999999999
1730 59.80013999999999
1731 59.80013999999999
1732 59.80013999999999
1733 59.80013999999999
1734 59.80013999999999
1735 59.80013999999999
1736 59.80013999999999
1737 59.80013999999999
1738 59.80013999999999
1739 59.80013999999999
1740 59.80013999999999
1741 59.80013999999999
1742 59.80013999999999
1743 59.80013999999999
1744 59.80013999999999
1745 59.80013999999999
1746 59.80013999999999
1747 59.80013999999999
1748 59.80013999999999
1749 59.80013999999999
1750 59.80013999999999
1751 59.80013999999999
1752 59.80013999999999
1753 59.80013999999999
1754 59.80013999999999
1755 59.80013999999999
1756 59.80013999999999
1757 59.80013999999999
1758 59.80013999999999
1759 59.80013999999999
1760 59.80013999999999
1761 59.80013999999999
1762 59.80013999999999
1763 59.80013999999999
1764 59.80013999999999
1765 59.80013999999999
1766 59.80013999999999
1767 59.80013999999999
1768 59.80013999999999
1769 59.80013999999999
1770 59.80013999999999
1771 59.80013999999999
1772 59.80013999999999
1773 59.80013999999999
1774 59.80013999999999
1775 59.80013999999999
1776 59.80013999999999
1777 59.80013999999999
1778 59.80013999999999
1779 59.80013999999999
1780 59.80013999999999
1781 59.80013999999999
1782 59.80013999999999
1783 59.80013999999999
1784 59.80013999999999
1785 59.80013999999999
1786 59.80013999999999
1787 59.80013999999999
1788 59.80013999999999
1789 59.80013999999999
1790 59.80013999999999
1791 59.80013999999999
1792 59.80013999999999
1793 59.80013999999999
1794 59.80013999999999
1795 59.80013999999999
1796 59.80013999999999
1797 59.80013999999999
1798 59.80013999999999
1799 59.80013999999999
1800 59.80013999999999
